<?xml version="1.0" encoding="UTF-8"?>
<robot generator="Robot 7.2 (Python 3.13.1 on win32)" generated="2025-02-24T15:02:34.280742" rpa="false" schemaversion="5">
<suite id="s1" name="Test001" source="D:\roobot framework\wingUAT\test001.robot">
<test id="s1-t1" name="Launch WingPay App" line="14">
<kw name="Open Application" owner="AppiumLibrary">
<arg>${REMOTE_URL}</arg>
<arg>platformName=${PLATFORM_NAME}</arg>
<arg>deviceName=${DEVICE_NAME}</arg>
<arg>appPackage=${APP_PACKAGE}</arg>
<arg>appActivity=${APP_ACTIVITY}</arg>
<arg>noReset=${NO_RESET}</arg>
<arg>dontStopAppOnReset=${DONT_STOP_APP}</arg>
<arg>autoGrantPermissions=${TRUE}</arg>
<doc>Opens a new application to given Appium server.
Capabilities of appium server, Android and iOS,
Please check https://appium.io/docs/en/2.1/cli/args/
| *Option*            | *Man.* | *Description*     |
| remote_url          | Yes    | Appium server url |
| alias               | no     | alias             |
| strict_ssl          | No     | allows you to send commands to an invalid certificate host like a self-signed one. |</doc>
<status status="PASS" start="2025-02-24T15:02:34.551546" elapsed="16.243061"/>
</kw>
<kw name="Wait Until Element Is Visible" owner="AppiumLibrary">
<msg time="2025-02-24T15:02:53.019279" level="INFO">xpath criteria: //androidx.compose.ui.platform.ComposeView/android.view.View/android.view.View/android.view.View/android.view.View[4]/android.widget.Button</msg>
<arg>//androidx.compose.ui.platform.ComposeView/android.view.View/android.view.View/android.view.View/android.view.View[4]/android.widget.Button</arg>
<arg>10s</arg>
<doc>Waits until element specified with `locator` is visible.</doc>
<status status="PASS" start="2025-02-24T15:02:50.795380" elapsed="2.224055"/>
</kw>
<kw name="Click Element" owner="AppiumLibrary">
<msg time="2025-02-24T15:02:53.022091" level="INFO">Clicking element '//androidx.compose.ui.platform.ComposeView/android.view.View/android.view.View/android.view.View/android.view.View[4]/android.widget.Button'.</msg>
<msg time="2025-02-24T15:02:53.913281" level="INFO">xpath criteria: //androidx.compose.ui.platform.ComposeView/android.view.View/android.view.View/android.view.View/android.view.View[4]/android.widget.Button</msg>
<arg>//androidx.compose.ui.platform.ComposeView/android.view.View/android.view.View/android.view.View/android.view.View[4]/android.widget.Button</arg>
<doc>Click element identified by `locator`.</doc>
<status status="PASS" start="2025-02-24T15:02:53.020845" elapsed="0.892507"/>
</kw>
<kw name="Wait Until Element Is Visible" owner="AppiumLibrary">
<msg time="2025-02-24T15:02:53.987654" level="INFO">xpath criteria: //android.widget.EditText</msg>
<arg>//android.widget.EditText</arg>
<doc>Waits until element specified with `locator` is visible.</doc>
<status status="PASS" start="2025-02-24T15:02:53.913635" elapsed="0.074094"/>
</kw>
<kw name="Input Text" owner="AppiumLibrary">
<msg time="2025-02-24T15:02:53.988930" level="INFO">Typing text '086938457' into text field '//android.widget.EditText'</msg>
<msg time="2025-02-24T15:02:54.068304" level="INFO">xpath criteria: //android.widget.EditText</msg>
<arg>//android.widget.EditText</arg>
<arg>086938457</arg>
<doc>Types the given `text` into text field identified by `locator`.</doc>
<status status="PASS" start="2025-02-24T15:02:53.988029" elapsed="0.080469"/>
</kw>
<kw name="Wait Until Element Is Visible" owner="AppiumLibrary">
<msg time="2025-02-24T15:02:54.237068" level="INFO">xpath criteria: //androidx.compose.ui.platform.ComposeView/android.view.View/android.view.View/android.view.View/android.view.View[2]/android.widget.Button</msg>
<arg>//androidx.compose.ui.platform.ComposeView/android.view.View/android.view.View/android.view.View/android.view.View[2]/android.widget.Button</arg>
<arg>10s</arg>
<doc>Waits until element specified with `locator` is visible.</doc>
<status status="PASS" start="2025-02-24T15:02:54.068853" elapsed="0.168327"/>
</kw>
<kw name="Click Element" owner="AppiumLibrary">
<msg time="2025-02-24T15:02:54.239100" level="INFO">Clicking element '//androidx.compose.ui.platform.ComposeView/android.view.View/android.view.View/android.view.View/android.view.View[2]/android.widget.Button'.</msg>
<msg time="2025-02-24T15:02:54.388748" level="INFO">xpath criteria: //androidx.compose.ui.platform.ComposeView/android.view.View/android.view.View/android.view.View/android.view.View[2]/android.widget.Button</msg>
<arg>//androidx.compose.ui.platform.ComposeView/android.view.View/android.view.View/android.view.View/android.view.View[2]/android.widget.Button</arg>
<doc>Click element identified by `locator`.</doc>
<status status="PASS" start="2025-02-24T15:02:54.237620" elapsed="0.151245"/>
</kw>
<kw name="Wait Until Element Is Visible" owner="AppiumLibrary">
<msg time="2025-02-24T15:02:57.028527" level="INFO">xpath criteria: //android.widget.EditText</msg>
<arg>//android.widget.EditText</arg>
<arg>10s</arg>
<doc>Waits until element specified with `locator` is visible.</doc>
<status status="PASS" start="2025-02-24T15:02:54.389279" elapsed="2.639320"/>
</kw>
<kw name="Input Text" owner="AppiumLibrary">
<msg time="2025-02-24T15:02:57.029811" level="INFO">Typing text '123456' into text field '//android.widget.EditText'</msg>
<msg time="2025-02-24T15:02:57.132208" level="INFO">xpath criteria: //android.widget.EditText</msg>
<arg>//android.widget.EditText</arg>
<arg>123456</arg>
<doc>Types the given `text` into text field identified by `locator`.</doc>
<status status="PASS" start="2025-02-24T15:02:57.028894" elapsed="0.103446"/>
</kw>
<kw name="Sleep" owner="BuiltIn">
<msg time="2025-02-24T15:03:02.134112" level="INFO">Slept 5 seconds.</msg>
<arg>5s</arg>
<doc>Pauses the test executed for the given time.</doc>
<status status="PASS" start="2025-02-24T15:02:57.133094" elapsed="5.001258"/>
</kw>
<kw name="Capture Page Screenshot" owner="AppiumLibrary">
<msg time="2025-02-24T15:03:02.509328" level="INFO" html="true">&lt;/td&gt;&lt;/tr&gt;&lt;tr&gt;&lt;td colspan="3"&gt;&lt;img src="data:image/png;base64, iVBORw0KGgoAAAANSUhEUgAABQAAAAsoCAYAAACjJAPxAAAAAXNSR0IArs4c6QAAAARzQklUCAgI
CHwIZIgAACAASURBVHic7N15lFTlnTfwX3WD7CB7C2KroGhwjUsSFBKNiTpRx2gy45IEEgcZxdcN
NZAYgaCCCy5o3I4ziROT0TNxyTCjERNjUDEIgrJFESFggyxCg8jadNf7hy/90kBDVXdXVXP5fM7J
Oam6z73P71Jtdde3niWVTqfTAQAAAAAkUlGhCwAAAAAAckcACAAAAAAJJgAEAAAAgAQTAAIAAABA
ggkAAQAAACDBBIAAAAAAkGACQAAAAABIMAEgAAAAACSYABAAAAAAEkwACAAAAAAJJgAEAAAAgAQT
AAIAAABAggkAAQAAACDBBIAAAAAAkGACQAAAAABIMAEgAAAAACSYABAAAAAAEkwACAAAAAAJJgAE
AAAAgAQTAAIAAABAggkAAQAAACDBBIAAAAAAkGACQAAAAABIMAEgAAAAACSYABAAAAAAEkwACAAA
AAAJJgAEAAAAgAQTAAIAAABAggkAAQAAACDBBIAAAAAAkGACQAAAAABIMAEgAAAAACSYABAAAAAA
EkwACAAAAAAJJgAEAAAAgAQTAAIAAABAggkAAQAAACDBBIAAAAAAkGACQAAAAABIMAEgAAAAACSY
ABAAAAAAEkwACAAAAAAJJgAEAAAAgAQTAAIAAABAggkAAQAAACDBBIAAAAAAkGACQAAAAABIMAEg
AAAAACSYABAAAAAAEkwACAAAAAAJJgAEAAAAgAQTAAIAAABAggkAAQAAACDBBIAAAAAAkGACQAAA
AABIsCaFLgAKIZ1OR1VVVTzzzDPx1ltvxfr166Oqqmq35xQVFUXLli3jhBNOiH/6p3+K4uLiSKVS
eao4d9atWxfPPPNMzJ49O9atW5fROW3atImjjjoqLrzwwmjTpk2OKwQAAADqI5VOp9OFLgLypaqq
KpYuXRp33nlnVFRU7DH0q00qlYqmTZvG9ddfHwcffPBeGQSuWrUqRo0aFZs3b67XdZo1axYjRoyI
jh07NlBlAAAAQEMSALJPSKfTsWbNmhg+fHg09I9869at4+67795rQsDy8vIYNmxYTq49duzYaN++
fU6uDQAAkK01a9bE+vXrY+PGjdGiRYto3bp1tGvXrtBl5V1FRUU0bdo0b/3NmzcvJkyYsMd25557
bhx++OF5qAhTgEm8qqqqGDduXHz44YcNHv5FRGzYsKHBr5kLVVVVMWLEiFixYkXO+hg2bFh06dIl
fv7zn+81gSgAALD3W7lyZXzwwQdRVlYWS5YsiWXLlsWaNWtqbb///vtHSUlJlJSURGlpaRx++OHR
qVOnPFacPxMmTIjevXvnPWibN29eXvtj9wSAJNrmzZvjmmuuyUnwt01VVVW88cYbceqpp0ZExNat
W6NJk8b1n9aGDRvi+uuvz+m/wzYrVqyIK664Iu65555o2bJlzvsDAAD2TZ988kn88Y9/jLfffjs+
/fTTrM5ds2ZNrFmzJt57773q59q2bRsnnHBCnHHGGYkJAydMmBD/8z//E7179y50KRRY40op9hHr
16+PTz/9NCorK6Nly5bRqlWraNasWd7rqKioiHXr1sWGDRuiuLg4WrZsGW3btm2wkVuFvs9Vq1bF
zTffnJfQa+LEiXHKKadEKpWK8ePHx/e+973o0qVLzvvNxLJly2LEiBF57TOdTsd1110Xo0aNipKS
krz2DQAAJFc6nY65c+fGK6+8EnPmzGnQz3uffvpp/PnPf45XX301jjrqqDj99NPjC1/4QoNdP9+2
hX8QIQDMm08//TSmTJkSU6dOjUWLFu10/IgjjogTTjghjj/++JzuqppOp2PmzJkxderUmDVrVmza
tKnG8U6dOsVJJ50UX/nKV6Jr165ZX7+x3Oe28K+um3xka/tptUceeWTccsstMXr06OjcuXNe+q/N
xx9/HCNHjixY/yNGjIgRI0ZEt27dClYDAACQDEuXLo3nnnsuZs6cmdN+0ul0zJo1K2bNmhXHHnts
XHjhhXX6fFxI+Qz/JkyYUOfpvrtaJ9C6gLlhE5A8mDFjRvznf/5nrF27do9t27dvH//0T/8UX/zi
Fxu8jnXr1sUvf/nLmDNnzh7bNm3aNC644II47bTTMh4R2Fjuc/PmzXHttdfmLfyL+HxX4IcffjhS
qVRMnz49Hn300SgqKop77rknWrRokbc6trdhw4a47rrrCtL3ju69917TgQEAgDqprKyM559/Pl5+
+eW8zPDaUVFRUXzjG9+If/zHf4zi4uK895+tXYV/Q4cOzUmolqug8Zxzzolzzz23wa+7LysqdAFJ
99JLL8UjjzyyUyjWqVOn6NmzZ3To0KHG8+Xl5fHoo4/GlClTGrSO9evXx0MPPbRT+Ne2bds47LDD
orS0tMbzFRUV8fTTT8fEiRMzun5juc+qqqq45ppr8hr+bVNWVhYRUT3NuaqqKq677rqC1LJtCm5j
cd111xXkFzUAALB3Kysri9tvvz0mTpxYsM8UVVVV8dJLL8Xtt99e/bmvscr3tN9cbfRh6nLDMwU4
h95555149tlnqx83bdo0zj///DjxxBNj//33r35+9erVMWXKlHj++eern/v1r38d3bp1ix49ejRI
LS+++GIsWLCg+nHPnj3jggsuiEMPPTSKij7PgTds2BBTpkyJZ555JioqKiIi4tlnn43evXvHwQcf
3OjvM51Ox913312wXwpLly6NHj16RHl5eY2a7rjjjhg2bFhed8UdPXp03vrK1OjRo+OWW24pdBkA
AMBe4t13343HH388tmzZUuhSIuLzMPKOO+6If/mXf4ljjz220OXspBBr/tnpd+9hBGCObNq0KZ56
6qnqx02bNo3rr78+zjjjjBqhWEREhw4d4uyzz44f/vCH1c9VVFTEyy+/3CC1LF26tMa1Dj300Ljq
qquiV69e1eFfRETLli3jtNNOi3/913+tcf6LL75Y67Ub032uXbu2RsiZT+l0Oj777LOIiJ1qWLRo
UaxevTpvtaxZsyaWLFmSt/4ytWTJklizZk2hywAAABq5dDodL7zwQjz88MONJvzbZsuWLfHwww/H
Cy+80KhmOdnwgz0RAObI3Llza4wEO/fcc+PQQw/d7Tlf+tKXomfPntWPp02bFhs2bKh3LTNmzKjx
+IILLtjtemxHHXVUnHrqqdWP33nnnVi2bNku2zaW+6yqqophw4YV9A24srKyekeq7aXT6fjJT36S
t6nAP/7xj/PST1005toAAIDCS6fT8etf/zp+//vfN6qAbXvpdDp+//vfx29+85uCLPm0I+EfmTAF
OEc+/PDDGo+PP/74PZ6TSqXiuOOOqz63srIyli1btsdAbXeqqqrizTffrH5cWloavXr12uN5X/7y
l+P111+vfjx//vwoKSnZqV1juc9ly5YV/JdDy5YtI51Ox/r163d5/KOPPtpprcWGtnTp0pxevyEs
WbIkunfvXugyAACARuixxx6L6dOnF7qMjLz22muxfv36GDx4cMFq+NOf/hR9+/aNvn371ni+adOm
1Ut7RXy+/j/7NgFgjnz22WfVU2BTqdROm2DUpn379jUe1xYmbVNeXh7r1q2Lrl27Vm8+sb1PPvkk
Vq5cWf34mGOOyWgtuoMPPrjGG8b8+fNrjArcJl/3uTvpdDrGjh27y2Pb7rVZs2bRrVu36NmzZxx0
0EGx//77R1FRUaxZsybee++9+OSTT2Lp0qXx6aef1ilITKVS0a5du0ilUjXeZLd39913x/jx43O6
FuCYMWNydu2GMnbs2HjggQcKXQYAANAIHXnkkXtNABjxeb2FMmHChHjzzTfj61//esFqYO8hAMyR
7de5y8aO4dDuwqLJkyfHE088ERERXbt2jWuuuSY6duxYo8324V9ERLdu3TKqo2nTptGzZ8947733
IiJi8eLFu2yXj/vck6qqqp1Ct1QqFQcffHB8+9vfrrHV+V//+teYOHFijZ2bmjZtGvfff391DatW
rYr//u//jrfeeisiIqNAMJ1OR/fu3WPFihW1tq+oqIjKyspo0iQ3/9lVVVU1uvUxdmXLli1RWVkZ
xcXFhS4FAABoZPr37x8fffRRTJo0qdCl7FH//v2jf//+Bel727TfHTMAqI0AsJHZMbCrbUTdtjUH
tlm+fHlMmzYtzjzzzBrtdtx0YceNOXanc+fO1QHgkiVLoqKiIpo2bZrx+buT6X1m4ne/+12NdRfO
PffcOPvss6s3OFmxYkU8+OCDsXLlyl2Gc9dcc02NzVA6deoUP/zhD2PgwIHxt7/9LR544IE9hoBF
RUWx//77x7333ltrm3Q6HU8//XRceuml2d5iRn71q1/l5Lq58MQTT8SPfvSjQpcBAAA0QhdffHGs
Xr06Zs+eXehSanXUUUfFxRdfXJC+rflHXdgEpBGpqKjYab2+Aw44oNb2mYya23FqbfPmzTOup3Xr
1jUeb9y4MeNzdyfb+9yddDodU6dOjVQqFX369ImHH344zjnnnCgqKoqtW7fG1VdfHbfccstuR+Yd
fPDBOz2XSqWiqKio+pqXX375buvY1v6DDz7Ybbu3334743vLVmP+5bijHTdKAQAA2KaoqCgGDRoU
Xbt2LXQpu9S1a9cYNGhQjYEk+SL8o64EgI1EOp2OCRMmxPLly6uf+9a3vlVryJdKpeLCCy+sHpHX
o0ePOPnkk3dqt3nz5hqPs5l+umPb2ta2y0a297knqVQqNmzYEOPHj4+rr746ioqKoqqqKsaMGRP/
5//8nz1Oid0W3O2pzQknnBCPPvpotGjRYpdtevXqVSPUrE1Dhai7Up91FPNt3bp1hS4BAABoxJo3
bx5Dhgyp9TNYobRo0SKGDBmS1eCahrKr8G93n6XnzZtX/T8wBbjAqqqqYvHixfHyyy/HtGnTqp8/
44wz4phjjtntuSeddFIceeSRsX79+ujYseMuw70dtyTPZt21Hdtu3bo143N3VUdd73N3Nm3aFA89
9FD14w0bNsR1112X8flt27bN6lube+65J/7zP/9zp/Uovve978WIESP2OFU4V1vE7xj0AgAA7O22
jbTLZFmmfEilUgUbmVjbyL9WrVpl1H7o0KE11sdn3yMAzLPHHnssKisrI+LzHXRXrFgRn376aY02
5513Xpx99tkZjYpr3br1TlN1t9eQb5LZhFcNfZ+12f5bl48//jhGjRqV1fnZ7thUVFQUl1xySXTv
3j2eeuqpSKfTUVRUFPPmzctZuJeJl156qWB9AwAA5EqfPn3i/PPPj+eee67QpcT5558fffr0yXu/
u5v221Dr9JN8AsA829MacElJ5fN9n8uXL49Ro0ZlHXj26NEj675SqVR87Wtfi1QqFb/97W/jG9/4
Rjz55JNZX6chvf/++wXtHwAAIFfOOuus+Oijj2rMJsu3E088Mc4666y892vNPxqKNQAbmX/7t3+L
P//5zwUdTZYPDXmfW7ZsiZEjR9ZptGO7du3q3G///v3juOOOi1dffbXgw9FXrFhR0P4BAAByaeDA
gXUawNEQevToEQMHDsx7v8I/GpIRgHl2ww03VIdFmzZtinXr1sW8efNi+vTpsWXLllizZk089dRT
MX/+/Bg4cOBeO5w3X/dZVVUV11xzTcEC0+bNm1t/DwAAIMeaNm0aQ4YMidtuuy2vmwq2adMmhgwZ
kvfP5sI/GpoAMM8OO+ywnZ475ZRT4rzzzovf/e53MX369IiImDZtWnTo0CEuvPDCevVXn/X16nOt
fN3n6NGj6xX+7bguYTYmT54cf/3rX+t8fkPq0qVLve4FAACgsWvfvn1cccUVMW7cuOo153OpuLg4
rrjiimjfvn3O+9qe8I9cMAW4kejYsWMMHDgwjjjiiOrnJk6cGMuXL6/Xdffbb78aj7N5k9xx199s
dsutTUPf5xe+8IV61VNWVlan895444349a9/Xa++G1Lv3r0LXQIAAEDO9ezZMy666KK89HXRRRdF
z54989LXNsI/ckUA2Ig0a9YsvvGNb9R4btasWfW6Zn0CwIqKit1eq64a8j779+9fr1rmzp2bVfuq
qqp4+umn4z/+4z8Kvu7f9r75zW8WugQAAIC86N+/f70/CzaGPnYk/COXTAFuZHb8duHvf/97va7X
qlWrGo83bNiQ8bk7tm3RokW9atleQ91n165do6ioqM7TgNeuXRtVVVUZj268/vrrY+PGjXXqK6Jh
RlHuSvPmzXNyXQAAgMbo4osvjtWrV8fs2bMb/NpHHXVUXHzxxQ1+3d0R/pFrRgA2Mi1atKgR2tV3
Xbcd1ypYs2ZNxuduPy23S5cu0axZs3rVsr2Gus90Ol2v8CudTu9xJF86nY533303Bg8eXK/wLyK3
QV2bNm1ydu2GtjfVCgAAND5FRUUxaNCg6Nq1a4Net2vXrjFo0KCcDd7YFeEf+WAEYA6k0+m44447
qkellZaWxqWXXprRuVVVVbFp06bqx/UdddexY8caj8vKyuKEE07Y43kVFRWxePHi6scHH3zwTm0a
w32mUqk47rjjYvLkyXU+/6OPPtrp/raFgu+//37cf//9DbbL8HHHHdcg19mVPn36NJpNSfakT58+
hS4BAADYyzVv3jyGDBkSY8aMqfdgjYjPP5cOGTIkrzOshH/kixGAOZBKpWLz5s2xaNGiWLRoUbz/
/vsZrxe3du3aGuv01Xe3oY4dO8YBBxxQ/fjdd9/NqJbFixfXCOh2tfBpY7nPiy++uM67HafT6bjn
nnuiqqqqejTg6tWr4z/+4z/iiiuuiPvuu6/Bwr9UKpXTYeQ/+MEPcnbthjZgwIBClwAAACTAthF7
df1MuE0qlcrJiMLdEf6RT0YA5kjv3r1j6dKlEfH5VNqFCxfGoYceusfz5syZU+Nxr1696lVHKpWK
448/Pj7++OOIiFiyZEl88MEHcfjhh+/2vB1HktW2225juM+mTZtGkyZNdtq0JFObN2+Ohx56KMrK
ymLNmjU529yjadOm0bRp05xcO+LzLer322+/2LJlS876aAj77bdfXofTAwAAydanT584//zz47nn
nqvzNc4///y8zlQS/pFvPoXnyI5TPf/rv/5rjxtwrFq1KiZMmFD9uGXLltG7d+/dnlNeXh6LFy+O
zZs319rmpJNOqvH42WefrTG6b0fz5s2LSZMmVT/u06dPdOnSZZdt83Wfu5NKpeLqq6+u8/kRn+9M
vHbt2pzu7Hv11VfX+1upPRk2bFhOr98Qhg8fXugSAACAhDnrrLPixBNPrNO5J554Ypx11lkNXFHt
hH8UggAwR3r37l3jzWfBggVx3333xbx583aaUlpRURHvvvtu3HvvvTU26TjvvPN2u1nC5MmTY9iw
YXHbbbfFbbfdFqtWrdplu27dutXYvnzhwoXx6KOPVo8K3KaysjKmT58ejz32WI3nzzvvvILeZyYO
O+ywep0/ffr0nO/yVN/RnJno3r17zvuor27duhW6BAAAIIEGDhwYPXr0yOqcHj16xMCBA3NT0C7k
M/w7/PDDq/8HqXQuhzzt4z799NN46KGHYuHChTWe79ixYxx00EHRunXr+PTTT2PhwoU77YLbt2/f
+P73v1/rVMl0Oh3Dhg2rEaRdcMEFceaZZ+6y/WeffRb33ntvlJWV1Xi+V69e0bVr19iyZUssWLBg
pxDxnHPOiXPPPbdg95mNZcuWxciRI+s8im/bcO8dpyfXVyqVilGjRuVtLYny8vJGOxLwjjvuiP33
37/QZQAAAAlVXl4et912W6xbt26Pbdu0aRM//elP6732fqZyEf716tUrbrzxxga9ZjYGDx6cs2s/
+uijObv2vsgIwBxq27ZtDBkyJL785S/XeH7VqlUxY8aMeO211+Ldd9/dKRT7h3/4h7jkkkv2GIpl
M520devWMWTIkJ0285g/f3688cYbMXXq1J3Cv29961txzjnn7PHaub7PTHXt2rXGhifZmjt3blxy
ySUZrWGYjW7dutU6hToX2rdv3yhHAnbv3l34BwAA5FT79u3jiiuuiOLi4t22Ky4ujiuuuGKvDv8g
G8UjR44cWegikqxZs2Zx3HHHRe/evSOdTseKFStq7H67TatWreLUU0+N733ve3HyySfv8c0qlUpF
u3btYtasWVFVVRU9evSIb3/729GiRYtaz2nRokWcfPLJ0b59+1i1atUuvxFp2rRpnHDCCTFgwID4
0pe+lHHImKv7zEYqlYp+/frFCy+8UOdrTJo0KW699dYoKyuL5cuXN0hNY8eOzfumF/379290v1zu
uuuunK+BCAAA0KFDh2jTpk3MmjWr1jaXXHJJHH/88XmpJ5fhX4cOHeKUU07JybUzkcvPnXuajUh2
TAHOs4qKili+fHl89tlnsWXLlmjevHm0adMmunTpUqcw7LPPPov169dHx44do0mTzDd1TqfTsXr1
6li9enVs2rQpmjRpEq1atYouXbpE8+bNs65jRw19n9n47LPP4oYbbqjzVOB27drF2LFjY+bMmfHI
I4/U+TqpVCruvvvuaN26dZ3Or6+NGzfGtddeW5C+d3TfffftNpwGAABoaL/5zW9qbHC5Tf/+/ePS
Sy/NSw25Hvl34IEHxs9+9rOdnp83b168//771Y9zFaaZArz3EACSSIsWLYoxY8bUObzr2bNn3Hjj
jVFZWRnXX3/9bndZ3pVUKhXDhw+P0tLSOvXfUJYuXRqjRo0qaA0jR46s19RsAACAuqiqqopf/OIX
MXv27OrnjjrqqBgyZEheZmnlY9pvx44d4/bbb99j30OHDs3JZiACwL2HNQBJpNLS0hg+fHidp5x+
+OGHce+990ZxcXHcf//9ceWVV0ZxcXFG19sW/h100EHVzxUqZ+/WrVtBA8BRo0YJ/wAAgIIoKiqK
QYMGVW/I2LVr1xg0aFBiwr8ks3NxwxMAklilpaVx55131jkEfP/99+Pmm2+OiIhjjz02fvGLX8R1
110XnTt3jlQqtcvrplKpuOuuu+Kggw6Khx56KF599dWYM2dOPP7441FVVVWv+6mrkpKSuPfee/O6
/l4qlYp77703SkpK8tYnAADAjpo3bx5DhgyJDh06xJAhQxpkyas92ZfCv0w2Dq0L6/81PFOASbyt
W7fG6NGjY/ny5XUaidekSZP4+c9/Hh06dIhUKhXpdDqqqqpi4cKFMXHixHj33XcjlUpFp06dYuTI
kdVrMU6ZMiWOOOKI+MMf/hBlZWVx3XXX5X0zkO1VVVXFqFGjYtmyZTntp6SkJEaOHGnDDwAAoNHY
vHlzNGvWLOf9VFRUxMKFC3PezzZNmzaNQw45ZKfn582bV+NxLkfUzZs3LyZMmNAg19pWpwCw4QkA
2Sek0+lYsmRJjB49uk7np1Kp6mBrV9fevt32z28LDHc8Vkjl5eUxbNiwnFx77Nix0b59+5xcGwAA
AKgbASD7lHQ6HbNnz45HH300tm7dmvWIwFQqFUcffXQMGjQo9ttvvxxVmR+rVq2KUaNGZb3ByY6a
NWsWI0aMiI4dOzZQZQAAAEBDEgCyT0qn07Fly5Z4+umnY8aMGbFp06Y9rtFXVFQUzZs3j+OOOy4u
vvjivT4A3N4TTzwRs2bNinXr1mXUvk2bNnH00UfHgAEDclwZAAAAUF8CQPh/Pv7445g0aVLMnTs3
ysvLI51OR4cOHeILX/hC9O/ff5/ZzXbjxo3x1FNPxaJFi6K8vDwiItq3bx+lpaVx0UUXRYsWLQpc
IQAAAJANASAAAAAAJFjhtiQFAAAAAHJOAAgAAAAACSYABAAAAIAEEwACAAAAQIIJAAEAAAAgwQSA
AAAAAJBgAkAAAAAASDABIAAAAAAkmAAQAAAAABJMAAgAAAAACSYABAAAAIAEEwACAAAAQIIJAAEA
AAAgwQSAAAAAAJBgAkAAAAAASDABIAAAAAAkmAAQAAAAABJMAAgAAAAACSYABAAAAIAEEwACAAAA
QIIJAAEAAAAgwQSAAAAAAJBgAkAAAAAASDABIAAAAAAkmAAQAAAAABJMAAgAAAAACSYABAAAAIAE
EwACAAAAQIIJAAEAAAAgwQSAAAAAAJBgAkAAAAAASDABIAAAAAAkmAAQAAAAABJMAAgAAAAACSYA
BAAAAIAEEwACAAAAQIIJAAEAAAAgwQSAAAAAAJBgAkAAAAAASDABIAAAAAAkmAAQAAAAABJMAAgA
AAAACSYABAAAAIAEEwACAAAAQIIJAAEAAAAgwQSAAAAAAJBgAkAAAAAASDABIAAAAAAkmAAQAAAA
ABJMAAgAAAAACSYABAAAAIAEEwACAAAAQIIJAAEAAAAgwQSAAAAAAJBgAkAAAAAASDABIAAAAAAk
mAAQAAAAABJMAAgAAAAACSYABAAAAIAEEwACAAAAQIIJAAEAAAAgwQSAAAAAAJBgAkAAAAAASDAB
IAAAAAAkmAAQAAAAABJMAAgAAAAACSYABAAAAIAEEwACAAAAQIIJAAEAAAAgwQSAAAAAAJBgAkAA
AAAASDABIAAAAAAkmAAQAAAAABJMAAgAAAAACSYABAAAAIAEEwACAAAAQIIJAAEAAAAgwQSAAAAA
AJBgAkAAAAAASDABIAAAAAAkmAAQAAAAABJMAAgAAAAACSYABAAAAIAEEwACAAAAQIIJAAEAAAAg
wQSAAAAAAJBgAkAAAAAASDABIAAAAAAkmAAQAAAAABJMAAgAAAAACSYABAAAAIAEEwACAAAAQIIJ
AAEAAAAgwQSAAAAAAJBgAkAAAAAASDABIAAAAAAkmAAQAAAAABJMAAgAAAAACSYABAAAAIAEEwAC
AAAAQIIJAAEAAAAgwQSAAAAAAJBgAsDdGDduXNx6662FLgMAAAAA6qxJoQtorMaPHx/Dhg2LiIhm
zZrFDTfcEKlUqsBVAQAAAEB2Uul0Ol3oIhqTysrKePLJJ+Oyyy6LysrKiIgoKiqKX/ziFzFo0KAo
Li4ucIUAAAAAkDlTgHfw5JNPxsCBA6vDv4iIqqqquOKKK+KRRx4pYGUAAAAAkD0jALczfvz4eMac
YQAAIABJREFUuP7662uEf9vr0aNHzJ07N1q3bp3nygAAAACgbowA/H/GjRsXQ4cOrTX8O+CAA+KV
V14R/gEAAACwV9nnRwBWVVXF/fffHzfddFNs3bp1l21KS0tjxowZ0b59+zxXBwAAAAD1s08HgFVV
VfGb3/wmBgwYELX9M5SWlsbs2bON/AMAAABgr7RPTwG+//77dxv+HXDAATFjxgzhHwAAAAB7rX02
ABw3blzcdNNNtYZ/3bt3j0mTJpn2CwAAAMBebZ+cAjxmzJi45ZZbal3zr6SkJKZNmxbdu3fPc2UA
AAAA0LD2qQCwsrIynnzyybjssstq3e33kEMOiZkzZ5r2CwAAAEAi7FMB4BNPPBEDBw6s9Xjnzp1j
wYIFwj8AAAAAEmOfWQNw/Pjxcdlll9V6vHv37jFt2jThHwAAAACJsk8EgOPGjYuhQ4fWOu33gAMO
iFdffTUOOuigPFcGAAAAALmV6CnAVVVVcf/998dNN91U64YfpaWlMWPGDLv9AgAAAJBIiQ0Aq6qq
4je/+U0MGDAgarvF0tLSmD17tmm/AAAAACRWYqcA33///bsN/w444ICYMWOG8A8AAACAREtkADhu
3Li46aabag3/unfvHpMmTTLtFwAAAIDES9wU4DFjxsQtt9xS65p/JSUlMW3atOjevXueKwMAAACA
/EtMAFhZWRlPPvlkXHbZZbXu9tu1a9d4++23G82031QqFW3bti10GQAAAAAkWGICwCeeeCIGDhxY
6DKysv/++0d5eXmhywAAAAAgwRKxBuD48ePjsssuK3QZAAAAANDo7PUB4Lhx42Lo0KG1TvsFAAAA
gH3ZXh8Abty4sdAlAAAAAECjtdcHgDfffHPcdtttUVS0198KAAAAADS4RKRmN954Yzz44IOFLgMA
AAAAGp0mhS6gIaRSqbj88sujsrIyrrnmmqiqqtplu27dusXkyZOjVatWea5w14xaBAAAACDXUul0
Ol3oIhrSmDFj4pZbbomtW7fu8nhJSUlMmzYtunfvnufKAAAAACD/EjcEbfjw4TFy5MgoLi7e5fFl
y5ZF3759Y/HixXmuDAAAAADyL3EjALcZO3ZsDB8+vNbj3bt3j3nz5kXLli3zWBUAAAAA5FfiRgBu
c+ONN8YjjzwSqVRql8eXLFkSxx9/fKxfvz7PlQEAAABA/iQ2ACwuLo5BgwbFqFGjap0OPG/evDj2
2GNjzZo1ea4OAAAAAPIjsQFgxOe77P7sZz+LkSNHRpMmu97w+MMPP4xjjjkmFi1alOfqAAAAACD3
ErsG4I7uvPPOGD58eFRVVe3yeI8ePWLq1KnRtWvXPFcGAAAAALmzzwSA6XQ6HnnkkbjyyitrbXPg
gQfGe++9F61atcpjZQAAAACQO4meAry9VCoVl19+eTzwwANRVLTr2y4rK4sTTjjBxiAAAAAAJMY+
EwBGfL4xyFVXXRW33nprrWsCvv/++9GrV69YsmRJnqsDAAAAgIa3TwWA2wwfPjxGjhxZ6+7Ay5Yt
i759+8bixYvzXBkAAAAANKx9Zg3AXRk7dmwMHz681uPdu3ePefPmRcuWLfNYFQAAAAA0nH1yBOA2
N954YzzyyCORSqV2eXzJkiVx/PHHWxMQAAAAgL3WPh0AFhcXx6BBg2LUqFG1TgeeN29eHHvssbFm
zZo8VwcAAAAA9bdPB4AREUVFRfGzn/0sRo4cWevGIB9++GEcc8wxsWjRojxXBwAAAAD1s0+vAbij
O++8M4YPHx5VVVW7PF5aWhpz5syJVq1a5bkyAAAAAKibfX4E4PZuvPHGePDBB2s9ftVVV9kQBAAA
AIC9igBwO6lUKi6//PJ44IEHoqjo///TFBUVxV133RXXXnttrRuGAAAAAEBjJADcQXFxcVx11VVx
6623RpMmTaK4uDhuvvnmGDp0aK1rBAIAAABAY2UNwN247bbbYsOGDXHbbbcVuhQAAAAAqBMBIAAA
AAAkmCnAAAAAAJBgAkAAAAAASDABIAAAAAAkmAAQAAAAABJMAAgAAAAACSYABAAAAIAEEwACAAAA
QIIJAAEAAAAgwQSAAAAAAJBgAkAAAAAASDABIAAAAAAkmAAQAAAAABJMAAgAAAAACSYABAAAAIAE
EwACAAAAQIIJAAEAAAAgwQSAAAAAAJBgAkAAAAAASDABIAAAAAAkmAAQAAAAABJMAAgAAAAACSYA
BAAAAIAEEwACAAAAQIIJAAEAAAAgwQSAAAAAAJBgAkAAAAAASDABIAAAAAAkmAAQAAAAABJMAAgA
AAAACSYABAAAAIAEEwACAAAAQIIJAAEAAAAgwQSAAAAAAJBgAkAAAAAASDABIAAAAAAkmAAQAAAA
ABJMAAgAAAAACSYABAAAAIAEEwACAAAAQIIJAAEAAAAgwQSAAAAAAJBgAkAAAAAASDABIAAAAAAk
mAAQAAAAABJMAAgAAAAACSYABAAAAIAEEwACAAAAQIIJAAEAAAAgwQSAAAAAAJBgAkAAAAAASDAB
IAAAAAAkmAAQAAAAABJMAAgAAAAACSYABAAAAIAEEwACAAAAQIIJAAEAAAAgwQSAAAAAAJBgAkAA
AAAASDABIAAAAAAkmAAQAAAAABJMAAgAAAAACSYABAAAAIAEEwACAAAAQIIJAAEAAAAgwQSAAAAA
AJBgAkAAAAAASDABIAAAAAAkmAAQAAAAABJMAAgAAAAACSYABAAAAIAEEwACAAAAQIIJAAEAAAAg
wQSAAAAAAJBgAkAAAAAASDABIAAAAAAkmAAQAAAAABJMAAgAAAAACSYABAAAAIAEEwACAAAAQIIJ
AAEAAAAgwQSAAAAAAJBgAkAAAAAASDABIAAAAAAkmAAQAAAAABJMAAgAAAAACSYABAAAAIAEEwAC
AAAAQIIJAAEAAAAgwQSAAAAAAJBgAkAAAAAASDABIAAAAAAkmAAQAAAAABJMAAgAAAAACSYABAAA
AIAEEwACAAAAQIIJAAEAAAAgwQSAAAAAAJBgAkAAAAAASDABIAAAAAAkmAAQAAAAABJMAAgAAAAA
CSYABAAAAIAEEwACAAAAQIIJAAEAAAAgwQSAAAAAAJBgAkAAAAAASDABIAAAAAAkmAAQAAAAABJM
AAgAAAAACSYABAAAAIAEEwACAAAAQIIJAAEAIEcqKytj8+bNhS4DANjHNSl0AQ3hgw8+iCVLlmTc
/tBDD42DDjqoQfp+/fXXY+vWrXtsd8ghh0RpaWmD9Pnmm29m9YfkySefHC1btmyQvvNp9uzZ8ckn
n9R6vFevXnHggQfmsSIAgF1bunRpvP322zF37txYuXJlrFixIpYsWRIfffRRbN26NUpKSqJHjx5R
UlISnTt3jtLS0jjppJPisMMOi+Li4garo6ysLObPn99g18ulgw46KA499NBdHsvFfTRt2jTatWsX
bdu2jTZt2kTbtm0b9N8eABqzRASACxcujH/913/NuP2VV14ZN9xwQ737/eSTT+IHP/hBRm1/8IMf
xMiRI+vd5/r162PAgAEZhY4RESUlJTFp0qR691sITz31VPz2t7+t9fi4ceMEgABAwcycOTMmT54c
L7/8csyYMWO3bZctWxbLli3b6fnS0tI488wz48tf/nL07ds39ttvv3rVNH369Lj22mvrdY18+elP
f1prAJiP+2jXrl2cfvrp8eUvfzmOO+64OPTQQwWCACRWIgLAL37xi1m1nzx5coP0O2vWrIzbvvLK
K3HLLbdEUVH9Zl2/9957GYd/ERHf/OY3o0mTRLzMAACNwuzZs+Phhx+OF198sd7XWrRoUTz22GPx
2GOPRZ8+feLqq6+O008/XRCVB2vXro3nnnsunnvuuYj4/DPF4MGD47TTTvP3MwCJk4g1ADt16hT9
+vXLuP0777wTq1atqne/06ZNy7htWVlZfPjhh/XuM5vQMSKib9++9e4TAICIBQsWxI9//OM477zz
GiT829GcOXNi8ODBcemll8Ybb7wR6XS6wfugdtOnT4/BgwfHBRdcEK+++mqhywGABpWYr7a+9rWv
xWuvvZZx+7/97W9x6qmn1qvPbP8wePfdd+Owww6rV5/ZhI4R2Y+OBMi1ioqKGDt2bEZtu3TpEoMH
D85xRQB7NmHChLjpppvysqHHW2+9Fd///vfj8ssvj+uvv77e04LJzuzZs+NHP/pRXHvttXHFFVdE
06ZNC10SANRbYgLAk046Kav2M2fOrFcAWFZWFn/729+yOmfKlCnxne98p859btmyJauQ89RTT41O
nTrVuT+AXKiqqopf/vKXGbXt27evABAoqMrKynjooYfi3nvvzXvfjz32WCxatCjGjBkT+++/f977
39fdd999MXfu3Ljzzjujbdu2hS4HAOolEVOAIyKOPPLIKCkpybj9lClT6tXfu+++m/U5r7zySmzZ
sqXOfX7wwQexbt26jNufdtppde6rMdi0adNuj/s2FgDIpfXr18ePf/zjgoR/27z00ksxYMCAWLRo
UcFq2JdNnDgxbrnllqisrCx0KQBQL4kJAIuLi+Oss87KuP2bb74Zn332WZ37mzp1atbnlJeXx7x5
8+rc55w5c7Jqn+2oyMZm5cqVuz3erl27PFUCAOxrKisr4+abb45nn3220KXErFmz4rLLLmuQNazJ
3n//93/Hww8/XOgyAKBeEhMARkR85Stfybjt1q1b47333qtTP5WVlfHKK6/U6dwZM2bU6byIzxcm
zlRJSUkceeSRde6rMViyZMluj3fv3j1PlQAA+5pf//rX8fvf/77QZVRbsGCBkWgFdM8998Rbb71V
6DIAoM4SswZgRPYbXsyaNStOPPHErPtZsGBBlJWVZX1eRMTkyZPj+9//ftbnVVZWxqRJkzJuf+aZ
Z0ZxcXHW/TQWGzZsiMWLF9d6vFOnTlFaWprHigCAfcXUqVPj5z//eb2u0a5duzjkkEOiW7dusd9+
+8WyZcvi73//eyxbtqzO13zxxRfj8ccf3+3aqJ06dYrzzjuvzn0sXbo0403njj766DjkkEPq3NcB
BxxQ53O3d9xxx8Xxxx9f6/HNmzfHqlWr4qOPPoq5c+fWuZ+HHnooTjrppEilUnW+BgAUSqICwI4d
O0a/fv0y3ihj2rRp8cMf/jDrfuqy/t82r776amzYsCFatmyZ1XmLFi3K6g/GbEZDNkazZs2KrVu3
1nr8n//5n/fqgBMAaJxWrFgRQ4cOrdO5Rx55ZJx//vnRr1+/6N279y6Doo8//jjefPPNeOGFF+o0
o+SOO+6Io48+Ovr27bvL43379q31WCb+8Ic/ZBwAfuc736nTF9sNrX///nHttddm1HblypUxderU
+OUvfxlvv/12Vv1MmjQpJk+eHKecckpdygSAgkrUFOCI7Da+mDRpUmzevDnrPv76179mfc42mzdv
rtM3j9mu/5ftaMjGZk9/kJ177rl5qgQA2Jc88cQTWc/0aNOmTYwYMSKeeeaZGDRoUBxxxBG1jhI7
4IAD4oILLojHH388fvnLX8bhhx+edY133HGHqcB11Llz5/iHf/iHePrpp2P06NHRpEl24yGefPLJ
HFUGALmVuAAwm40v1q9fHx988EFW19+yZUv8+c9/zrasGrL9tjEi4p133sm4bb9+/aJTp05Z99FY
bNmyZbcLbvfr169OfywDAOzO8uXL41e/+lVW5/Tq1St+//vfx4ABA6J58+ZZnfvVr341nn322ay/
2Jw1a1a9/x7d1xUVFcWll14a999/f1bn/elPf4p169blqCoAyJ1ETQGOiDjiiCOipKQk4+mys2fP
jqOOOirj67/33ntRXl5e1/IiIuKNN97Y7dotu5LptOaIiK997WtZVrRr69evj5kzZ8bHH38cq1at
itWrV8fKlSujWbNm0aFDh2jfvn107NgxvvCFL0TPnj2jqKhh8uS//OUvsWDBglqP727a9oIFCzLe
3blly5bRq1evrOvbXllZWaxevTqjtsXFxdGnT5969Veo1ySf0ul0rFy5MhYuXBjz58+P1atXx7p1
62LdunWxcePGaNOmTbRt2zZat24dPXr0iJ49e0ZpaWnW0+obQiFfj8WLF8eaNWv22K5Nmza7XZ9p
7dq18c4778S8efNi+fLlsXbt2igqKopOnTpFx44do3fv3nHsscdG69at61TnqlWrdtrQZ8uWLRmf
v27dupg5c2atx3v16tXgr3027yN7+vfNRFlZWZSXl1ePFkqlUpFKpap/Xrb//8XFxXHooYfWq79N
mzbFnDlz4qOPPory8vJYvXp1rFq1KioqKqJz587VP7slJSVxzDHHRJs2berV344y/dmNqPvru3Ll
yvj4448zatu9e/fo2LFj1n3kSjqdjuXLl8eHH34YH374YfV74Jo1ayKVSkXbtm2jVatW0blz5+jZ
s2cccsghUVJS0mDvL3vLe0uu/Nd//Vds3Lgx4/a9evWKf//3f48DDzywzn22bNky7rjjjigqKspq
05HHHnssTj/99L3yd31jcvbZZ8ePfvSj+Pd///eM2m/dujVmzZpVr2nWAFAIiQsAi4uL46yzzsr4
29vp06fHRRddlPH1sxmJV5vXX389ysvLo3379hm1X7p0acyfPz/j62czCnJH5eXl8eqrr8akSZNi
4sSJGf8RfOCBB8YZZ5wRZ555Zpx88sl1Xhy5srIy/u3f/q3W49/97nd3G3BOmTIlfvrTn2bUV48e
PeKVV16p11qCo0ePjpdffjmjtgMGDKhTAFjo1yRfPvjgg/jjH/8Yzz33XFY/7xERTZo0ibPPPju+
9a1vxSmnnBKtWrXKUZWN5/V46qmn4pFHHtlju0suuSRuvfXWnZ5ftGhRPPfcc/HEE0/E2rVrd3uN
Zs2axdlnnx2XXXZZ1j/DU6dOjSuvvDKrc7Y3a9asOP/882s9/oc//KHBRwRn8z5y9NFH13uX0Gze
Ry699NIYPXp01n2sW7cu/vznP8cbb7wREydO3ONrvk2zZs3i9NNPj379+sVpp50WXbt2zbrvHWX6
sxtR99f39ddfz3gNt4ceeijOOuusrPtoaPPnz48//elP8cwzz2T9HtirV6/49re/Haeddlqt685l
am95b8mF8vLy3f4NsqMmTZrEgw8+WK/wb5vmzZvH7bffHgsWLIhZs2ZldM60adNi8uTJceqpp9a7
/33dwIEDMw4AIz7/txcAArC3SVwAGPH54seZBoCTJk2KysrKjEOgyZMn16Oy/2/27NnRr1+/jNpm
s2ZgSUlJHHnkkVnXs3Hjxnj22WfjgQceiBUrVmR9fllZWfzqV7+KX/3qV/HVr341Bg8eHF/60pey
/hDyv//7v/HWW2/t8liXLl3ihhtu2O35X/3qVzPu66OPPop58+bV6d8rImLNmjVZTb/55je/mdX1
G8trkmuzZ8+OcePGxV/+8pc6X2Pr1q0xYcKEmDBhQnTo0CGGDh0aF1xwQTRr1qzB6kzK67Fly5a4
++674/HHH8/4nM2bN8fzzz8fzz//fFxyySVxww03xP7775/DKgsrm/eRWbNmRVlZWZ0DgLVr1+b0
fWTTpk3x/PPPx4MPPhhLly7NtrzYvHlzvPjii/Hiiy9Gq1at4sorr4yLLroo4y+w2LMPPvggxo8f
H//7v/9b52vMnz8/7rrrrrjrrrvijDPOiGuuuSbvgVoS3lteeOGFjMPxiIihQ4c26BcQLVq0iBEj
RsR3vvOdjM958sknBYAN4MADD4z+/fvHpEmTMmpfl/dTACi0RM4ZyGYDjBUrVsTChQszart+/fp6
hRTby2YdwGx2HT7rrLOyHtH22muvxT/+4z/Gz372szoFGzv6y1/+Epdcckn8+Mc/znqNlL///e+1
Hhs1alR07tx5t+d369Ytvv71r2fc39SpUzNuu6N33nlntzsVb6+kpCROOOGEjK/dmF6TXNmwYUPc
euutcd555zXYf1cREatXr46f/vSn8d3vfjfee++9BrlmUl6Pzz77LIYOHZrVB/Qd/fa3v42BAwdm
vUD+3qRbt25x+umnZ9x++vTpde4rm/eRTp06ZTXC+7XXXovzzjsvfvKTnzTIh9X169fHXXfdFWee
eWb87ne/i3Q6Xe9r7ssqKirivvvuizPPPLNe4d+O/vjHP8a5554bt99+e502OquLpLy3vP766xm3
7dWrV/zgBz9o8Bq++MUvxoABAzJu/8orrzSa3+t7u5NPPjnjtg3xtwAA5FsiA8AOHTpE//79M26f
6Qi72bNnN9gf06+++mrGbd98882M237lK1/Jqo6nnnoqBgwYkPV0o0z87ne/i4EDB8aiRYsyPufq
q6+OCRMm7DQCZ8yYMXHmmWdmdI1zzjkn4/5eeeWVjNvuKJvRoBdccEHst99+GbVtbK9JLqxZsyau
uuqqrKbbZGv27Nlx6aWX1mvX7ojkvB7r16+PwYMHN0jQMHPmzLj00ktj+fLlDVBZ45TN+8gbb7xR
536mTJmScdsLL7wwow0G0ul0/Pa3v83Zz+0nn3wSN910U9x1111RUVHR4NffF6xduzauu+66GD9+
fM76ePzxx+Oaa67JakRbXSTlvWXDhg1Z/W128cUXR4sWLXJSy4UXXphx261bt8bs2bNzUse+Zk9f
Mm8vyb//AEiuRAaAEdlthDFjxoyM2mU6yuPoo4/eY5uZM2dmtFFJeXl5VqNLMh39WFlZGXfffXf8
5Cc/yfjadTFjxoz47ne/u9tNPXbUp0+fePzxx+PBBx+M0tLSGDlyZPzzP/9zxuf369cvmjTJbHb7
pEmT4pNPPsn42ttUVlbGSy+9lHH7TEYlNubXpCFt2rQprrzyyqw+aNVVeXl5/PCHP4w5c+ZkfW7S
Xo//y969x+V8//8Df6QoktZBomiSHMopzCnnKGeiHHIYNufNjMYWm21sGLY+zIxhcxrG5pyciTHH
nJVjxNLSQSpRrt8f/bq+XXV1Xa/3dSrX9bjfbm633tf1er/eL+/D63q/n+/XYf369ZJeJqjz8OFD
zJ49G7m5uTrLszSRUo/s379fo5dDMplMUj3i5+enNk1ubi7mz5+PmTNnSi6PVMuXL8fUqVPZ+kii
rKwsfPDBB9i7d6/et7V//35MmDBB0sQ7UhlL3XL9+nVJ17HoS0lNeHl5Seo1IHofS6pJmcH56dOn
eiwJERGRfhhtAFBKN6njx48LdWUS6RrSrFkzfPHFF0LbVTWzZT4p4/+1a9dOeCbDtWvXYtmyZcJ5
ayMpKQlTpkzBs2fPhNcxNzdH9+7dsWfPHsldbOzt7dGjRw/h9Jp034uNjcXDhw+F0rq7u6Nhw4Zq
05X2Y6Irq1at0rpVnhTZ2dkadbU1puPx6NEjLF26VOf5RkZG4s8//9R5vqWBg4MDunXrJpQ2LS1N
oyDz7du3hYegcHNzQ+PGjdWm++WXX7BixQrJZdHU7t27MXfuXHYHFiSTyTB//nxJXU21derUKUkT
W0hhTHWLlHuBrl27olq1anori5mZGfr16yecXnTcOlJNdPZ3IG9oFyIiojeN0QYA69atK3xzdu/e
PTx69EhlmuTkZKE33H5+fvD29hYaIP3cuXNq04gECfOJtno8f/68RrNIauPKlSv48ssvJb/Rr1Ch
gkbbkzKjoyYTu0gZOzAwMFDtuIxv0jHRxu3bt7Fo0SKN19d04oHr169j/fr1wumN6XgkJCRg8eLF
yMjI0Gm++X7++We9ti4qSaIBQECz8USljAXbv39/tfXI6dOnMX/+fMnl0NaWLVuwZcsWg2/3TXT0
6FGsXbvW4Nv97rvvdDYmaj5jq1uktGKUMta0purXry+c9syZM0hOTtZjaUyDumeBgqpWrarHkhAR
EemHUc4CDOS1IPP398eaNWuE0l+/fl3lLI6igbiWLVuiXLlyCAgIwO+//64y7eHDh/Hpp5+qnAW0
uBlxlRFp9ZicnKx2Jt3CbG1tERAQAB8fHzg4OEAmk+Hp06c4f/489u3bJ9yy6q+//oK/v7/kWSw1
0bp1a1hbWws9mOzbtw9hYWEoW7ascP5SZu1UN5mAqRwTIK87mhRNmzbFkCFD0Lx5czg6OsLKygrP
nj3DkydPcPLkSSxfvlx4IO41a9Zg6NChsLGxUZnO2I6HNuNcirh79y4OHz5cbNDdysqqyEzbubm5
iI2NFcq/fPnyePvtt4v9XuqkR1JIqUcOHTqEsWPHSspfyuQ36uqRxMREfPLJJ5K2D+QF1f38/ODi
4gJLS0s8fvwYJ0+elNwlffbs2fD29jb4zLNvkpycHCxZskTSOk2bNkX//v3h4uKCKlWqICcnBwkJ
Cbhx4wZ++eUXSeP77dq1C3Xr1pVa7GKVdN2iazExMcJpdbkfi1OrVi1J6RMTE2Fvb6+n0pgGKS0p
HR0d9VgSIiIi/TDaACCQNyGGaADw0qVLKh+6RVpqODk5yR90fX191QYA7969iwcPHsDNzU3p95mZ
mcKDyzs7OwvdkG7cuFF4wgELCwtMmTIFQ4YMga2tbZHvg4OD8dFHH+Hbb7/F7t27hfL8+eef0blz
Z70+tAOAjY0N+vbtiw0bNqhNm5iYiBs3bgh10wXyxn0RfXBv0KAB6tSpozKNqRyT3Nxc/PHHH8Lp
x40bh6lTpxYpV6VKlVCpUiXUrl0b/fr1Q1hYmNBYWklJSTh69Ch69eqlMp0pHA9vb2/07NkTnp6e
sLW1xYsXL/Do0SMcOXIEERERkvNT9ZDeoUOHIq2Ts7OziwQFi9OkSRNJrTd1qVKlSujdu7fauhzI
a9GdkJAg3C0sPT1deBxMb29vtftr/fr1kmZPtbGxwaxZs9CtWzdYW1srfJeTk4OTJ0/i66+/Fg4E
ZmdnY+nSpfjpp5+Ey2Bqjh8/jujoaKG0Tk5OWLBgAXx9fVGmjGJnjfr166NTp04IDg7GV199JTz5
xh9//IEPPvhA0jhnUhmybtGlV69eCY3LnM/Dw0OPpcljY2ODJk2aCI/vVxJDehiTy5fiPtShAAAg
AElEQVQvS5pMxd3dXY+lISIi0g+j7QIMSOuioS7QJvKgFhAQIG9FJrrtS5cuFfvdzZs3kZOTI5RP
t27d1AYMUlNThQOitra22LBhA8aPH680sJGvatWqCA8Px8KFC4XyvXjxoqRWL9qQ0opKykycUsYJ
6tevn8oWnqZ0TJ4+fSocWGvVqhVCQ0PVntO2traYN28eWrZsKZSvuodvYz8eFhYWCA0NxZYtWzBm
zBh06NABTZo0QatWrTBgwAD8+OOPWLFiheSxjY4ePWq0k4F06dJFOK2Ugfijo6OFJxxQV488ffpU
+LwF8sYT/PPPPzFgwIAiwT8g7zxp3749tmzZgtatWwvnGxkZydlIVRAN+Do5OWHNmjVo165dkeBf
QZUrV8bs2bOLfYlYWFJSkt6Oz5tet0gdI9ZQrb9Ejy0Avc/2bMxyc3Mlv7xo1qyZnkpDRESkP0Yd
ALS3t0f79u2F0l6+fLnY2WAfP34sNMB7wQelKlWqoFWrVmrXUdXFV8qNusi2tm/fjpSUFKH8Zs2a
JTyRipmZGQIDA/Hee+8JpV+9erVQOm3ldxsVcfDgQeF8pYwZqG5cRlM6JlLGJ+rQoYPKgEdBFStW
xJgxY4TSqgq4A8Z/PDZu3Ijx48erbAHk5+eHP//8E05OTsL5JiUl4c6dO7ooYqnTokUL4W51UuoG
KS8dOnbsqPL7bdu2CY/DVr58eYSHhwt1L7S3t8fChQslBSHWrVsnnNaU5Obm4uLFi0IzS3/44YfC
LWQdHBwwbNgw4XKIDpkg1Ztet0gJAFpbW6NcuXJ6LM3/UfVyqTAGADUjk8mwfPlySTOyOzo6GqQb
OBERka4ZdQAQEJ8YAwBu3Lih9HN1QYN8TZs2VVju3Lmz2nUOHz5c7NttkUlC8jVp0kTl969fvxZu
IdKrVy9Js8/lmzhxotCD4t9//42nT59Kzl8qKysrBAYGCqU9e/asUPefnJwc4ZvEVq1aqRy7zNSO
iZTuSa9evZKUd+vWrfH111/jhx9+wMqVK7Fx40bs3LkTBw8exKlTp3Dp0iXcunULW7duLTYPYz8e
EydOFG6x4OzsjClTpkjKX1+BhZJWvnx54WMdGRkpdO7KZDLh8TDV1SO5ubn49ddfhfICgDFjxggP
dwDknQtTp04VTv/HH3/gyZMnwulNhbm5OXbt2oWbN28iOjoax48fx549e7Bx40b89NNPmD9/PmbM
mIHx48erHaagMCldEf/77z+pRVfLGOoWKb9Phpz8Qd2YtQWlpqbqsSTG6dmzZ/jyyy8lT07Ws2dP
SeNGExERlRZGHwCU0kS/uIk+RGZ3bN++PRwcHBQ+e+edd9Sul5CQgFu3bhX5/OXLl4iKilK7PgC0
a9euyLYLu3v3Lh4+fCiU39SpU4VbXxVka2srPAj+lStXJOevCT8/P+G0IgHXGzduCI8T1Lt3b5Xf
m9oxkTKj886dO4Vb4gFAuXLlEBISgt69e6Nz585o2bIlvL294e7ujipVqsDGxkZtd2JjPh6urq7C
rQ/z9evXT+34lQVJ7UL3JhGtR5KSkop9kVTQ3bt3cfv2baE8+/Tpo/L727dvC9dJ1tbWGDp0qFDa
ggICAiTNSGqo+v1NVKZMGVSqVAmurq6oV68eWrZsCX9/fwQFBWHMmDEIDQ2VFPQBpHVH1XUA0Fjq
FikBwLfeekuPJVFUsWJF4bQMAIp58eIFLl26hJ9++gl+fn4azcqtST1KRERUGhj1JCBA3kxt1apV
w+PHj9Wm/eeffzBx4kSFz16/fo1Dhw6pXVdZF6169eoJbTs6OrpIV4Lbt28Ld+cQaeUoOotx69at
UaNGDaG0yogGXM+fPy+pdaamGjduDDc3N6Gx506ePImePXuqTCNlVmZ13c9N7ZhIeWiKjY3FpEmT
8Omnn8Lb21tvZSrImI9H3759JXUlA/KCqi1atBCeGdOYu5/5+PjA1dVVaJKNc+fOqW1hJ6V1d7t2
7VR+L3reAkD37t3VvixSxsLCAn369MH169eF0l+4cEHSyxfSjmgvBSDvnkaXjKVukdKaS3RsZl2Q
Mv6hqbdI++uvv1TWrdnZ2UhMTBR+0VecUaNGcQIQIiJ6Yxl9C0Bzc3PhGeROnDhR5E3zvXv3hG4W
lLX2E9326dOni3wmMuZgPpFxyERaMQLquxKrI9o1RspYWdqwsLBA3759hdLu27cPL168UJnm8OHD
Qnl17dpV7WDnpnZMXFxcJM2ceOrUKfTu3Rvvv/8+Nm7ciNjYWLx8+VJv5TPm4yGly2dBUsZ+U3ft
vMnKli0rXI+ITPRw4sQJobz8/f3V1iNSXkqoG0tQlTZt2ginPXLkiMbbIXFJSUlYs2YN5syZU2Jl
MJa6pVKlSsJpixsvWh+ktH60s7PTY0lKv4cPH+Lvv/8u9t/58+e1Dv7Z29tj1KhROioxERGR4Rl9
C0AAaNmypfCg+jExMQotdETerFevXh21a9dW+l2rVq3UbvvIkSN48eKFwuDZojPNOjs7Cw1ELPqQ
eOPGDckzoRUkk8mE0t29e1fjbUjVuXNnhIeHq02XlpaGq1evFttC68mTJzh16pTQNnv06KE2jakd
EzMzM3Tv3h3/+9//JK136NAheStca2trNG/eHI0aNULdunVRu3Zt1KhRQ2hgfXWM+Xho0uoLyAva
Uh4/Pz8sXbpUbboTJ04gKSmp2G6Zz58/F550SKQekdKa0NPTUzhtYe7u7rCwsBBq/RQTE4OUlBST
D0joQnp6OlJSUpCcnIykpCQkJCQgLi4Oly5dknTs9cVY6hYpAcCEhATIZDKNhoGQqrR2TTZVS5Ys
QbVq1Uq6GERERBoziQBg4ck5VLly5YpCAEhZ67zCunXrVuz4Yj4+PmrXT09Px82bN9G4cWMAeV10
jh07JlReVdvOl5ubK/zW8/Dhw8Kt3LSRlpZWJOipL15eXqhXr57Q2Fz//PNPsQFA0aCshYUFfH19
VaYx1WMycOBArFy5EllZWRqtn5GRgaNHjyq0srKxsUHLli3RokULNGrUCPXr10f58uUl5Wvsx0PK
+IsFSR2LzJh5eXnBw8NDaOy+6OjoYrvAXrp0CdnZ2WrzsLS0FKpHRIY3APLqJW2CLlZWVmjUqBHO
nz8vlD49PZ0BQAmysrIQFxeHuLg43Lt3D7Gxsbh48aLw8S0pxlK3SClPTk4OMjMzYW1trccS5ZEy
rp+UICZJN2/ePLRq1aqki0FERKQVo+8CDOR1i1A3Hlu+gq2AXr16JfSg37JlS5XbFhkL6eLFi/K/
4+LihAd1F7kZycjIMOiYNaIMNWmAmZmZ8CyeqmbmPHnypFAevXv3Vvvga6rHpGrVqpgxY4ZO80xP
T8eBAwcwZ84cBAUFoW3btpg3b56ksdGM/XgYoqWKsTM3NxeeVVxVS2GRl0pAXj2irkXP8+fPhfIC
8lqqW1paCqdXxtXVVTitMU8Koyu5ubk4deoUvvrqK7Ru3Rrdu3fH+PHjsWDBAmzfvr3UB/8A46lb
KlasKOn6EBkPVFsymUzS75jUsRhJjKWlJRYsWIDg4OCSLgoREZHWTCIACIiPfXTixAl564yYmBgk
JyerTG9hYaG2lZ9I8LHgeF9Sxv8TbWFYGhmyXKKTKVy5cgUPHjwo8vnLly+xb98+oTxExn005WMy
dOhQjBw5Um/5JycnY8WKFejbty8+/PBDpbNsF2bKx4PEderUSShdZGSk0sH7ZTIZDhw4IJSHrusR
XbTGkzIjqZSui6bozJkzGD58OEJCQvDrr78a9SQ6bwIzMzNJLWRjY2P1WJo8CQkJkgKNbAGoe56e
nti6dSsGDBhQ0kUhIiLSCZMJAIrOvJmRkSEPGERHR6tN37lzZ7U3XcomCCns2LFj8oc5ke0CeYFF
e3t7tekyMjKE8jO0zMxMg23Lw8ND+BxQNq7StWvX1AaDgbxuRKKtMksjQxwTMzMzhIWFISwsTO/b
2r17N/r27Ytt27apHHvPlI8Hiatdu7Z8qAZVHj9+rDRAcP/+faHAgZ2dHVq0aKE2nZTzQxddyaV0
rS+t11RJy83NxaJFizBo0CDhMWXJMETvEQDg5s2beixJHpHhBvLZ2NhIaqFLqjk7OyMsLAybN2+G
l5dXSReHiIhIZ0wmAFinTh3hgXuvXr0KQKzLp0jrPg8PD7i7u6tMk5OTI2/5JzpDpGirNqnjoRmr
Pn36CKWLiooq8tk///wjtG7fvn2FxgUy9WNSpkwZjB49Gjt37hRuVaWprKwshIaG4tdffy02jakf
DxJjZmYmPBuwshcJouPn9evXT2hsNSnjr+kimCxl7E5DjI/2psnJycEnn3yCH3/8Uaf5qpspmsSI
vKzNd+zYMbx+/VqPpRGfmR7I6+WibRd/yhsz/JtvvsGBAwcwevRodqsmIiKjYxKTgAB54zcFBAQI
zQZ8/vx59O7dG8ePH1ebVuSG0czMDAEBAVi2bJnKdBcuXICbm5tw1xLRt9VSum0ZM9GA6f79+5GZ
manwcC06a2fXrl2F0vGY5PH29sbKlSsRHR2NPXv24I8//tBbt9evv/4aHh4eaNu2bZHveDxIlOh4
ssePH8ewYcMUPlP2ckEZkXFjAWkTF6SkpAinLY6Ubr3sjljUunXr8Ndff+kkLx8fH7Rq1QotWrRA
jRo1hH/fqHiNGjUSTnv9+nVER0cLDcOiiaysLGzZskU4vaqxqEmRtbU1XFxcUKVKFTg4OKBGjRpo
3LgxvL29i529nYiIyFiYTAAQyJswQyQAGBUVhUuXLqlt7eDp6YmaNWsKbbtly5ZqA4DHjx9HnTp1
hPKrVq0a6tatK5RWyoPY5MmTDTbQsYODg0G2k8/FxQUdOnRQmEFWmaysLFy6dEnelffx48dCMwA7
OTkJB2V5TP6PmZkZmjRpgiZNmmDq1Km4efMmoqOjER0djX/++QeJiYk629Z3332HFi1aoFy5cgqf
83iQKDc3N/j6+qptqX3o0CGkpqbKJ/LIzMwUepFQrVo14ZnrpQSu4+LikJWVpVVr1/v37wun1dUs
r6q67qtS2ib1uXXrFr799lvJ6zk7O8PX1xfe3t5wdXWFi4sLqlevrvCC6t9//9VlUU1WzZo1Ub16
deEZ4ffs2aO3AOCJEyck/faJDE1g7CZOnIjJkyerTWdubm40k9cQERFJZVIBQNEbtcTERLz33ntq
0/n7+wvfRDRp0gTly5dXGVQ8c+aM0gkolAkICIC5ublQWnNzc1SrVg2PHz9Wm9bMzAxVq1YVyvdN
1KtXL7UBQCBvFs/8AKCyrnzK9O/fX7gLDo+JcuXLl5cHA4G8h//Hjx/j7t27iI2NxbVr13DmzBmh
/abM1atXcfbsWbRp00bhcx4PkqJXr15CQzVER0fLW2aJvFQC8uqRsmXLCpXD3NxcUsAiPj4etWvX
FkpbWGZmJq5cuSKcXlcBQJGxV5XRRYtHXdq5c6ekoGT//v3x7rvvol69eihTxmRGaylRZcqUQadO
nfDbb78Jpd+0aROGDx8ONzc3nZbj1atXWLVqlXB6Jycnja9rY2Jubg4LC5N6rCEiIpLMpO4q7ezs
hLtviTyoSelyYW1tLdStKyEhQSg/qd09RN8OaxpYeVO0bdtW6AZx37598pYnomMydu7cWVJZeEzU
y5+ZsW3bthg9ejQWL16MqKgoHDhwAN9++608UCjF6dOnlX7O40Gi2rVrJ5Su4NihouOISq1Hmjdv
Lpz2xo0bkvIuSMqsp56enjqZdRjIa7moiXv37ulk+7qQnZ2Nbdu2CadftWoVvvvuO3h5eTH4Z2Ad
O3YUTpuVlYVvv/1W52MBbtq0CWfOnBFO37dvX+EXwkRERGTaTO7OUsrNnSrW1taSxosBxB8aRUjt
diIyoySQ1w05NzdXkyK9ERwdHdGtWze16W7fvo27d+/ixYsXiIyMVJvezc1N8vnAY6IZMzMz1KpV
CwMHDsTmzZvxzTffSFq/uJkVeTxIVJUqVeDv76823b59+/D69WvIZDIcOHBAbXpPT094e3tLKovo
eQvkdUvWlOiLEABqJ/aRMkGIlG7H+V68eCG0vw3l/v37wi/3Zs+eLfk+hbOF606bNm0kvVjav38/
tm7dqrPt37p1CwsWLJC0zuDBg3W2fSIiIjJuJhcAlNJaQpUuXbpImoEREJ+0Q5327dvD3t5e0jqi
wamEhARcvHhRk2K9MUQCgEDeDHxXrlwRmpSif//+kt/A85hoz8LCAoMGDRIa9ydfcS34eDxKJ03H
gNO37t27q00TFxeHO3fu4MGDB0Kt7wIDAyW3+GrYsKFw2oiICDx69EhS/kBeSycpLdjUvaDKHxdR
xM6dOyV35123bp3GXYf1QUpZpLYABTgGoC6Zm5tjzJgxktaZMWMGdu7cqfW2b926hdGjRyMjI0N4
naFDh+q8CzIREREZL5MbLMPT0xOurq6Ij4/XKh9lM4mq4+bmBm9vb1y9elWrbWvSirFOnTqwsbER
Cmb99ttvaNq0qUaDJF+9ehVffvkl7O3tYWtrC1tbW1SqVAk2NjawsbFBxYoV5f+ktpjTlTZt2sDa
2lrtTfahQ4eEx2RU1+JFGVM6Jk+ePMHFixeRmZmJzMxMZGRkICMjA5mZmUhPT8fz58+Rnp6O1NRU
jBw5Ev369ZOUf+fOnREeHi6UtrjggykdjzfJf//9V9JFUMrX1xeWlpbIzs5Wme78+fNFJp0pjiZ1
u4eHB5ydnYVamOXk5GDNmjWYOXOmpG3s2LFDUlfcBg0aqPxeyqQ7CQkJWLVqFaZNmyaUPiYmBosX
LxbO3xCSkpKE0jk6OqJatWqS8z958qTkdah4nTp1Qr169SR1mf/oo4+QlpaGQYMGCY/hWdDp06cx
bdo0yUNMFJ5pnIiIiEgVkwsAmpubo2vXrkKzAauiaUvCrl27ah0A1KQloaWlJUJCQrB8+XK1affs
2QM/Pz/06dNH0jZyc3OxcOFCnD9/Xm3azp07Y+XKlZLy1xUbGxv07t0bv//+u8p0hw4dEuoy5+Xl
hXr16kkuhykdk8zMTEyYMEEo7bp169C3b19JwTUpLSZq1Kih9HNTOh4lTUpr2du3b+P58+eSZrw1
BDs7O/To0QN//vmnynS7du0SCgA2bdpUo4H8zc3N8e6772LevHlC6VevXo22bdsKj4d7584dLFy4
ULg8QUFBqFKliso01atXF84PAJYtW4Z69eqhe/fuKuuFGzduICwsTG1Q1tBEx4hLSkrC8+fPJU2g
Eh8fj/Xr12taNFKibNmyGDt2LD766CNJ633xxRfYvXs3PvnkE/j4+Aj9hsXHx+Onn35Sez+izIAB
Azj5BxEREUlicl2AAchnd9VUw4YN4erqqtG6UifvKKxatWqoU6eORusOHDhQOO1nn32GgwcPCqd/
9eoVFi1ahOPHjwulF5kQRZ+6du2qs7wCAwM1agkGmM4xcXNzg7Ozs1Da6Oho/PHHH8J5y2QyRERE
CKdXFXwwleNR0iwsLODk5CScXsr5YEgBAQFq05w6dQrHjh1Tm65v374al6N///6SxtX7+OOPcfbs
WbXp7t+/j8mTJ0vqwirSIqlu3booX768cJ4A8MEHHyAsLExpS8eUlBQsXboUffr0QXR0tKR8DUFK
l2cpLwizsrIwe/ZsSS9ASEyPHj3Qq1cvyeudPXsWQUFB6N69O5YtW4ZTp04hNjYWT548QUpKCu7e
vYsLFy5g06ZNGDlyJNq1a6dR8K969eqYOnWq5PWIiIjItJlcC0BA+gQahYkM/l4cb29v2NraIi0t
TaP1AwICNJ7tzc3NDSEhIdiwYYPatFlZWRgzZgzGjRuH4cOHFxu8kclkuH79OpYtWyYchLG0tNTp
hCiaaNGiBezt7XUyTpRoSxplTOWYlClTBj169MCqVauE0s+YMQO5ubkICgpSOWvzq1evsGzZMqxd
u1a4LB06dCj2O1M5HqWBi4sLEhMThdJ+/fXXePToETp06AA7OztkZmYiISEBPj4+cHFx0XNJi9eq
VSvhbuPqaFOPODg4YOTIkVi6dKlQ+pSUFAwcOBCTJ09G//79i7zQSk1NRWRkJBYsWCBp/D1/f3+h
SUysrKzQrl07oQmWCtq0aRM2bdqEd955B2+//TbMzMzw6NEjSROUlAQpY/Z+8cUX2LhxIxwdHVWm
u3nzJubPny8UXCbpzM3NMXv2bMTExEiaATtfTEwMYmJi9FCyPIsWLVLb0paIiIioMJMMANrZ2aFD
hw44evSoRutLmXWxMCsrK/j7+2PLli0ara9t68V3330X27dvF24xsHz5cvzyyy/o3LkzWrZsCUdH
R1SoUAHJyclITExEVFQUTp8+LakMY8eORdWqVTUpvs5YWVkhMDAQv/zyi1b5tGzZEu7u7lrlYSrH
ZODAgcIBQAAICwvDmjVrMGLECNSrVw+Ojo6wsbHBs2fPkJSUhMuXL2P9+vW4d++ecJ6tWrWCp6en
yjSmcjxKmpeXl6TJVFavXl1k6Ibvv/++RAOA1tbW6Nu3L9atW6dVPp06ddK4VXm+oUOHYvv27ZLG
tw0PD0d4eDiaNm2Kt99+G5aWloiPj8f58+cltyqztLTEBx98IJy+T58+kgOA+c6cOYMzZ86oTKOL
sX51pXbt2sIv/m7fvo1hw4Zh/Pjx8PPzU5hsTCaT4f79+9i2bRuWLVumzyIT8u4VFy1ahODgYGRl
ZZV0ceRmz56ts0nliIiIyLSYZAAQgMYBQDs7O3h5eWm1bV9fX40DgNq2XqxVqxbmzp0raWybnJwc
REZGavywVpCTk1OpGbTaz89P6wBg7969tS6HqRwTDw8PBAcHSzr3b9++jVmzZumsDJMmTVKbxlSO
R0nz9fXVeuyyq1evSh6HUde6dOmidQCwZ8+eWpfDyckJCxYswJAhQySve/78eaFxKVX56quvUL9+
feH0nTp1gru7O+7evavVdpWxsLDAihUrhGZqNgQrKyt0795duKtnTEyMvP6pV68eatSogczMTNy7
d6/UBDVNhZeXF7799lvJ4wHqS3BwMIYOHVrSxSAiIqI3lEmOAQhoPolHQEAALC0ttdq2pm9u27dv
Dzs7O622DeQFrUaNGqV1PlJZWFjghx9+gIODg8G3rYyPj4/kwegL06bbXkGmckw++eQTrVtMamri
xInCLWhN5XiUpHfeeUdS10hlRMax07fmzZtLGs+wMAsLC41mlVemZcuW+PTTT3WSlxQDBw7EgAED
JK1Trlw5TJw4US/lGTt2LDw8PPSSt6akzmye78aNG4iMjERUVFSxwT9XV1e888472hSPVOjduzdW
rVolaXIWfZg0aRLmzp2LMmVM9tadiIiItGSydxGenp4aBX/atGmj9badnZ01ulnv2LGj1tvO9/HH
H+uk9ZoUc+bM0XoSFF2ysLDQ+KEMyGtBqMtumqZwTOzt7bF48WJJExbogr+/P8aPHy9pHVM4HiXp
rbfewpQpU7TK4/Lly0hNTdVRiTRjaWmJwMBAjdfv0aOHTgO+o0aNwrhx43SWnzq9evVCWFiYRhMh
9e3bV6t9p4yjo2OJBO/VadasGYKCgvSS99y5c9GwYUO95E15OnbsiE2bNqFmzZoG37aFhQUWLlyI
jz/+WOMxoImIiIgAEw4AmpubazQTbNOmTXWy/c6dO0teR9NWi8pUqFABixYtwocffqizPItTvnx5
LFu2DMHBwXrfllSaHId8uui2V5CpHJOGDRti48aNWre+FDV48GD88MMPCmNpiTCV41GS+vfvr3Ur
2tu3b+uoNJrTph7p1q2bDkuS99sWGhqKOXPm6DRfZcaPH49FixahYsWKGq1vZmaGsLAwNG7cWCfl
cXJyws8//6yTlvL6MG3aNK2HECls/PjxOmtBSqrVq1cPGzZsUDmRlK65ublhw4YNOg+UExERkWky
2QAgIH1CjVatWuls1jWpE4m4urqqnbxAKnNzc3z00UcIDw/XqgubKj4+Pti8eTMCAgL0kr+2vLy8
UKdOHcnrWVhYwNfXV+flMZVj0qBBA2zcuBFdunTR2zYcHR3x7bff4quvvtK4276pHI+SYmVlhR9+
+EGryY30OdOmqMaNG8PNzU3yetbW1lpP7KSMmZkZhgwZgrVr1+qlK6yTkxO+++47TJs2TeUs3SLs
7OywevVqrYKoQF6gZN26dWjSpIlW+ehT5cqVsXz5co1+c5QZP348Jk+erJO8SIyzszNWrVqFX3/9
VesxmVVxcnLCV199hT179uj05S8RERGZNpMOAEp9UND2AaWg+vXrw9nZWTh9165d9db1o1evXoiM
jERYWJjWY3Llq169OhYtWoRNmzbB29tbJ3nqQ5kyZTTqBtyzZ0+d7StlTOGYuLi4YPny5Vi9erVO
y2NtbY33338fe/fuxcCBA3Vy3ZjC8Sgptra2WLlyJT7++GONgklXrlzRQ6mkMTc316ge6devn17H
FfP19cXOnTvxzTffoFq1alrnZ21tjdDQUOzbtw/9+/fXqNuvMm+99RaWLFmCsLAw2NraSl5/yJAh
2LBhA2rXrq2T8uiTi4sLNm/erFU3ZWtrayxZsgShoaEoV66cDktHIszMzNCuXTts3rwZy5YtkzT5
jTp2dnaYPn06IiMjMXToUMkt14mIiIhUMdlZgIG8G61OnTrh8OHDQul1Oci2hYUF/P398dtvvwml
10crkYJsbW0xevRoBAYG4tChQzh58iQOHjyIjIwM4TxsbGzQu3dvBAQEoHnz5m/Mg0nHjh0xb948
SesYorWWKRwTMzMzdOjQAW3btsW1a9dw8OBBbN++XfJMl5aWlmjTpg169+6N9u3baxREUMcUjkdJ
qVChAiZNmoTu3btj3759+OOPPxAXF6d2PQ8PD4N1JVenc+fO+OGHHySto8kwFFJZWVlh0KBB6NGj
B44cOYKTJ09i//79SEtLE1rf0tISnTp1Qtu2bdGxY0edtYJXVs7Ro0ejd+/e+KWWBkkAACAASURB
VPPPP7F//35cvHix2PS2trYYPnw4goKC4Orqqpcy6UulSpUwc+ZMBAYGYseOHdi4caNQPeLl5YVB
gwaha9euqFy5sgFKSqqYm5sjICAA/v7+uH37Ns6ePYujR4/i6NGjyMnJEc6nQYMG6NKlC1q2bAlv
b29YWVnpsdRERERkysxkMpmspAtBpVNWVhauXbuGBw8eIDU1FSkpKUhOTkZmZiZsbGxQqVIl2NjY
4O2334aHhwfc3Ny07g5GqpnCMZHJZEhISMD9+/dx584dPH36FM+fP8fz58+RmZmJSpUqyf+fVatW
Re3ateHu7l4iD02mcDxKQm5uLv7991/cv38fCQkJePXqFV69eoWyZcvC1tYWTk5OqF69ut6CUZqQ
yWTo1asXrl+/LpTeyckJx44d03pWeU28ePECV69excOHD+Xn7NOnT5GTkwNHR0fY2dnB3t4ezs7O
aNSoUYnNfhofH49Hjx4hNTUVaWlpKFeuHGxsbFCjRg24ubkZTQA9MzMTd+7cwc2bN/Hvv//i2bNn
yMjIgIODA6pUqQInJydUq1YN9evX5yQQb4DU1FTcvXsXKSkp8usrOTkZr169gr29Pezt7WFnZ4e3
3noLLi4upeYlBhERERk/BgCJiIh0YMSIEYiKihJKO378eISGhuq5RERERERERHlMegxAIiIiXbh9
+7Zw8A/Q7ZiyRERERERE6jAASEREpKV169YJp61ZsyYaNWqkx9IQEREREREpYgCQiIhIC4cOHZIU
ABwyZAjHciMiIiIiIoPiaPRERERqxMTE4OHDh6hbty6qVq2Kly9f4unTp1i3bh1WrlwpnI+trS0C
AwP1WFIiIiIiIqKiGAAkIiJSY/v27fj555+1zuf999+HnZ2dDkpEREREREQkjl2AiYiIVMjNzcXe
vXu1zsfa2hpBQUE6KBEREREREZE0DAASERGpcPPmTTx8+FDrfMaOHYvKlSvroERERERERETSMABI
RESkwunTp7XOo3379hgzZowOSkNERERERCQdA4BEREQq7N+/X6v1mzRpgvnz56NcuXI6KhERERER
EZE0DAASEREV4/Hjxzh79qzG67dv3x6//PILnJycdFgqIiIiIiIiaTgLMBERUTHOnDmj0Xq2traY
Pn06BgwYAAsL/tQSEREREVHJ4lMJERFRMV6+fAlnZ2ckJCQIpW/cuDGCg4Ph7+8POzs7PZeOiIiI
iIhIjJlMJpOVdCGIiIhKq9zcXMTFxeHBgwd49uwZUlNTkZqaitzcXNjY2MDGxgbVq1eHp6cnHB0d
S7q4RERERERERTAASEREREREREREZMQ4CQgREREREREREZERYwCQiIiIiIiIiIjIiDEASERERERE
REREZMQYACQiIiIiIiIiIjJiDAASEREREREREREZMQYAiYiIiIiIiIiIjBgDgEREREREREREREaM
AUAiIiIiIiIiIiIjxgAgERERERERERGREWMAkIiIiIiIiIiIyIgxAEhERERERERERGTEGAAkIiIi
IiIiIiIyYgwAEhERERERERERGTEGAImIiIiIiIiIiIwYA4BERERERERERERGjAFAIiIiIiIiIiIi
I8YAIBERERERERERkRFjAJCIiIiIiIiIiMiIMQBIRERERERERERkxBgAJCIiIiIiIiIiMmIMABIR
ERERERERERkxBgCJiIiIiIiIiIiMGAOARERERERERERERowBQCIiIiIiIiIiIiPGACARERERERER
EZERYwCQiIiIiIiIiIjIiDEASEREREREREREZMQYACQiIiIiIiIiIjJiDAASEREREREREREZMQYA
iYiIiIiIiIiIjBgDgEREREREREREREaMAUAiIiIiIiIiIiIjxgAgERERERERERGREWMAkIiIiIiI
iIiIyIhZlHQBiEqDzMxM/PPPPwCAli1bonz58iVcIqI3j6bXUW5uLg4dOoR//vkHMTExSExMhIuL
Czw8PBAcHIzatWtrvQ1Twf1DRERERETKmMlkMllJF0JXHj16hMOHDwultbKyQqVKleDg4IA6derA
xsZG0rYiIyORmJgIAHBxcUGnTp0kl5dKh4yMDIwYMQIXLlwAAPj4+GDt2rWoUKFCCZeM6M2h6XV0
69YtzJo1C2fOnFH6/a5du+Dl5aXVNkwF9w+pkpaWhp07d8qX27VrBzc3txIsEREREREZklG1APz3
33/xxRdfSF7PwsICnTp1wrBhw9C6dWuYmZmpXWf37t3Ys2cPACA4OJgBwDfYiRMn5A/MAHDhwgVE
RUXB39+/BEtF9GbR5DpKSUnBhx9+iJiYGKXfe3p6ol69elptw5Rw/5Aq6enpCvdIa9euZQCQiIiI
yIQYVQBQUzk5Odi/fz/2798Pf39/zJ07F/b29iVdLDIQKyurIp+x25xuPHv2TCEg0ahRI9jZ2ZVg
iUhfNLmOvv/+e4Xgn4+PDwYOHIgqVaogPT0dlpaWKFPm/4aqNaVrVZNrx5T2DxH9H0P+1vJ3nYiI
6M1l1AHAVq1aoWrVqkU+l8lkyMzMxJMnTxAdHa3wXWRkJO7fv49169bB0dHRUEWlEuTr64sBAwZg
69atAIABAwagTZs2JVwq45CQkIBRo0bJl7dv384HBSMl9TrKzMzEtm3b5MvNmjXDunXrYGlpqbNt
vMk0uXZMaf8Q0f8x5G8tf9eJiIjeXEYdABw9erTarrmpqanYs2cPFixYgPT0dABATEwMZs2ahR9/
/FGh9QkZJ3Nzc8yfPx/jx48HALz99ttC3cCJ6P9IvY7+++8/ZGVlyZeHDh2qMvinyTZMDfcPERER
EREVx+SjW2+99RZCQkKwZ88eNG/eXP55ZGQk/v777xIsGRmSmZkZatasiZo1a/KBmUhDUq6j7Oxs
hWVlrbW13YYp4v4hIiIiIiJlTD4AmM/V1RVhYWEKn23atKmESkNEZFrUtf4jIiIiIiIizRl1F2Cp
GjZsiMGDB+P3338HABw5cgSZmZmoUKGCXrYnk8mQnp6O58+fo0KFCrCxsYG5ubnO8s/OzkZqairM
zMzw1ltvoVy5cjrLG8gbw+vZs2ewt7fXad763i/6lpWVhdTUVFhZWaFSpUp6KXtaWhqeP3+OihUr
olKlSmzpo4K+r4PSwhDXTf7YqS9fvoSdnR2cnJx0mr+h5O+r9PR0VKhQQafXqTGcbzKZDM+fP0d6
ejoqVqwIGxsbvdUxhqgvRenzvDDEPn358iVSUlIA5PVu0FdQvbT9Rr/p9yKl6RooKYasc4iIiEwZ
A4CFNGrUSB4AzMrKwoMHD1C3bl2d5Z+Tk4OjR4/i8OHDiIiIQFpamvw7Z2dndOzYEd26dUPr1q0l
jz+Yk5OD6OhoHDlyBHv37kVcXJzC9+7u7ujcuTN69eoFb29vyWV/+fIlIiIicOjQIdy8eRO3b9+W
f1evXj00a9YMgwcP1mh/6XO/iJg9ezYuXrwIAGjTpg0++eQTtekCAwMxYsQIAEB8fDx27tyJbdu2
4d69e/L0Tk5O8PPzQ3BwMBo2bCi5LAW3kZmZiS1btmDz5s0KM6fa2tqiR48e8PPzQ7t27YT3j+j/
ubCzZ89izpw58uUVK1agSpUq8uXvv/8eR48eBQCFMd4AYNq0aUVmJV2+fLlw908R+r4OVDl27BgW
L14sX54+fTpat24tvP6LFy8wbNgwvHz5EkDexBizZs0qNr2urxtl555MJsOJEyfw22+/4fDhw/K0
48aNK3LOqDunRowYgdTUVABi58a0adPQtm1bSdsojqp95ejoiA4dOiA4OBjNmjUTyq9gvro633Rx
7Wi7f/L/HwX3j62tLQICAtCxY0d07NgRZcuWFcrTEPWltvR1XhTMW5f7tLCkpCRERERgz549OHPm
jPxzS0tLdOrUCaNHj4aPj49GeSv7v5TUb3RBb9K9iD6vAUP+1upjW4a4PoiIiEgRA4CFuLq6Kiw/
e/ZMZ3lfvXoVc+bMUbhJLyghIQG///47fv/9d7Rq1QrffPMN3NzchPJ+8OABPvvsM5XjFt69exd3
797FypUr8e677+KTTz6BlZWVUP779+9HeHg4bty4ofT7Gzdu4MaNG1i3bh0GDBiA2bNnC7ec1Od+
EfX06VNcuXIFQN4DhEg6Pz8/AMDBgwcxZcoUZGRkFEmfmJiIjRs3YuPGjZg4cSImT54MCwvVl52y
bdy8eRMffvihwoNOvrS0NPk2/Pz8MHPmTNSoUUNn/+fCsrOz5esBwOvXrxW+T01NVfi+IGXlz83N
Fd62Ovq+DtTx8fHB/fv35RMKRURESAoAnjt3DufPn5cv50/moIw+rpvC515ubi4WL16Mn376Saj8
6s6pBw8eFAmQ5VN2brx48ULyNpRRt6+SkpKwdetWbN26Fd27d8eHH34IT09Ptfnq+nzTxbWjyf6J
jo7GN998g3Pnzin9Pi0tDZs3b8bmzZvh4+ODzz77TCioZIj6Uhv6Oi8A/e3Tgv766y/Mnz8fiYmJ
Rb7Lzs5GREQEIiIiMGLECMycOVNS3gWVht/ofG/avYg+rwFD/tbqeluGuD6IiIioKI4BWEjhLjM5
OTk6yffYsWMYOHCg0htLZd10Tp06hcDAQPmbY1WOHj2Kfv36KX0ItbGxgaOjY5HPf/31V3z66aeQ
yWRq81+7di3GjRtX5Ibb0dER9evXL3JzunXrVsyYMUPpw3th+twvhnD69GmMGTNG4Ua+uJv1H3/8
ET/++KPkbTx69Ahjx44tcpOtbP8cPHgQw4YNw61btyRv502n7+tAhI2NDQIDA+XL27dvlwcDRezf
v1/+t62tLXx9fZWmM9R1s379euHgX2l19OjRYveVsmt17969GDJkiNprqDScb7pw8OBBDB48WOmD
uLJz6cKFCwgJCcG+ffskb8sQ9aUofZ0XgP73qUwmw7JlyzB16lSlwb/C2/jtt9/w3XffCeVdWGn6
jTaGe5HSdA2UFEPWOURERKSILQALefTokcJypUqVtM4zOjoa77//vkIwcfjw4QgMDISHhwcqVKiA
58+f4+bNm1izZg0iIiIAACkpKZg8eTI2bdqEatWqKc37+vXrmDhxokKXjNatW2P06NFo0KAB7O3t
YWZmhpSUFJw7dw4LFizA3bt3AQA7duxAp06d0KtXr2LLfvXqVcyePVu+XK1aNUyYMAH+/v7yvF++
fImYmBgsW7YMkZGRAIDdu3fD29sbY8aMKZH9Ygjx8fHYu3cvgLx9Pm7cOLi7u6NKlSp4+vQp7t+/
j59++gnHjh2TrxMeHg4/Pz94eXkJbeO///7DnDlz8PDhQ1hbW2PSpEno3LkzXF1dUa5cOaSmpuLC
hQtYu3YtTpw4AQB4+PAhxowZg7/++gtvvfWW7v/jakyfPh0ff/wxgLyWAUFBQfLv1q1bV6QbZMWK
FbXepr6vAykCAgLw22+/AQAyMjJw6tQpdO3aVe16GRkZ2LFjh3y5f//+SveNoa6bq1evyh+GPTw8
MGLECNSqVQtVq1aVd1GWaseOHfLgl8i5UbhbmVQXL17EmDFjFPbVoEGDEBgYiDp16qBixYrya7Xg
vkpOTsbEiROxbt06he7t+fR1vhn62jl37lyROnro0KHo27cvateujYoVK+L58+e4c+cOduzYIT+v
s7OzMWHCBGzYsAGtWrUS2pYh6ktR+jovAMPs0+3bt2PhwoXyZQsLC0yYMAEBAQGoUaMGypcvj2fP
nuHy5ctYt24dDh48iBUrVsDW1lbSfipNv9HGcC+i62vAkPWFrrZlyDqHiIiIlJAZkbNnz8pq1qwp
/3fo0CHJefzwww8KeSQlJSlNN2nSJHma6dOnF5vf8+fPZT169JCnbdWqlezAgQPFps/JyZGtX79e
Vrt2bbX55+bmyoYPH65Q3iVLlshyc3OLzf/p06eyNm3ayNMPHDiw2LQymUz22WefydO2aNFCFhsb
q7Lsn376qTx906ZNZcnJyUrT6nO/aEL0eBZMl/9v2bJlslevXilN/+rVK9mCBQsU0n/++efCZcn/
16FDB9mtW7eKXefly5eyhQsXKqwze/ZsnfyfC4uKilLYzuPHj4tNGxMTo5D20qVLwtsRZYjrQIqc
nBxZp06d5HlPmTJFaL0DBw4o/B/Onj1bJI2+rxtl597ChQtlGRkZQv8HKeeUpueG6DbS09Nl3bt3
l6etW7euyn31+vVr2YYNGxTKpCx/Q51v+t4/qampsi5dusjT1q9fX3bkyBGVeUdFRcm8vb0V6qXi
6vjCZdFXfSmVvs4Lmcww+/TRo0cyHx8fhd/lK1euFJs+JydHtnz58iLHoWbNmrKoqKhi1yttv9Fv
6r2Ioa4BQ/zWarstQ1wfREREpBq7ABfw33//Yd26dfLlpk2bwsHBQas8d+3ahevXr8uX89/mFsfc
3BwhISGYMGGC/LMtW7YgNja2SNrc3FwMHjwY3bt3BwC8++67mDRpksqBqe3t7TFlyhT58pkzZ/Dw
4cNi0+e/RQeAoKAg1K5dW2XZp0+fDmdnZ/To0QOhoaHFdnXT534xpA4dOmDMmDHFduGxsLDAxIkT
4e7uLv8sIiJC8lg8ixcvhoeHR7Hfly1bFh999JFCq6LffvsNDx48kLSdN5EhrgMpzM3NFVpH7N69
Wz4zpyoFrzUPDw80adKkSBpDXze9evXClClT9DYTuj7t2LFDoavg3LlzVe4rMzMzDBkyBKNGjZJ/
tmXLFiQkJCikK23nm6Z27NihMKzAvHnz0KFDB5Xr+Pr6KnQljYuLw59//im8TUPVl6ro67zIz1vf
+3TLli0K9cn333+vcnIZc3NzjBkzBsHBwSrLUVhp+402lnuR0nANlJSSqHOIiIhIEQOA/19ubi6W
Ll2K5ORk+WcFH+I1kZOTg19//VW+PGrUKDRv3lxo3ZEjRypMSHLo0KEiacqWLYuAgAAsXboUf//9
NyZPniyUd+GuJMrGEALyZtoruD8KT5CijK2tLY4dO4YlS5Zg4MCBsLe3L5JG3/vFkKZOnQpzc3OV
aSpUqICRI0fKl5OSkhAfHy+8jS5duigNBhVmbm6O0aNHK3y2a9cu4e28qfR9HWii4ANkTk6OvHt2
cVJTU7F792758oABA4qcVyVx3YSGhup9Rk99ePXqlbzrGADUr18fPXv2FFp3yJAhsLe3l/8rGBwA
Suf5JtXLly+xZs0a+XKDBg3kAU11unbtqlAfrVmzpsisoMUxRH2pij7PC0Ps04yMDKxfv16+3LZt
W7Rs2VJt/mZmZvLZZ0WUtt9oY7oXKelroKSUVJ1DREREit68Jzs9uH//PsaNG6fQ+q9mzZro0aOH
VvnevHlT4a3wsGHDhNe1tbVVaM2lLoDg7OwsPL5P5cqVFZafPn2qNF25cuUUZpH8+++/hQavL1u2
rMrvDblf9Kl8+fKoU6eOUNrCMwVKmV363XffFU7bsGFDhTfqJR0gNTR9XAea8PDwUJj9N3/cp+Kc
OHEC2dnZ8uUuXboUSWPo68bNzU3oQbs0unnzpkJLk0mTJqFcuXJC67q7u+PcuXPyf506dSo2bWk5
36S6ceOGwmzMo0aNUhuUyFemTBmF4MTjx4+LBMOUMVR9qYo+zwtD7NNr164pBMJGjhwJMzMzoW3U
q1cP3bp1E0pb2n6jjeVepDRcAyWlJOocIiIiKsqoJwE5f/58sYPVZ2dnIyUlBZcuXcL+/fsV3iZa
WFhg4cKFsLa21mr7V69elf9dvXp11KhRQ9L6NWvWlP996tQpZGZmat0VTyaTFblRVTVDXtOmTeXd
pXbt2oXq1atj7NixsLGx0bgMpXG/aKJx48bFduMprPAA4QVnAFSnadOmksrVs2dPHD16FEDe4OYp
KSmws7OTlIexk3odaCIwMFA+Q2xkZCQSEhLg7OysNG3+oPIA0K5dO4VzPJ+hr5vGjRtLyr80uXLl
isJymzZtSqgkeQxxvklReP+o6vKoTOfOnWFhYSGfNOHKlStq6ylD1Zeq6PO8MMQ+vXbtmsJywZcM
Ijp16qRQ1xSnNP5GG8O9SGm4BkpKSdQ5REREVJRRBwB/+uknyes4OjoiPDxcqMulOjExMfK/3d3d
ER0dLWn9zMxMheW0tDThm2iZTIbExET8+++/SEpKwpMnTxAXF4dLly7h7NmzwmV477338Ndff8lv
PpctW4atW7eiZ8+e8PX1hbe3NxwdHcX/UyjZ/aJLLi4uwmkLtzIRab0A5LUkE22hkq/w7JTx8fEm
GwDU1XWgiY4dO8LS0lLesu/EiRMYMGBAkXSJiYkKD+X9+vVTmp+hrxtLS0tJ+ZcmBVv1uLq6ahUk
kKIkzzcpbt26Jf/bw8ND8suu8uXLw9PTU94KR2T8M0PUl+ro87wwxD7Nn0kaAOrUqaP1b0NxSuNv
tDHci5SGa6CklESdQ0REREUZdQBQCgsLCwwbNqzIuC7aKNhV59ixYzh27JhW+aWnp6Nq1arFfv/w
4UMcPHgQZ86cwcWLF3UyxlSNGjWwcOFCfPLJJ0hPTweQF7BYvXo1Vq9eDSCv22nbtm3Rvn17oTfc
ht4v+mKIsdFq1aoleR0nJyeF5efPn+uqOG8EfVwHmrCzs0Pv3r3xxx9/AMhrtaIsABgVFSX/29LS
Eu3atVOan7FcN4ZQcF8V7DqoD6XlfJOi4CQSBScbkKJWrVryh/GC+7s4pWEsSX2eF4bYpwW3oclv
g2iArDTWNcZwL1IaroGSUhJ1DhERERVl1AFADw8PpQM/A3lvEx0cHFClShU0bNgQjRs3Fn47Lkpk
5k8piusCcvXqVSxZsgQHDhwQyqd79+5qxyQryN/fH7Vr18a8efNw8ODBIt9fvnwZly9fxo8//gg3
NzcMGzYMQ4cOLbZ1gqH2izEoHMwTUbi1nzHvn4L0fR1ookePHvIAYFRUFB48eFCkm1nByT8CAwOL
ba3J60Zcamqq/G8prW6kKI3nm6iC+6dwV0NRBQMdJTmeoRT6PC8MsU8LbkOT+xXRluClta7hvcib
y1TrHCIiotLGqAOAM2bMUDmAu75ZWVnJ/3Z3d9d6TK2KFSsW+ezw4cMYN26cfFyUgho3bozatWvD
1dUV1atXh5ubGzw8PGBmZib5QdTd3R0rVqxAfHy8/E15VFSUwsQFABAXF4c5c+bg0KFDmD9/vtLW
lIbYL8ZCk5vcwoOFF9zfxspQ14FULVq0gLOzMxISEgDktTIpONB8/vWUT9WsiLxuxBXshvfff//p
PP/Ser6JKrh/Cj6YS5GWlib/+005l/R5Xhhinxb8LCkpSXL+ohNJlOa6hvcibyZTrXOIiIhKG6MO
AJa0gq0P3d3dsXDhQp3m/+TJE0ydOlXhIbRnz54IDg5G48aNi71B0qZLqKurK0JCQhASEoKsrCzE
xsbi6tWrOHjwoEIg49SpU5g5cyZWrVpVZKY3fe8XY3Lv3j3J6xTugqjrG+XXr1/rND9tlcR1IMrS
0hJBQUFYsmQJAGDHjh0KAcCC14yrqyuaN29ebF68bsQVbOlUcOwpXSjN55uogvun4MycUhRcz8HB
QesyGYI+zwtD7NOC29Dkt0E06Pkm1DW8F3mzmGqdQ0REVNqY7oAkBlCwu8LZs2eRm5ur0/wjIiIU
3oiGhoYiPDwcvr6+KoM+ugrglC9fHo0aNUJISAjWrFmDiIgINGvWTP798ePHsX///iLr6Xu/GJNb
t24pbWWkypMnTxSWRcZ9Ktx6QpWC51xpUNLXgTpdu3aV/33hwgWFwMOOHTvkfw8YMEDloP68bsRV
r15d/ndsbKxOZ9wt7eebiIKtoW7evCn5XJLJZPIZWQvnV5rp87wwxD4tWAfcunVL8jbyWyKr86bV
NbwXKf1Mtc4hIiIqbRgA1KNGjRrJ/05LS8OjR490mn/+YMhA3s3Q2LFjYWZmpna9f//9V6flyFen
Th0sXrxYYfbQq1evFkmn7/1iTHJychSOs4iCk0q4ubkVO9ZVwWCFlBn17ty5I6k8+lbaroPC6tev
rzCr+NGjRwHk7cdz587JPy8YKFSG1424Bg0aKCwrq4c0VdrPNxENGzaU/52VlYVLly5JWv/y5csK
QdCC52Zpps/zwhD71NvbW/53dna25G2cP39eKN2bXtfwXqT0MdU6h4iIqLRhAFCPvL29FWahkzr+
U0pKisq3pAVbevn6+grPMCcl2AMAmZmZwi0HXF1d4ePjI19WFizS934xNr///rtw2nv37uHPP/+U
L7dv377Y4ETBLjk3btwQatmXkZGBXbt2CZenMKmtGUUY6jrQlJmZGfr37y9f3r59O16/fi0PBAJA
06ZNUadOHZX58LoR5+3tjfLly8uXV65cKbxuamoqvvnmG/m/K1euKHxfUuebLq8db29vheDI+vXr
Ja2/ceNG+d8WFhZFAmullT7PC0PsUy8vL4VlKdt4+PCh8G9Jaa1reC8iTh+/tdpsy1TrHCIiotKG
AUA9cnR0xODBg+XL4eHhuH37ttC6ubm5GDt2LNq2bYvZs2crBAvyFQzgiL65zszMxIoVK4TSRkZG
YuzYsWjatCk+/PBDyGQyoXIXHJvI1ta2SBp97xdjs3nzZuExczZv3qyw3Lt372LTenp6KiyLPBwu
XrxY0thThYMjhccn1AV9Xwe6UHAyohs3buDatWvYvn27/LP+/furbUXG60acnZ2dwr46cOAALly4
ILTu7t278csvv8j/FewmmJ93Pn2eb/q8duzs7BASEiJf3r59u3CA8u7du/KZrQFg8ODBQsMMlAb6
Pi/0vU+rVKmCwMBAhW2IjmVYMH91Sltdw3sR9QzxW6vNtky1ziEiIiptGADUs5CQEPkb5uzsbMye
PRuPHz9WuY5MJsPKlStx7tw5JCQkYO3atUofNOvVqyf/+9SpU2ofBF69eoXFixfj2rVrQmU3NzfH
gQMHkJ2djXPnziEiIkLtOnv27FF4Q19cNw197hdjNGvWLGRkZKhMs2/fAQRhEwAAIABJREFUPoUg
Q8uWLRW6nhZW+NiEh4fj1KlTStO+fPkSa9aswZo1aySUWjFYAgAnT56UtL4IfV8HuuDs7IyePXvK
l7/88kuF7YvOVs7rRtygQYMUWpyEhYWp7YZ77do1/PDDD/Llbt26FXnQNNT5pu9rZ/DgwQr7JzQ0
VO3MsikpKZg2bZp82cLCAkOGDNFpufRNX+cFYJh9WjBgBQCffvopUlJSVG4jKioKy5cvV5mmsNJU
1/BeRD1D/NZquy1TrXOIiIhKEwYA9czT0xOffvqpfPnvv/9Gr169sG3bNqUBnbt37+KLL77AggUL
5J+5ubmhX79+RdL6+fnJb6ZycnIwceJE/PPPP0XejstkMly9ehUjRozA6tWrYW1tLVR2X19fVKtW
Tb780UcfYdOmTcjMzCySNiUlBatXr8ZHH30k/8zR0bHYcc30uV+MSfPmzeHl5YUTJ05g+PDhOH/+
fJHJBJKSkvC///0PEyZMkH9mYWGBzz//XGWrspo1a6J79+7y5ezsbISEhGDBggU4ffo0EhISEBsb
i4iICAwZMgRff/01rK2tMWPGDOHyOzg4KMxsu2HDBvz888948OABkpOT8fDhQ+G8iqPv60BXevXq
Jf+7YKujPn36wMnJSSgPXjfiPDw8FPZVTEwMBg4ciH379hWZ/OHFixfYvn073n//fSQnJwPIm8H5
vffeK5Kvoc43fV87tWrVUtg/V65cQVBQEA4fPoyXL18qpH358iWOHj2KoKAgREdHyz+fMWOG2q7r
pY2+zgvAMPu0adOmGD16tHz5woULGDx4ME6cOFGkO2paWhpWr16NMWPGICcnB8OHDy8238JKU13D
exH1DPFbq+22TLXOISIiKk0s1CchbQ0fPhxxcXFYu3YtgLwb1NDQUISGhsLLywteXl7IycnBvXv3
cPHiRYV1nZ2dER4ejgoVKhTJt1atWvjiiy/w2WefAQBu376NwYMHo0GDBvDy8oKdnR3i4uJw4cIF
hTfh3333nUKwqDhWVlaYN28e3n//fWRnZyMnJwefffYZ/ve//+Gdd96Bi4sLsrKy8ODBA5w9exbp
6ekK68+dO1dlNw197RdjUrNmTQQHB2PQoEG4ePEigoKC4OnpKR/LKj4+HidPniwyBs+8efNQt25d
tflPmTIFUVFRCsdu+fLlxbYWmT59Ot5++21J/4fQ0FAMGTJEXsb58+dj/vz5APIepi9cuKAwLpdU
+r4OdKVNmzaws7Mr0lqnYMtAEbxuxIWEhOD+/fv49ddfAQDx8fGYMGECnJyc8M4778DOzg6PHz/G
lStXinRjmzdvntIWtIY83/R97RTeP3FxcXjvvfdQrVo1NGnSBA4ODkhOTkZ0dDTi4+OLrCsloFSa
6OO8KC5vfezTyZMn49atWzh+/DiAvPElhw8fDjc3NzRq1Ai2trZ48uQJoqKikJWVBSBvPNhp06bJ
6w0RpaWu4b2IGH3XF7rYlqnWOURERKUFA4AGYG5ujs8//xwuLi5YvHgxsrOz5d9du3at2K5hHh4e
WLZsGTw8PIrNe+DAgYiNjZXfTAF5b1ULD1Ceb/78+WjTpo1w2X19ffHzzz9j7Nix8nInJCRg586d
xa5Ts2ZNzJw5Ex07dlSZtz73izHx8fFBeHg4Jk6cCCDvYa+4sXNsbGwwd+5c4aBSrVq1sGzZMkya
NEntJCCzZs1CSEiI5K5FzZo1wxdffIFZs2YV+S47Oxu3bt1SmCFQE/q+DnShQoUKGDBggMLEA46O
jmjVqpWkfHjdiDM3N0dYWBgqV66M77//Xv6wmpiYiN27dytdx87ODqGhoejTp0+x+RrqfNP3tWNu
bo6ZM2eiSpUqWLRokXz/PH78uNhukBYWFpg8eTLGjRsHc3NzjbddkvR1XuTnre99WrFiRSxZsgRh
YWEK5Y2Li1M6XqyPjw8WL16MsmXLqs278P+ltNQ1vBdRzxC/tdpuy1TrHCIiotKCXYANpEyZMnj/
/fcRGRmJ9957D87OzsWmbd68OZYuXYqdO3eqvbE0MzPD559/ji1btqgMJPTo0QPbtm1DUFCQ2skG
CmvXrh2OHDmC6dOnqyy3m5sbFixYgD179qi94c6nr/1ibLp164a9e/cW243J1tYWI0eOxL59+yS3
KGvTpg127NiB4cOHw8bGpsj3gYGB2L59O0aOHCn53MkXEhKCHTt2oHPnzkW+08VsvIa4DnQhICBA
YTkoKEijliO8bsSZm5tj/PjxiIiIwNChQ5VOBgDktVoZP348IiMjMWjQIJV5GvJ80/e1U6ZMGYwd
Oxb79u3DsGHDiozvlc/W1hYhISHYu3cvJk6c+MY/iOvjvMhniH1qY2OD8PBwrFixothz0MbGBjNn
zsTatWuLLYPI/6W01DW8F1FP3/WFLrZlqnUOERFRaWAmE5lOjXQuJycHsbGxSEpKQmpqKipUqIAq
VarAyckJTk5OGj0svn79Go8fP8ajR48QHx8PMzMzVK1aFa6urqhevbpOyv3ixQv8+++/SEpKQmJi
Il6/fg0bGxvUqFEDbm5uWt+g6WO/vGk++OAD7NmzBwAQHByMefPmyb+TyWR48OAB7ty5g2fPnsHa
2hoODg6oW7euTrogvXjxAg8fPkRGRgbs7Ozg5OSksy5D+Z4/f474+Hjk5OTA3t4eVatW1elxNcR1
UNrwuhGXlZWF2NhYPH36FM+ePUP58uVRuXJlja8hQ55v+r52gLw6ICYmRr5/bGxs4ODggDp16ui8
LihNdH1eFGSIfRofH4+4uDgkJyejTJkyqFy5MurVq6f0pY42Sktdw3sR9QxRX+hiW6Za5xAREZUE
BgCJShlVAUAiIiIiIiIiIqnYBZiIiIiIiIiIiMiIMQBIRERERERERERkxBgAJCIiIiIiIiIiMmIM
ABIREf0/9u49Pufy8eP4e7bMsM2MmeOcz+UY5ZDKoUgOUSEph3KWhFBRIqeQnM8iHZTIYRGikByT
EDmfN6fZZkeb+/dHP31pn/uw3du9ex+v5+Px/cPnuu7ruuxz+ba9dx0AAAAAwMQIAAEAAAAAAAAT
IwAEAAAAAAAATMwrswcA4F4NGzZUxYoVJUnFihXL5NEAAAAAAICszsNisVgyexAAAAAAAAAAMgZb
gAEAAAAAAAATIwAEAAAAAAAATIwAEAAAAAAAADAxAkAAAAAAAADAxAgAAQAAAAAAABMjAAQAAAAA
AABMjAAQAAAAAAAAMDECQAAAAAAAAMDECAABAAAAAAAAEyMABAAAAAAAAEyMABAAAAAAAAAwMQJA
AAAAAAAAwMQIAAEAAAAAAAATIwAEAAAAAAAATIwAEAAAAAAAADAxAkAAAAAAAADAxAgAAQAAAAAA
ABMjAAQAAAAAAABMjAAQAAAAAAAAMDECQAAAAAAAAMDECAABAAAAAAAAEyMABAAAAAAAAEyMABAA
AAAAAAAwMQJAAAAAAAAAwMQIAE3MYrFk9hBSuH37dmYPAQAAAAAA4L7ildkDcIXk5GQdOnRI27dv
18mTJ3Xp0iVdvXpVwcHBCg4OVrly5VS3bl2VKVNGHh4eTvdnsVh06NAh/fHHHzpw4IAuXbqkK1eu
KHv27AoMDFTJkiX10EMPqXr16ipSpEg6/A2lxMRE7du3T5s3b9bRo0d15swZnTlzRkWLFlWRIkVU
q1YtPfzww6pdu7Y8PT3TpU97IiIitHPnTu3evfvfr8PFixdVqFAhFSpUSNWrV1fNmjVVu3Zt+fr6
Ot3fna/7gQMH9McffygsLEyXL1+Wj4+P8uXLpxIlSqhatWqqWbOm8uXLl279ufI9O+PYsWP67bff
rJYHBASoefPmdts5c+aMfvnll3QZU4MGDVSsWLF7nh0/flw7duxIl/bv1rFjx3T59w0AAAAAQFbj
YXHHZWLpxGKxaMOGDRo/frxOnjxpt37VqlX19ttvq3bt2mnub/369Zo7d65+//13hz7TokULde/e
XRUqVEhznxs2bNDo0aN17tw5u/UrV66sPn36qEmTJmnqzxE3btzQ559/rvnz5ysyMtJu/eDgYPXo
0UNt27ZVzpw5U93fna/B/PnztXv3brv1fXx81L59e3Xr1k3BwcFp6s/V79lZiYmJ6tixo/bs2WO1
ToMGDbRw4UK7ba1bt069evVKl3EtXbpUjz766D3PNmzYoO7du6dL+3c7fvy4smVj0TMAAAAA4P5j
2p+GIyMj1adPH/Xo0cOh8E+S9u/fr/bt2+v9999XYmJiqvqLiIhQnz591KtXL4dDIUlatWqVnnnm
Gc2aNSvV22NjY2P11ltvqUePHg6Ff5J08OBB9ejRQ++++67i4+NT1Z8jDh06pPbt22vSpEkOhX+S
FBYWpvfff1/dunXTpUuXUtVfRESE+vfvrx49ejgU/klSXFycFixYoFatWmnLli2p7s/V7zk9fPnl
lzbDv9SIiIhIl3YAAAAAAIBrmDIAjIyMVN++ffXDDz+k6fOLFy/W0KFDlZCQ4FD9GzduqHv37mnu
T5LGjx+vcePGOXxuX3x8vAYNGqSVK1emqb8vvvhCQ4cOTXXQacvhw4fVoUMHHT16NE2f/+2339Su
XTtduHDBofoRERHq2bOnVq9enab+Ll++rNdff12bN292qH5mvOf0cObMGX388cfp1t7169fTrS0A
AAAAAJDxTBcAWiwWDRs2TNu2bXOqnRUrVjgcmkycONHu6qqAgAB5e3vbrDN37lytX7/eoT5HjRrl
VBAlSd9//71DWz4dce3aNfXu3VvR0dFOtXPu3DkNGzbMbvhqsVg0atQo7dq1y6n+kpKSNHDgQIWF
hdmtmxnv2Vm3b9/W2LFjFRMTk25tXrt2Ld3aAgAAAAAAGc90l4CEhobaDMYaNmyopk2bKm/evAoL
C9OKFSusbh2dP3++nn76adWoUcNqe0eOHNHSpUsNy3x9fdW/f381bdpUQUFBSkpK0pkzZ7RgwQJ9
/fXXhp+ZMGGCGjVqJC8v669m+/bt+uKLL6yWV69eXfXr11dAQIAuXbqkDRs2WN0GPXHiRDVp0kQl
SpSw2p4jFi1apDNnzhiW5cuXT2+99ZaqVKmiwoULKywsTH/++acmTZqkixcvpqi/detWLVmyRN26
dbPa3/bt27VixQrDMi8vL73yyiuqX7++ChYsqNjYWB0/flyzZ8/W8ePHU9SPiIjQggULNGzYMKv9
ZcZ7Tg9r165N97DxypUrhs+fe+65VLfl5+eX4llgYGCa2pKkAwcOGL7jjP46AwAAAADgzkx1CUhM
TIwaN25sdTXX+PHj1bZt23ueJScna9asWZo4caLhZ6pWrapvv/3W6uUBM2bMsLpS0OiCgzs+/vhj
zZgxw7Bs2bJlqlmzpmFZQkKC2rRpo8OHD6coCwgI0NixY9WoUaN7bjuNj4/XvHnzNGnSJMM2+/bt
qzfffNOwzBFXrlzRY489Zrhqr2bNmpoyZYoKFiyYouzy5csaPHiw4Y2yQUFB2rRpk3LlymXY51tv
vWUYAObLl0+LFy9W+fLlU5TFxsaqd+/e+vnnn1OUBQQEaNu2bfLx8THsz9XvOT1cvXpVLVq0cGh1
o+T4JSDPP/+89u7de8+z0qVL68cff0zTONNLYmKiWrdurb/++itFWdeuXfXOO+9kwqgAAAAAAMh8
ptoCvHXrVqthx8CBA1OEf5Lk6empXr16qV27doaf279/v/bv32+1T6PVRpLUpk0bq6GQJPXq1ctq
2GRtJZ0k7dixwzD8k6Rp06apcePG94R/kpQjRw717t3b6t/xm2++cepiit27d1vdsjtixAjD8E/6
J+R7//33Db8Oly9ftrqS89atW1bP/Rs5cqRh+CdJOXPm1HvvvWdYFhERofPnzxuWSa5/z+lhypQp
hv8eGjZs6FS7Rmc0FitWzKk208P69esNwz8vLy916tQpE0YEAAAAAIB7MFUA+N133xk+Dw4O1quv
vmr1cx4eHurbt6/VbYKhoaFWPxsbG2v4vEqVKtYHqn/CqFq1ahmWxcXFWf2cteCrc+fONoMoDw8P
qwFgWFiYw7cIG7F2Lt7zzz+vSpUq2fxs8eLFrb4ba1tXr169qqSkJMOy2rVr2+yvRIkSKlSokGGZ
rcstXP2enfXrr78ablmuVq2a3njjjTS3m5CQYBgqWgt5XSUxMdHqSstXX31VRYsWdfGIAAAAAABw
H6Y5GOvatWvauHGjYdnLL7+snDlz2vx8wYIF1aZNG8Mz25YvX66hQ4fK09MzRZm1rY/WAqq7WbuB
NyQkxPB5RESE1QDQWrh3t4ceesjqWYDOuHTpkuFze+HfHZUrVzZ8vm3bNsXGxqZ4dwULFnTq7/HA
Aw8YPs+fP7/Vz7jyPTsrJiZGI0eONCx79913lSNHjjS3HRkZafg8KCgozW2mhx9++MHw9mlW/wEA
AAAAYKIVgCdOnLBa9sgjjzjURr169QyfR0ZGWl0hV7ZsWcPn9m6LjYyMtHr5SMmSJQ2fHz161DBw
qlChgkqXLm34GYvFYvdGXWddvXrV8HmBAgUc+ry1egkJCTp27Fiax2Xk7Nmzhltvvby8VLhwYauf
c+V7dta8efP0999/p3jeo0cPVatWzam2rQWA/w1Pk5OTde3aNZ05c0bXr19XcnKyU/3akpCQoOnT
pxuWdenSRUWKFMmwvgEAAAAAyApMswLQKPC4o1y5cg61UbFiRatlx48fV/HixVM8b9SokUqXLp3i
jLjQ0FBt3LhRjRo1SvEZi8WiTz75xDDM69Kli9Ugytrf8ZFHHvn33D+LxaI///xToaGh2rdvn44e
Paro6GgFBwerevXqevzxx9W4cWP5+/tb/bumlq+vr+Fzo7PijJw+fdpq2ZkzZ+xus3VUYmKiRo0a
ZVjWtWtXeXt7W/2sK9+zMw4dOqQpU6akeB4SEqLu3bs73b61ADBfvnySpD/++EPff/+9Vq1adc+W
6nz58qlZs2Z6+umnVbt27RTnVDpj7dq1hmc0ent7q2PHjunWDwAAAAAAWZVpVgCeOnXK8HnZsmXt
bv+9Izg42GqZtZAqZ86cGjJkiGFZ3759NX36dJ09e1ZJSUmKjY3VoUOH9MYbb+izzz5LUb9QoUJ6
7bXXrI7B2uUfd7ZfhoeHq3v37mrVqpXmzJmjPXv2KDo6WtI/5/yFhoZq8ODBatq0qb777jul1wXQ
1lbw2bo85W7WVshJUlRUVJrGdIfFYlFERIS2bNmil156SZs2bUpRp0iRInr99ddttuPK95xWt27d
0ujRow3L3nvvvXQJfSMiIgyf+/v7a9y4cWrdurUWLVqU4jzFq1evavHixerQoYP69Omj8PBwp8ci
/XPDtbWz/zp37szqPwAAAAAAZKIVgDdu3DB8XqJECYfb8PHxUUhIiOEW0TtBmpEnn3xSc+fOVf/+
/RUTE/Pv84SEBE2cOFETJ06Ut7e3za24lStX1rRp02xum7V21l5gYKD+/vtvdevWzeZNtneEhYVp
4MCBOnr0qAYPHmx4tmFqVK1a1fDsxDVr1qhDhw42t2Dv2rXL8LN3pCUAnDZtmlatWiXpn3lhbYuy
JNWqVUvjx49XQECA3XZd9Z7TatmyZfrtt99SPG/VqpWeeOKJdOnDWgA4efJkw76N3Dmvb/bs2SpV
qpRT41mzZo3heZCs/gMAAAAA4H9MswLQ2tZEa9tTrbG2SurmzZs2P9ewYUOtXr1ab775puEts9ZC
oWrVqmns2LFasmSJihUrZrMPa7fUZs+eXYMHD3Yo/Lvb3LlzDVeopZa1W24lafjw4Tpw4IBh2e+/
/65hw4bZbNtasGtLbGysjh8/ruPHj1sN/5588klNmDBBCxcutPt1v5sr3nNanD9/XuPHj0/xPCAg
QIMGDUq3LbfWAkBHw787Tp48qf79+1v9d+uIuLg4zZw507CsS5cuVm97BgAAAADgfmP6FYA+Pj6p
aid37tyGzx1ZiRYcHKxq1arp+PHjunjxokP91a1bV5UrV5afn5/duleuXDF8Pnny5HtWLRYtWlS1
a9dW3rx5deDAAe3Zs8fqbbWjRo1S3bp1HT4n0UiJEiXUtm1bffvttynKjh8/rrZt26pr166qWrWq
ChcurPPnz2vv3r2aP3++3bbT86y4O2rVqqX27durSpUqqZ4fUsa/59SyWCwaN26c4SrVIUOGqGDB
gunW17Vr12yWlytXTg0aNFCePHl06tQp7dmzx+r2/EOHDmnOnDkaNGhQmsayZs0aw7ZZ/QcAAAAA
wL1MEwBau8Dh9u3bqWrHWlBm64II6Z9tjSNGjLC53dTItGnTNG3aNNWoUUPjxo2zeTOstRWAd8I/
f39/jRgxQi1btrwnODtz5oyGDx+urVu3Gn5+wYIFGjduXKrG/V+9evXSpk2bDFeIJSUlafbs2VY/
W6NGDZUuXdpwK3BqV3A6YteuXdq1a5ekf1b0DRs2zOGt4q54z6m1fv16rV27NsXzevXq6bnnnku3
fqR/ztRs1KiR9u7de8+7Ll26tIYPH666deveM/eSk5P15ZdfasyYMYqLi0vR3oIFC9SxY8dUh5Sx
sbFWz/7r2rVruoaeAAAAAABkdabZAmxtZVVsbGyq2rG21dda+8nJyZo4caJ69+5tNRQKDg5WkyZN
VKdOHeXKlcuwzt69e/X8889ry5YtVsdmL9RYtGiRWrVqlWLVXEhIiObOnatHH33U8HMrVqxwaium
JBUvXlwTJ06Ul1fqMuVcuXLpo48+shq8piUADA4OVsOGDdWwYUPVqlXLZhubNm1Sq1at/j0z0BpX
vufUiIiIMLzZ2MvLS++8847T5zv+V9u2bTVnzhzt2rVLW7du1eeff66RI0dq4cKFqlevXoq55+np
qY4dO2ry5MmG7SUkJFgNpm1ZtWqV4VmdPj4+eumll1LdHgAAAAAAZmb6ANDaqjkjFotFly9fNiyz
FiJ9++23mj59umFZgwYNtHr1am3fvl2zZs3S559/rv3792vGjBkKCQlJUT8iIkK9e/c2DDak/932
a6Rv376qUqWK1fLs2bNbPW8vKSnJ6jl9qfH4449r8eLFNsd5t3Llyumrr75SmTJlrF5wkpYAsFOn
Tpo7d67mzp2rr776Sr///ru2bdumAQMGGJ7xGB0drf79++uvv/6y2qYr33NqTJ061XAb8ptvvunU
tm57PD09VbhwYdWpU0cdO3ZU4cKFbdZv3Lixnn32WcOyX3/9NVV9x8bG2jz7j9V/AAAAAADcyzQB
YL58+Qyf2wp1/svWjbFGt8SGhYUZXrwgSU2aNNG8efNUqVKle1ZFeXp66umnn9YXX3yh4ODgFJ+L
i4vT2LFjZbFYUpQFBgZaHftTTz1lteyOSpUqqXTp0oZl1gK41HrkkUf0ww8/aMCAAVYvYShdurTe
e+89ffXVV6pUqZIk6dy5c4Z1U3OLszXZsmVToUKF1KdPHy1YsMDquX+jR49WcnJyiueufs+O2rlz
pxYtWpTiecWKFfXKK6+kud2M4OHhoYYNGxqWnThxIlVtrVy50nC+sPoPAAAAAABjpjkDsGzZsobP
L1++rKtXr1oNCO9m6xbdMmXKpHi2fPlyq7eiDh8+3Ob2y4IFC2rIkCHq379/irL169dr//79qlat
2j3Pba2yKl68uNWyu1WtWlXHjx9P8dza3yMtAgIC1KdPH/Xs2VNHjx7V5cuXFR0drbx58yooKEgl
S5a852sTGRlpNQBMz7PypH9u4+3Xr5/hmYe//vqrLl26pCJFitzz3NXv2VEffvih4fPixYtr+fLl
Vj9nbZXrhQsXtGTJkn//XKZMGT3yyCNpGpu1cRk5ffq0w23ExMRYPfuvW7duhmErAAAAAAD3O9ME
gNZWtknSwYMH9fjjj9ttY//+/VbLjIKo7du3G9atVKmS1dVvd6tatarVst9//z1FMGRri6+jrJ21
l5bbcO3x9PRUxYoVVbFiRZv19u3bZ/i8UqVKhlt2nVW9enWrZefOnUsRALr6PTvq8OHDhs9DQ0MV
Ghqa6vaOHz+uESNG/Pvnfv36pWsAaE1qtnmvWLHCcMtzrly51KFDh/QcFgAAAAAApmGaALBkyZLy
9/c3vMxi06ZNdgNAi8WidevWGZY99NBDhluAra1c+m+AZI1Rm3eEh4eneGYrSDt9+rTdoE36J3BK
7Vjs2bVrl3bu3JniuZ+fn0NbUZctW2b4vFmzZlbrG4VAxYoVc+jW2/9eVHG3sLCwFM9c/Z7d1ZEj
Rwz/jeTMmVOvv/663c9b+zoWK1bMof6jo6Ntrv4rUKCAQ+0AAAAAAHC/MU0A6OPjozZt2mjBggUp
yr7++mt1797dZmCzd+9e7dixw7CsTZs2hs/z5s1rGBjt3r1bycnJdm9gtbX1MXfu3CmelShRQiVK
lNCpU6dSlK1bt85uALh3716rF084s9U2Pj7e6i2v9evXt9n2r7/+qvXr1xuWNWnSxPD50aNHtXDh
whTP8+XLp+bNmyt79uw2x2trpadRWOfq9+yuEhMT9emnnxqWtWzZ0mYAZ7FY9OOPPxqWPfjggw71
v2LFCsP3kCtXLrVv396hNgAAAAAAuB+Z5hIQyfqKsaSkJI0aNcrq9tfo6GiNHDnSaruNGjUyfG7t
3MHr169bDbXusFgsVle+Scarojw9PdWlSxfD+tOmTdMff/xhtb3Y2FirZ8aFhISofPnyNsdry4MP
Pihvb2/Dsvfff18xMTGGZUeOHNHgwYMNyx577DGVKlXKsMza1/3q1auaMmWKzYs1/vrrL02ZMsVq
udE5da5+z+4qJCTE6nueO3euza/7unXrrG5Lrlevnt2+o6KiNGvWLMOybt26OXzz9LFjxzRr1iyN
GTNGoaGhhpe+AAAAAABgNqZZASj9c0Ze/fr1tXXr1hRlP/74o9566y0NGzbsnpVKJ0+e1HvvvaeD
Bw8atvnyyy+rYMGChmVNmzbVypUrDcveeecd+fn5GYYbCQkJWrRmR/Z1AAAgAElEQVRokZYuXWr4
WW9vb6uhSPPmzTVp0iTDSyk6deqkESNGqGXLlvesSjt06JDee+89HThwwLDNTp062V3FZktAQIBe
eOGFey6QuGPbtm164YUX1L17d1WoUEF+fn66cuWKNm/erDlz5lgNB998802r/T3xxBPy8vIyDHRn
zpypc+fO6dVXX1X58uWVM2dOJScn68qVKwoNDdX06dOt9lm/fn3DADAz3rMjevfunabPnTt3TqtW
rUrxvGjRomrRosW/f65cufI95f7+/mrZsqVhoLlgwQJ5enrqtddeu+fCncTERC1ZssTw0hXpn7M7
a9eubXfMy5cvt7r6z9Gz/zZu3Ki+ffsqISHh32dPPfWUpk6dKi8vU/1fIQAAAAAA9/Cw2Fq2kwUd
OXJELVq0sLraz9vbWw0aNFBQUJDOnTunn3/+2WpbQUFBWrNmjdUbhBMSEtSxY0ft3bvXahtPPfWU
6tWrpyJFiighIUFnz57VypUrrV7gIElvvPGG3njjDavly5cv16BBg6yW58uXT48++qj8/Py0Z88e
HT161GrdkJAQrVmzRrly5bJaxxFnz57Vs88+q+joaKfakf5Z0TVs2DCbdT755BOr21HvFhISouvX
rzs0rq+++kq1atVK8Tyz3nNG2bFjh1566aUUzxs0aGC4tfpu9v59+fr66uGHH1ZISIjOnz+vPXv2
2LxhesaMGXr66adt9hkZGamnnnrK8PbiN998U3379rX5eUm6efOmnnzySV29ejVF2YQJE6xu8wcA
AAAAwAxMFwBK0vz58zV69Gin23EknDh27JjatWtnM+RIjTp16mjevHnKkSOH1ToWi0XDhw+3urLM
UT4+Pvriiy/S5XZhSfruu+80cOBAp9qoX7++pk2bZvdm2NjYWHXu3Fm7d+92qr87+vfvr379+lkt
z4z3nFGcCQClf1b7jRo1yulxdOnSRe+8847NS1kk6/+efX19tWnTJqsB/d0OHDigVq1aGZY9//zz
VlcoAgAAAABgBqY6A/COLl26OL2yavz48XbDP0kqU6aMli5dqpCQEKf6k/5ZRTZz5ky7oZCHh4eG
Dh3q1MUHAQEBmjlzZrqFf5L03HPPacSIEWn+fK1atTRlyhS74Z/0z82zs2bNUv369dPc3x0DBgyw
u4osM96zu+rcubPeeustp9ro0KGDBg8ebDf8u3HjhmbPnm1Y9vrrrzsU/km2L1tx5gZsAAAAAACy
AlMGgB4eHurXr5/GjBmT6h/uixYtqjlz5qht27YOf6Z8+fL67rvv1L1799QOVdI/W43Hjx+vqVOn
OhR+Sf8EYB9++KFGjhyZ6r9j/fr1tXz5cj322GNpGa5Nr7zyipYsWZLqoKx///5asGCB8uTJ4/Bn
AgICNGfOHL333nvy8fFJ7VBVuXJlffnll+rTp4/dIErKnPfsjjw8PNS7d28tXLgw1e85KChIEyZM
0Icffmj3tmZJWrZsmeG2XX9/f7344osO9xsSEqI6deoYllm7bRoAAAAAALMw5Rbgu4WFhWnRokVa
uXKl4RlidxQtWlRt2rRRp06dUhVC/deFCxe0YcMG/fDDDza3p/r6+qpevXpq1qyZHnvsMacCoYiI
CH333Xdat26d1XPq8ubNq4YNG6p169aqXbu2Q4GXM2JjY7V+/XqtWLFC27ZtM6xTtGhRtW7dWs2a
NbN6066jrl27pvXr12vt2rXasWOH1XrBwcFq0KCBmjdvrtq1a6f58ofMeM/pxdktwHeLi4vTTz/9
pJUrV2rbtm33XLBxtzp16qhp06Zq0aKFw1+DiIgINWrUyHDb9aBBg9SzZ89UjfXcuXMaMmTIv/Mj
V65c+uCDD/Tcc8+lqh0AAAAAALIa0weAdyQkJGj//v06f/68rl69qqioKOXJk0eBgYEqUaKEHnro
IaduwjVy8+ZNnTlzRtHR0bp586a8vLyUO3du5cmTRyEhIXrggQfStT9Junz5si5duqQbN27o1q1b
8vf3V548eVS8ePEM6c8RkZGROnPmjKKiopSQkKCAgAAFBgaqcOHCGXL7qtHX3c/PT4GBgSpatKiy
ZUvfha+Z8Z7dUWxsrE6dOqWoqCjdvHlTPj4+8vf3V5EiRdxmm21SUpKOHTumqKgolSlTRnnz5s3s
IQEAAAAAkOHumwAQAAAAAAAAuB+Z8gxAAAAAAAAAAP8gAAQAAAAAAABMjAAQAAAAAAAAMDECQAAA
AAAAAMDECAABAAAAAAAAEyMABAAAAAAAAEyMABAAAAAAAAAwMQJAAAAAAAAAwMQIAAEAAAAAAAAT
IwAEAAAAAAAATIwAEAAAAAAAADAxAkAAAAAAAADAxAgAAQAAAAAAABMjAAQAAAAAAABMjAAQAAAA
AAAAMDECQAAAAAAAAMDECAABAAAAAAAAEyMABAAAAAAAAEyMABAAAAAAAAAwMQJAAAAAAAAAwMQI
AAEAAAAAAAATIwAEAAAAAAAATIwAEAAAAAAAADAxAkAAAAAAAADAxAgAAQAAAAAAABMjAAQAAAAA
AABMjAAQAAAAAAAAMDECQAAAAAAAAMDECAABAAAAAAAAEyMABAAAAAAAAEyMABAAAAAAAAAwMQJA
AAAAAAAAwMQIAAEAAAAAAAATIwAEAAAAAAAATIwAEAAAAAAAADAxAkAAAAAAAADAxAgAAQAAAAAA
ABMjAAQAAAAAAABMjAAQAAAAAAAAMDECQAAAAAAAAMDECAABAAAAAAAAEyMABAAAAAAAAEyMABAA
AAAAAAAwMQJAAAAAAAAAwMQIAAEAAAAAAAATIwAEAAAAAAAATIwAEAAAAAAAADAxAkAAAAAAAADA
xAgAAQAAAAAAABMjAAQAAAAAAABMjAAQAAAAAAAAMDECQAAAAAAAAMDECAABAAAAAAAAEyMABAAA
AAAAAEyMABAAAAAAAAAwMQJAAAAAAAAAwMQIAAEAAAAAAAATIwAEAAAAAAAATIwAEAAAAAAAADAx
AkAAAAAAAADAxAgAAQAAAAAAABMjAAQAAAAAAABMjAAQAAAAAAAAMDECQAAAAAAAAMDECAABAAAA
AAAAEyMABAAAAAAAAEyMABAAAAAAAAAwMQJAAAAAAAAAwMQIAAEAAAAAAAATIwAEAAAAAAAATIwA
EAAAAAAAADAxAkAAAAAAAADAxAgAAQAAAAAAABMjAAQAAAAAAABMjAAQAAAAAAAAMDECQAAAAAAA
AMDECAABAAAAAAAAEyMABAAAAAAAAEyMABAAAAAAAAAwMQJAAAAAAAAAwMQIAAEAAAAAAAATIwAE
AAAAAAAATIwAEAAAAAAAADAxAkAAAAAAAADAxAgAAQAAAAAAABMjAAQAAAAAAABMjAAQAAAAAAAA
MDECQAAAAAAAAMDECAABAAAAAAAAEyMABAAAAAAAAEyMABAAAAAAAAAwMQJAAAAAAAAAwMQIAAEA
AAAAAAATIwAEAAAAAAAATIwAEAAAAAAAADAxAkAAAAAAAADAxAgAAQAAAAAAABMjAAQAAAAAAABM
jAAQAAAAAAAAMDECQAAAAAAAAMDECAABAAAAAAAAEyMABAAAAAAAAEyMABAAAAAAAAAwMQJAAAAA
AAAAwMS8MnsArpaUdFu3kpKUnHxbFoski0Xy8MjsYZnT/39tPTwkT89sesDLS15eWTtzZv64EPMH
zmD+wBnMHziD+QNnmHD+AADcg4fFYrFk9iBcIT7+lpKSb+s++eu6LQ8PD3l5ZlOOHA9k9lBShfnj
Hpg/cAbzB85g/sAZzB84I6vOHwCAezF9AJiQcEuJt5IzexgwkP0BT3l7u/c3Mswf98X8gTOYP3AG
8wfOYP7AGVlh/gAA3JOpA8DY2EQl375tUGKRxLYF1zL+mntmy6acObO7fjgOYP64E+YPnMH8gTOY
P3AG8wfOyHrzBwDgvkwZAN6+fVuxcbfu2a7AUSXu47/vwsPDQzl9HlC2bO5xvgnzx70xf+AM5g+c
wfyBM5g/cIa7zx8AgPszXQB4+/ZtxcQmZvYwkAa5cmbP9G9imD9ZF/MHzmD+wBnMHziD+QNnuMP8
AQBkDab7r0Vs3K3MHgLSyB3enTuMAWnjDu/OHcaAtHGHd+cOY0DauMO7c4cxIG3c4d25wxiQNrw7
AICjTBUAxsYmcktZFmaxWBSbib99Zv5kbcwfOIP5A2cwf+AM5g+ckdnzBwCQdZgmAExIuGXlwGJk
Jcm3byshwfW/yWT+mAPzB85g/sAZzB84g/kDZ2TW/AEAZC2mCQATbyVn9hCQTjLjXTJ/zIP5A2cw
f+AM5g+cwfyBM3iXAAB7TBEAxsf/7zde7GDIuu5+d3e/04zG/DEH5g+cwfyBM5g/cAbzB87IrPkD
AMh6TBEAJiX/b+uCh0cmDgROufvd3f1OMxrzxxyYP3AG8wfOYP7AGcwfOCOz5g8AIOvJ8gFgUtJt
Di42IYvFoqSkjP8mhvljTswfOIP5A2cwf+AM5g+c4ar5AwDImrJ8AHgrKemuP/GNTNb3v3d477vN
GMwfs2H+wBnMHziD+QNnMH/gDNfOHwBA1pTlA8Dke5a6s38h6/vfO0x2wTYG5o/ZMH/gDOYPnMH8
gTOYP3CGa+cPACBryvIBILsXzMsV75b5Y17MHziD+QNnMH/gDOYPnMG7BQBYk+UDQP4rZ2J8Bwxn
MH/gDOYPnMH8gTOYP3AG7xYAYEXWDwC5tsy8XPFumT/mxfyBM5g/cAbzB85g/sAZvFsAgBVZPwAE
AAAAAAAAYBUBIAAAAAAAAGBiBIAAAAAAAACAiREAAgAAAAAAACZGAAgAAAAAAACYGAEgAAAAAAAA
YGIEgAAAAAAAAICJEQACAAAAAAAAJkYACAAAAAAAAJgYASAAAAAAAABgYgSAAAAAAAAAgIkRAAIA
AAAAAAAmRgAIAAAAAAAAmBgBIAAAAAAAAGBiBIAAAAAAAACAiREAAgAAAAAAACZGAAgAAAAAAACY
GAEgAAAAAAAAYGIEgAAAAAAAAICJEQACAAAAAAAAJkYACAAAAAAAAJgYASAAAAAAAABgYgSAAAAA
AAAAgIkRAAIAAAAAAAAmRgAIAAAAAAAAmBgBIAAAAAAAAGBiBIAAAAAAAACAiREAAgAAAAAAACZG
AAgAAAAAAACYGAEgAAAAAAAAYGIEgAAAAAAAAICJEQACAAAAAAAAJkYACAAAAAAAAJgYASAAAAAA
AABgYl6ZPQAAGSsuNlY3Y2IUFxcrb+8c8vXNLR+fnPLw8MjsoSELSEhIUExMjGJu3tQD2bMrd+5c
ypkzl7Jl4/dHAAD3lZycrBs3bujGjQhF3ohUDp8c8vP1k5+/n/z8/DN7eAAAuBwBYBZhsVi0Zctm
/XX4sM16jz5aR9WqV3fRqOBubt++rUOHDurgn39q7949+vXX7YqOjk5Rz9vbWw8/XEs1atZUpUqV
Va1adeXIkSMTRgx3c+zY3/rzzz914I/92rZtq8LDw1PU8fLyUrXq1VW7Vm1VqvygalSvIZ+cOTNh
tMhKbt6M1pLFn8licax+pcqV1aDB4xk6JmSOU6dO6ofQUJf01bRZM5UoUdIlfSHzXbx4Ub9u36Yf
1oVq3969SkpKMqxXufKDqlevvqrXqKFatWrL09PTxSMFAMD1CACzgIsXL+qTTybph9C1dusWCA4m
ALwPJSQk6Jeft2jx4kXav3+/Q/W3bduqbdu2SpIKFiyoDi91VLNmzRUUFJTRw4WbSUxM1NZfftay
b77Wr9u3262flJSk3bt2afeuXZKkAgUKqMNLHdW8eQvmD6xauGCB5syZ5XD9nj17EwCa1MkTJzRz
5nSX9FXz4YcJAO8DR478penTpmrLls0O1T948E8dPPinJKl8+Qp65dXOaty4iby9vTNymAAAZCr2
cLmxpKQkffvtN3rh+dYOhX+4Px079re6dO6kAQP6OxT+Gbl06ZImfjxBz7V+VqtXr9Lt27fTeZRw
V3/9dVivdeus/v37ORT+GQkPD9fkSRPVpk1LrV27WhZHl3jhvnHo0MFUhX8wt4gbNzJ7CDCJuNhY
zZkzS+3bveBw+PdfR478paFDBqtH9246efJEOo8QAAD3QQDopo4ePaLu3bvpg/eHKzIyKrOHAze1
atX3eqlDOx04cCBd2ouMjNKwoW9ryJDBiouNTZc24Z4sFos+/3yxXni+jfbt25cubd6IuKEhbw/W
O+8MUXx8fLq0iawvMTFR48eNyexhwI1ERFzP7CHABC5fvqwuXV7V1E+nWN3qmxp79uxRh/YvatPG
DekwOgAA3A8BoJuJi43V7Fkz1O7F57Vr587MHg7c2A8/rNU7w4YoLi4u/dsOXat33x1GiGNSFotF
c+fO1rixGRPKrF61Su+//54SExMzpH1kLcu//SbdQmaYw/XrBIBwzvXr1zXgzX7/buNNLzExMRo4
cIA2b/4pXdsFAMAdEAC6kV27duqlju01bdrUdPlNJsxr3969GjZ0SIb28eOP6/XxhHEZ2gcyx7ff
LNPUT6dkaB9r16xx2RlfcF/nzp7VlCmTM3sYcDNXr17N7CEgC4uKitRbA97QH3/8kSHtJyUladDA
AekeLgIAkNkIAN3AtWvXNOrDD9S1y6s69vffmT0cuLnExESNGzfGJSHx119/pd27d2V4P3Cds2fP
aOLECS7pa97cOfwAdR+7ffu2Jk36WDExMZk9FLiZ8LBLmT0EZGHTp0/Tnj17MrSPhIQEjR71ITsh
AACmwi3AbqDTyx109uzZzB4Gsog1a1br8OFDDtV97rk2qlu3nooWK6bAwHy6evWKLpw/r81bftLq
VascamPixxO09Iuv5Onp6cyw4SY+nfKJw4HMU0831dNPPa3gggUVFFRAN29G68KFC/p93z4tXDjf
oRB6xvRpmjFztrPDRhb044/rtJGztGDg/PnzNssLFy4s7xw50qUvL0++1TWT/b//ri+Wfu5w/erV
q6t8+QrKlz+/rl65ohMnT2jnb7859NmDB//Ut98uU8eOndI6XAAA3ArfFbmB6JvRmT0EZBEWi0Wf
fbbQbr0SJUpo6LB39eijde55HhQUpIoVK6lxk6fUunUbjRkz2u6q00OHDuro0SOqWLGSU2NH5jt/
/rzWr19nt17lyg9q2Dvv6sEHH7rneVBQkEqWLKX69R9Ti5Yt9eGHH9g9q3Tr1l904cIFFS5c2Kmx
I2u5du2aPp4wPrOHATcUHx+vK1eu2KwzY+ZslSxZykUjQlaRmJiojz927GiSps2eUZcuXVW+fIUU
ZadPn9Lizxbpm2+W2W3n8yWL1bbtC8qRToE0AACZiS3AWUBgvkCN/misnmnePLOHgkx24sRxnTxx
wm69j8aMSxH+/dfDD9fS2LHj5e3tbbe9bVt/cXiMcF8//7zZbp0iRYro44mTU4R//1W8eAmNHDla
gfkC7ba5c6djqy1gHjNnTFN4eHhmDwNuKCoqym6dgIC8LhgJspoNG9Y7dO7fG/3f1Jgx4wzDP+mf
/34NH/GBevToZbetCxcuaMev21M9VgAA3BEBoJtr2/Z5ffPNCrVo0VK5cubK7OEgk+114Myb117r
rsqVH3SovbJly2ngwMF26x04cMCh9uDeHHmPw0d84PBqvcKFC6t3r752612ws90P5rJr1059/fVX
Nuu0a9feRaOBu4mOth0Aenl5yc/Pz0WjQVayYsV3duu8+GI7de36mkPHlvTo2UuNGjW2W++333Y4
ND4AANwdAaCbKl2mjObMna8R749U/vz5M3s4cBNnzp6xW6dps2aparPJU0/brXPu/LlUtQn3dOrk
SZvl+fPnV61atVPVZvkKxiss7hYWzoH/94u42FiNHfuRzTrlypfXG/3fdNGI4G4ib0TaLC9RsiRn
ziKFEyeO2z27r2DBgnpzwFvy8PBwqE1PT08916at3Xq7uAwNAGASnAHoZry8vNSjR0916vSqfHLm
zOzhwM1cvXrVbp1ChQqlqs28efOqRIkSOnXqlNU6J0+cUHJyMj+UZXHPtmih5s8+a7Xc3z9Pqt9x
0aLF7NZJTLyVqjaRdX322UK754q+/fZQ5WRF+33rxo0Im+VFChdx0UiQlfz00ya7dbp2fU25cuVO
Vbu1az+iQYPftlsvISHBoSNTAABwZwSAbqRO3boaOHCwypQpm9lDgZvy9/NTvXr1rZb7+vml+ptf
SXZ/GPfx8VG2bCwYzupefvmVdG8zPj7ebp3AQPvnBCLrO3LkL82ePctmnXbt2uvhh2vp9u3bLhoV
3E3EjRs2ywsUKOCikSArWb3qe5vlXl5eerpp6nZASFL27NnVqdOraRwVAABZCwGgG/DN7asBAwbp
2WdbsMIKNr3z7vB0bzMhIUFHjx6xWadYSIjDW2pwfzl08E+7dawdxA7zSEpK0oQJ45SUlGS1ToEC
BdSzVx8XjgruKCLius3y/EFBLhoJsoorV67Y3KUgSY8//oT8/f1dNCIAALImAkA38NnipcqXL19m
DwP3qYsXL9j8oV2SqlWt5qLRICuJjIy0u+JLkmrWqOmC0SAzrfhuuXbt3GmzzsBBg5U3L7e73u+u
X7cdAAYG3vv9UHx8vA4c+EP79u5ReHi4wsLClHgrUcHBwcqfP0gVKlRQ9eo1OS/ZxE6fth3+SVLd
uvWsll24cEFnzpzW5cuXdTk8THHx8cqbN6/y5s2r0qXLqHTpMvwCHgBwXyAAdAOEf8hMoWvX2q1T
rXp1F4wEWUl8fLxGj/5Qf/112Ga9F19spyJFi7poVMgMFy5c0OTJE23WadSosZo0sX/hEMzP3lm2
d44MiIm5qS++WKrFixfpRoTtbcOS9OSTDdWl62uqUqVKuowT7uP4sWN265QoWfKeP8fHx2vHjl+1
6vuV2rhxg83PFitWTM2bP6vnX2jH9+QAAFMjAATuY2FhYfrss4U26/j6+qp+/cdcNCK4u8TERP30
00bNnDlDJ0+csFm3WLFi6tGzt4tGhsxgsVj0ySeTFB0dbbWOj4+PBgwYyDmikCRdDg+zWR4QkFcH
DhzQ0CGDdPbsWYfb/emnTfrpp01q2aqVBg58W3ny5HF2qHAThw8fslunYMH/XYB27NjfevedYQ59
TpLOnj2rGTOma+nSJerRs7fatesgLy9+RAIAmA//dQPuU0lJSZo4cYLi4uJs1nv55U7y9fVz0ajg
Dq5cuaJvln39758tFouuX7+mEyeO6/Dhw3bnjPTPuX9jxo5jNYXJ/bRpo9b9EGqzTv/+A1S0mP3b
onF/OH/+vM3yY8f+1pQpkxxa9Wfk+5UrdfTIUX08cZJCQoqnqQ24l3Pn7AfBQf9/duSaNas16sMP
FBMTk+p+IiOjNG7sGB04cEDDh49Q7ty+qW4DAAB3RgAI3KfmzJ5l9wf3/Pnzq32Hji4aEdxFdHSU
Zs6cnubPt2rVWoPfHkJwbHI3btzQhAnjbNapVq2a2j7/gotGBHeXmJio8PBwm3U+eN/5y66OHPlL
Xbu8qkWffa4iRYo43R4yl71zI/ME5JGXl5d+2rRRQ4cMdrq/H0LX6nJ4mKbPmKVcuXI73R4AAO6C
/TjAfej771c6FPC8PWQo26jgkAIFCqhL125a9NkSjfxwNOHffWD27Jm6cOGCzTqD3x6q7Nmzu2hE
cHdRUVEu6ys8PFzvvTtUcbGxLusTGSMszPa28bx5A3Xx4kWN/PD9dOtz7969mvjxBFkslnRrEwCA
zEYACNxn1qxZrXffGWq33osvtuPQfjikfv3HNHvOPPXr1181atSUh4dHZg8JGWzf3r36fMlim3W6
vfa6Kld+0EUjQlYQGZm2bb1eXl4qUKBAqj+3Z88eLVq0IE19wj3Ex8fbPXYiLjZWw4e/o2tXr6Vr
3998s0zr1tneKQEAQFbCFmDgPhIausah7TE1atRQ/zcHEOTAIVu3/qKtW39RQN4ANW/eQo0aNla1
6tWZPyYVFxensWM/slmnePHi6tKlq4tGhKwiKtLxFYCNGjXWM88010NVqiowMFCenp5KTEzUqVMn
9dOmjZoxw7FjChYuXKA2bV/494w4ZC2OnDl76dIlXbp06Z5nvr6+6t6jp+rWrafChQoru7e3oqOj
deTIX1qx4juFrl3jUP+zZs3Uk082kre3d5rGDwCAO2EFIHCf+O675Xp78CC79YoXL65x4ydy+DVS
LeJ6hJYs/kyvvNJR/fr21vHjxzJ7SMgAS5cu0V9/HbZZZ/DbQ9kGjhQKFiqkt4cMVZs2bVWmbFnj
OgULavaceZo0eYoaNW6ioKAgeXp6SpKyZ8+ucuXKq2evPvp62beqUqWK3T7j4uK0/Ntl6fr3gOsk
Jyen+jOP1qmjr77+Rq+80lmlS5eRT86c8vT0VJ48efTII49q7NjxGjtuvPz97f9/1MkTJ7Rx449p
GToAAG6HFYCAyVksFn322UJN/HiC3bqB+QI1afKUNG21Au62Zctm7d69S2PGjtcTTzyZ2cNBOjlx
4rimT5tqs06Lli1Vv/5jLhoRspLg4GB17Njp3z9HR0fp3LlzOnPmtE6dPKWTJ0+oZ6/eKlWqtN22
KlaspFmz5+qll9rr5IkTNuuuWbNa3Xv0UrZs/N47q8mVM2eq6jdq1Fjjxn9s8+xRDw8PPfPMsypR
oqRefKGt3TY3btigZ555NlXjAADAHREAAiaWnJysGdOnac6cWXbrBuQN0PTps1SmjPGqDNw/ihYt
pg0bN9/zLCoqUuHh4QoPC9Oevbu1do397VMxMTHq17e35i9YpFq1amfUcOEiycnJmjBhnJKSkqzW
yROQR/36venCUSEr8/X1U8WKlVSxYqU0fT53bl8NGTJMr79me7v52bNnderUSYeCRbiXHD4+8vHx
cWgrsK+vr956a5DDFw9VrFhJvXr1trudfMuWzbp5M5qdEQCALI9fhQImlZiYqHFjP3Io/PP399PU
qTNVqVJlF4wM7u6BBx5QcHDwPf8rW7ac6td/TG2ff0Fjx3mEQtkAACAASURBVE7Q8u9WqmWrVg61
9+47Q3XjRtoO/4f7WLXqe23fts1mnbfeGswKYrjUo4/W0bMtWtitd/DgQReMBunNw8NDBQsVcqhu
375vqEjRoqlq/5VXO6tIkSI26yQlJeno0aOpahcAAHdEAAiYUFxsrEaMeFdffvmF3bqB+QI1Y+Zc
h85SAu4oW7acPvzwI/Xt94bdupcuXdKqVStdMCpklLCwME2aZPsYgTp16+rZZ+0HMUB6e/KJhnbr
XLt21QUjQUbIly+fQ/WebNgo1W3nzJlLjRo3sVsv4vr1VLcNAIC7IQAETCY6Okpvvz1Ia1avtlu3
cOHCmjNnvh566CEXjAxm4+Hhoa5dX1OdunXt1v1m2deyWCwuGBXSm8Vi0aefTtaNCNurOHt076Wk
pCQlJCTY/198vN1+rbUF/FfxEiXs1omIiHDBSJARAgPtB4DFixdP8+rjsmXL2a3D/AEAmAFnAAIm
cu3aNQ0aNEC7d+2yW7dkqVL69NNpCgkpnvEDg2l5enrq+bYv6Nft223WO336tM6dO6tixUJcNDKk
l+vXr2v1qlV263Xq9FK69jt37mzNnTs7xfPf9/8pLy++fcH/OHLj9M3oaBeMBBmhQoUK+iF0rc06
jm4TNuLv72+3TkxsTJrbBwDAXbACEDCJixcvqlfP7g6Ff6XLlNGMGbMJ/5AuSpV27GD98PDwDB4J
gPtRQoL9FaV5AgJcMBJkhMqVH7RbJzoq7QFvXFys3Tp58jB/AABZH79CB0zg1KmTeqNfH506dcpu
3XLly2vq1BkqWLCgC0YGd3HgwAElJtrePlmsWIiCgoJS3fYDXg84VC86KirVbQMwh8jISB079rfN
OgEBAWm6qdeRXy7kzZs31e3CPZQrZ3+L7qlTJxUfH68cOXKkuv0LFy7YrZMnT55UtwsAgLshAASy
uMOHD6lf394O/QBUoUJFfTp1uoKDg10wMriTxZ8t1Pr162zWGTbsXbXvkPptnJfCLjlUL1fu3Klu
G4A5XL16RZ1f7WSzzsO1amnBgs9S3fbvv++zWycwMDDV7cI9+Pn5q2bNmtqzZ4/VOjExMTpw4A/V
qlU7VW1bLBb9vGWz3Xp58zJ/AABZH1uAgSxsz57dev21Lg6Ff5UqVda06TMJ/+5TRYoWtVtn3bpQ
3b59O9Vtr1/3g0P1HL3JEYD55M+f326d3bt26erV1N3WGx4ers8/X2y33oOVuewqK3viSfs3Pc+c
MU23bt1KVbubNm7Qvn22A2R/fz+VLVs2Ve0CAOCOCACBLGrLls3q1bO7IiPtb6t86KGHNHXajDRt
74Q5FC9u/5bMffv2ac7smalqNzR0jb7++iu79by9vZl/wH3Mz89fJUuVsltvwYJ5qboxfOrUTxRx
3fYNrRUrVlLRYsUcbhPu55lnnpWPj4/NOnv27NF3y791uM0bN25o/Pixdus1afJ0mrYWAwDgbggA
gSxo7drV6tunl+Li4uzWrVatmj6dOsOh1Rcwr7p16zl0c+r06dM0b94cxcXaPhQ9KSlJoaFr9P6I
4Q7137z5sw7d1AnAvFq3fs5unSWLP9PXX31pNwRMSEjQvHlz9P3KlXbbbNqsmcNjhHsKDAx06IiK
yZMnatWq7+3OnwsXLmjY0Ld16ZL9Iywea/C4o8MEAMCtcQYgkMV8+cVSffTRKIfrV6hYSRt+XO90
v6VKl9bDD9dyuh1kjvz586tps2ZavWqV3bpTPpmsZV9/pVde7awHH6yioKAg5c2bVzdv3lRY2CWd
OXNaiz/7TAcP/ulw/0893dSZ4SMT+fr6av6CRenaZnh4uIYNfdtmnWdbtFCrVikDI09Pz3QdC1zn
yScbauLHE+zWGz36Q+3c+Zte795DFSpUvKfMYrHo8OFDmjB+rPbu3Wu3rfz58xvOI2Q9rVs/pwXz
59msExMTo3eGDdH27dvUt0+/FMdfxMfH66efNmrMmNG6EXHDbp81a9ZU/fqPOTVuAADcBQEgkIVs
3vxTqsI/Sfpi6efp0nfPnr0JALO4bt1e18YNGxxaOXrp0iWNHfNRuvTbqFFj1a79SLq0BdfLnj17
qg/Wt+f8uXN26xQpXDTd+0XmKlYsRJ27dNXCBfPt1t24cYM2btygggULqlKlyipcpIiio6J04M8D
On7smMN99urVhxtcTaJ48RJ6o/+bmvLJZLt1Q9euUejaNapRo4ZKly6jHD4+unz5snbs2O5Q8HdH
r959+aUDAMA0CACBLOTmzZuZPQRkYSVLllL//gM0Zsxol/UZkDdAg98eqmzZOHECgPTaa69r80+b
dPr0aYfqX7p0yaFtmkaefLKhnm3RMk2fhXt69dUu+vPAAf300yaH6u/du9ehlaJGOnfpyi8+AQCm
wk9kAHAfeeHFdmrfvoNL+vL399PkyZ+qYMGCLukPgPvz9fXTuPEfKzBfYIb2U7nyg/pg5Ch5e3tn
aD9wLS8vL7373ggVy+BLXZ5u2kx9+76RoX0AAOBqBIAAcB/x8vLS20OG6dXOXTK0n/z582vW7Hmq
UaNmhvYDIOupWLGSZsyYnWEhYI0aNTRx0ids/TWp/Pnza+68hapRo0aGtN+02TMaMeJ9PfDAAxnS
PgAAmYUAEADuM56enhowYKAmT56SIavzWrRsqS++XKbKlR9M97YBmEPFipW0dOnXatSocbq2+3Kn
VzRz5hwVKlQoXduFeylUqJBmzJytlq1apWu7bw8ZqjFjxil3bt90bRcAAHfAGYAAcB/y8PBQo8ZN
VPPhWlr6+RJ9vexLRVyPcKrNevXqq+PLnVS3br10GiUAMytcuLA+njhZ69f/oIULFujIkb/S3Nbj
jz+hTq+8yplt95GcOXNp5MjRatasuebPn6tdO3emua3WrZ9Tx5c7qWzZcuk4QgAA3AsBIADcx/Lk
yaPeffqqc5cu+vnnLdqyZYt27NjucBhYs2ZNPfpoHTVs1FilSpXO4NECMBtPT081a9ZcTz3VVLt3
79KGH9dr69ZfHLr4o0zZsmrQ4HE9/viTqlKligtGC3eTLVs21alTV4888qh27dqpX375WT9v2ayz
Z8/a/WzVqlVVr159NW7ylEqWLOWC0QIAkLk8LBaLJbMH4Yzom/GZPQRkIN/cOTK0feaPuTF/0iY5
OVlnz57RuXPnFB0dpeioaN2MuakcOXIod25f+ebOrXz5g1SqVElTb5Ni/sAZzJ+0u337ts6dO6vT
p08rKipK0VFRio2LlW9uX/n5+8nfP4+KFQtR4cKF5eHhkdnDzRDMn7S7ffu2zpw5rfPnzysyMlKR
kTcUFxcnfz9/+fv7y8/fX6VKlVb+/Pkze6gZJqPnDwAgayIAhFvjG2A4g/kDZzB/4AzmD5zB/IEz
CAABAEa4BAQAAAAAAAAwMQJAAAAAAAAAwMQIAAEAAAAAAAATIwAEAAAAAAAATIwAEAAAAAAAADAx
AkAAAAAAAADAxAgAAQAAAAD/x96dx9lUP34cf8/CMExMBmOIspYlWdJiHW2UZC+m+Nm3ypa0iFZf
lUSLSkW2ohQik0JkKRFlJ2VnaOwMwyy/P25z3Ttzz8y9c9c583o+HvPg3HvuOZ97zufcmfO+nwUA
YGIEgAAAAAAAAICJEQACAAAAAAAAJkYACAAAAAAAAJgYASAAAAAAAABgYgSAAAAAAAAAgIkRAAIA
AAAAAAAmRgAIAAAAAAAAmBgBIAAAAAAAAGBiBIAAAAAAAACAiREAAgAAAAAAACZGAAgAAAAAAACY
GAEgAAAAAAAAYGIEgAAAAAAAAICJEQACAAAAAAAAJkYACAAAAAAAAJgYASAAAAAAAABgYgSAAAAA
AAAAgIkRAAIAAAAAAAAmRgAIAAAAAAAAmBgBIAAAAAAAAGBiBIAAAAAAAACAiREAAgAAAAAAACZG
AAgAAAAAAACYGAEgAAAAAAAAYGIEgAAAAAAAAICJEQACAAAAAAAAJkYACAAAAAAAAJhY3g8A09P9
XQJ4iy/OLfXHvKg/cAf1B+6g/sAd1B+4g3MLADCQ9wPAoCB/lwDe4otzS/0xL+oP3EH9gTuoP3AH
9Qfu4NwCAAzk+QCQ33Hmxd+/cAf1B+6g/sAd1B+4g/oDd3BuAQBG8nwAGBJi+xZo8p73XT2H9ufW
O6g/ZkP9gTuoP3AH9QfuoP7AHb6tPwCAvCnP/4YoEBpqs8RXXnnf1XNof269g/pjNtQfuIP6A3dQ
f+AO6g/c4dv6AwDIm/J8ABgaGqwg2rqbTlBQkEJDvV89qT/mRP2BO6g/cAf1B+6g/sAdvqo/AIC8
yRS/IUJtmroz8VXeZXvuQn3YfYH6Yw7UH7iD+gN3UH/gDuoP3OGv+gMAyHtM8VuiUKEC1v/zZWbe
ZXvubM+pt1F/zIH6A3dQf+AO6g/cQf2BO/xVfwAAeY8pAkBJKlggxN9FgIf441xSf8yD+gN3UH/g
DuoP3EH9gTs4lwCAnJgmAAwLK6CQYNO8nXwrJDhYYWG+//aS+mMO1B+4g/oDd1B/4A7qD9zhr/oD
AMhbTPUbPzy8IAMa52FBQUEKDy/ot/1Tf/I26g/cQf2BO6g/cAf1B+7wd/0BAOQdpgoAJSm8MN9+
5VWBcO4CoQzInUA4d4FQBuROIJy7QCgDcicQzl0glAG5EwjnLhDKgNzh3AEAnBWUnm6+eb/S0tKU
dPGKbN9aejoDHAeKzOciKChI4YULKDhAuqBQfwIb9QfuoP7AHdQfuIP6A3cEev0BAAQ+UwaAGZKS
Lis1Lc3BM+mS+GvGtxwf85Dg4IDttkD9CSTUH7iD+gN3UH/gDuoP3JH36g8AIHCZOgCUpOTkK7p8
JdXfxYADBQuEBPyAxdSfwEX9gTuoP3AH9QfuoP7AHXmh/gAAApPpA8AMly5dUUpqmvLJ2w1YQUFB
Cg0JVqFCeesPF+pPYKD+wB3UH7iD+gN3UH/gjrxafwAAgSXfBIAZUlLSdCUlRampaUpPF4ObeNN/
xzYoSAoJCVaB0FCFhubtcUqoPz5E/YE7qD9wB/UH7qD+wB0mrD8AgMCQ7wJAAAAAAAAAID/h6yQA
AAAAAADAxAgAAQAAAAAAABMjAAQAAAAAAABMjAAQAAAAAAAAMDECQAAAAAAAAMDECAABAAAAAAAA
EyMABAAAAAAAAEyMABAAAAAAAAAwMQJAAAAAAAAAwMQIAAEAAAAAAAATIwAEAAAAAAAATIwAEAAA
AAAAADAxAkAAAAAAAADAxAgAAQAAAAAAABMjAAQAAAAAAABMjAAQAAAAAAAAMDECQAAAAAAAAMDE
CAABAAAAAAAAEyMABAAAAAAAAEyMABAAAAAAAAAwMQJAAAAAAAAAwMQIAAEAAAAAAAATIwAEAAAA
AAAATIwAEAAAAAAAADAxAkAAAAAAAADAxAgAAQAAAAAAABMjAAQAAAAAAABMjAAQAAAAAAAAMDEC
QAAAAAAAAMDECAABAAAAAAAAEyMABAAAAAAAAEyMABAAAAAAAAAwMQJAAAAAAAAAwMQIAAEAAAAA
AAATIwAEAAAAAAAATCzU3wUAAAAAAOQN6w5Kvx6Q/jwq7U6UDp6WTiRJSZeltLFZ199xXDqbLN12
ne/LCgC4igAQAAAAAGAofpf01RZp4XYpMcm11076VXpvrRQVLj1YXepYS2pZzTvlBAAYC0pPT0/3
dyEAAAAAAIFl4hrpw1+lnf86t366gxaAt0+S1h2wf+zGklK/26VBDd0vIwDAOQSAAAAAAACryeuk
136SDpx27XWZA8CUNKngc5LRDWf54tLzsVKf23JVTACAC5gEBAAAAACgLQnSPZ9Ifee5Hv45sv6Q
cfgnWfbRd55ln1sS3N8fAMAYASAAAAAA5HOT10m1J0hL93hum+sPOrfe0j2WfU9e57l9AwDsEQAC
AAAAQD42fLGlJZ6nx4Zaf8j5ddNlKcPwxR4uBABAEgEgAAAAAORbPeZK4372zrZdCQAzjPvZUiYA
gGcRAAIAAABAPtRjrjR1g3e2nXhB2uXk7MGZTd1ACAgAnhbq7wIA+U1SUpLWrbMMcHL77bercOHC
+bIMAAD4Er/7AHvDF3sv/JNy1/rP1tQNUolw6c37PVMeAMjvTBUAHj58WMuXL7cu33rrrbrxxhvd
2uby5ct1+PBhSVLhwoXVoUMHt7aH/O3ChQvq1q2bNm7cKEmqW7eupk+frvDw8HxVhvxgyZIlOn78
[...]
AACwAW3btq3Mzs6WPXv2dLUhyEa5L+CGmAHYKf7VR8CjR4+KfwAAAAD0bGlpqRw9evS+jWYblwPX
bJB5deMdAOsvbrtzan+UmZmZMj09PaTRAQAAAJBmenq6zMzMrGpO7XTTr0ZtbANguwvXuOy39jh+
/PgQRwgAAABAouPHjze99VynXjWuxi4AtruYjct/69+bmZkp58+fH84gAQAAAIh1/vz5MjMzU0pp
36MajetswLEKgL1MqWzcgeXkyZMDHx8AAAAAm8PJkyfL8vJyKaV1k2pl3CLg2OwC3GkYjRe8Nv1y
eXm5zM/PlyeffHIYwwQAAABgk7hw4ULZs2dPmZycbLoj8ORk+7l147JL8FjMAOzmfn+N6m/C+NVX
Xw1sbAAAAABsTrXmVJuI1mij3Bdw5AGw14vUeMGrqipnzpwZyNgAAAAA2LzOnDmzqk+12hV43CPg
SJcA93Jxmu36e+/evbK4uFgee+yxQQ8VAAAAgE3o8uXLZceOHWXLli2rlgDXlgTXa7fkd5TLgUc2
A7DX+Nf4Xm0W4Pfff9//wQEAAABA+X97alwC3KxXjetMwJEEwPXEv8bXP/zwQ/8HCAAAAABldXvq
1Klq77Uyqgg49ADYa/xr9rp+GfDFixf7P0gAAAAAKKVcvHhxVYsqpfuG1cwoIuBQA+Ba41+zulp7
npub6/MoAQAAAOB/5ubmmoa/Vr2q1etuPxuEoQXA9cS/+uPaeuvaRV5YWOjzSAEAAADgfxYWFlbF
vsadgDdCBBzZJiA1vcS/+uPa68XFxQGPEAAAAIDNqtae2s34W2sEHJahBMBWv+ha41/tuaqqcuvW
rX4OFQAAAABW3Lp1q+X9/9YbAYcVBwceAPsV/5pd6GY7rQAAAABAv3RqUhshAo5kCfBa4l+79wAA
AABgkLrtVOO4HHigAbCbX2o98U8EBAAAAGDQ2jWpXiNgu+8flIEFwG6mNXY6p91SYMt/AQAAABiG
Zj2qlxWrvfSwQRjqEuButj5udk6n9dUAAAAAMEjd9qlu2tWwu9ZAAuB6lv42vtdpExAAAAAAGKS1
dqpxWQo8tBmAvWyR3O1FFQABAAAAGLRudwLu5X6Aw+xafQ+AnWpnp58T/wAAAAAYN+uJgO2+s5v3
1muo9wAspbddfdttAtLsfAAAAADot05dqlXT6ubcYehrAOxXtWy8mJ2OAQAAAGBQBtmqhjELcGS7
AK9ljXTjBRUAAQAAABi0xhbV2KXW07yGoW8BsJ8D73RBxT8AAAAAhqlZkxrkatV+ftdAZwCuZ7ff
Zj8j/AEAAAAwSq1CYOPn9e/3sjvwIAx9E5ButLpoje+JgQAAAAAMWqsW1S4EjpO+BMBONytc7+y/
+s8bHwAAAAAwSN10qUHMAuxX+9ral2/po1bLfjsVVgAAAAAYhHZxrvY8MTGx8rp2PC5Gsgtwr7P/
6t8X/gAAAAAYhU5tai2zAIdh3QGwl+W/vXxXq6mVzS4eAAAAAAxK4yS2TkuC19PD2n2+ViPfBKTd
eulefxYAAAAA+m09vWoc+tXQAmC3Nzysve7mAQAAAADDsJZe1c3GuMPQ9wC41sH3+nMiIAAAAADD
sJYONaxG1o11BcBOA+r18043pHjO1AAAIABJREFUUTT7DwAAAIBR6aZPdZoJ2Opn1vN5JyO5B2A3
NzfsdEGFQAAAAACGoVOf6tSwmh0P01ACYKe1zd3+8nYBBgAAAGDYmu0C3MvPtfu+YRj5LsA17X7h
tUydBAAAAIB+6eVWds3OH6Wto/qHOy3rbVdCx+kCMt62b99e3n333bJ///6ye/fu8uCDD5arV6+W
X3/9tXzyySfliy++WDl379695bXXXiullHLq1KkyPz8/olFTz9+FRP5fD4frDABAv7XqVBMTE6ue
SyllYmKi6XmjMFGto6Z1s7Vx/XHjdMn643aP5eXllee7d++W5eXlsry8XO7du1f27t271uFvOPv3
7y8vv/xymZqaKjt37iw7d+4spZRy48aNsrCwUGZnZ8vZs2fLzMzMiEc6Hl555ZXy0UcflUcffbTp
56+//nr57LPPSimlPP744+Xbb78tDz/8cCmllCtXrpTnnnuu/PLLL0MbL/fzd6Gdp556qhw5cmTl
9fT0dPn6669HOKLu+H+9fseOHSu7du0qpZQyPz9f3n///fvOGdZ13qj/DwEA6M3c3FzZsmVLmZyc
LJOTk2Xr1q1lcnKyTExMrDx3epRS7juuf2533Ox1T6p1WF5eXvW4d+/eyuPu3bsrjzt37lR37typ
bt++Xd2+fbv6999/q1u3blU3b96sbt68WS0tLVX//PNP9ffff1d//fVXdePGjer69evV4uJide3a
terPP/+s/vjjj+rKlSvVb7/9Vl2+fLm6dOlSNTc3V5VS4h+vvvpqdeHCha7/Lj/99FP11ltvjXzc
o3w888wz1dWrV1teo2vXrlXbtm1bOf/YsWP/be/ew6Oo7z2OfzeyJaSCpjFSJAgWJCUYhBKsWOGx
pRDAqgVRxAr0YEPRHkGt1lNQWy7Vh6c9iiJYb0VbLHiwghY4COVSw02MpFIBRW6BBIxByD2bhOR3
/vDZOTN7nd3szuxO3q/n+T2Z629+OzuMz378/Wb8tnnyySdt/xztvfC9UEKV/Px8w7Uxe/Zs29tk
pnBdt73o/5tYVFRk63lO1uuQQqFQKBQKhRJZOXbsmCopKVGlpaXq1KlTqry8XFVUVKgvv/xSnTt3
TlVWVqqqqipVXV2tampqVG1traqrq1P19fVa/uXxeFRjY6OWj3nzMn2Gps/WfHO3toh6CLCKsuNg
NPv57hPtsZNNt27d5LXXXpORI0dGtN+AAQPk5ZdflltvvVUKCgqkrKwsTi1MXEuXLpX09HRtvry8
XN5++205ceKEpKeni8fjkfr6em19bW2tXx2BliF6V111lYwbN06bX7t2rRQXF4fch+8FTsR1bQ3O
MwAAAOIhFhmVinIocLT7idj4DECvtoR5Tg4C+/btK6tXr5acnBy/dadOnZJPP/1UKioqpGPHjtKj
Rw/JysqSSy+91LDdmDFj5N1335WbbrpJjh07ZlXTbde7d2+55pprtPnTp0/LkCFDQgahS5YskfHj
x8ugQYNERKS4uFiWLl0a97a2J7m5uTJv3jxtvry8PGwAyPcCJ+K6tgbnGQAAAPESaR7VluAuVmwP
AMNpj73/MjIyZN26ddKnTx/D8s2bN8tTTz0l69evD7jfpEmT5P777zeEX/3795e33npLhg4dKh6P
J67tThQ5OTmSkvL/L7hetWpV2F6Q586dk+9+97ty4403iojIunXrpLm5Oa7tRHh8L3AirmtrcJ4B
AAAQS6HyqEQI+MJJ+ACwPVq6dKkh/Kuvr5eZM2fKK6+8EnK/FStWyIoVK2TGjBny7LPPitvtFhGR
gQMHytNPPy333HNPXNudKC688ELDvNnej83NzbJmzZp4NAltwPcCJ+K6tgbnGQAAAPhKSvhNYKUp
U6bIbbfdps3X1tbKpEmTwoZ/en/84x/lgQcekPPnz2vL/uM//kP69esX07YmC/2z/gAAAAAAANob
egAmmJkzZxq6jT755JPyzjvvRFzPkiVL5KqrrpIZM2aIiEjHjh3ll7/8pfzsZz+LuC632y1XXnml
dO/eXU6fPi2HDx+O23DiXr16Se/evaWqqko+++wzqaqqistx4ql3796Sm5sraWlpcuLECdm+fXtE
+6empkpubq506NBBPv74Y6mpqQm7j9vtluzsbElPT5cPP/wwpqFn9+7d5Vvf+pYopeTIkSNy+vTp
mNVtlfZ6DXuvi8suu0wqKirk8OHDpq4ns3XH+5x269ZNrrzySlFKydGjR+P2QiPveerWrZtUVFTI
kSNHYnaerJBI15wZyXZPseo6BAAAAOIq2tcH+76KuLW11fCqYv0rjL2vNW5qalKNjY2qsbFReTwe
1dDQoOrr61V9fb2qq6tTtbW1qqamRlVXV6uqqipVWVmpzp49q86cOaMqKipUeXm5KisrUydPnlQl
JSXq6NGjtr8GOpZl7NixhnO8e/fuNtWXk5OjmpubtfpKSkpM75uRkaHmz5+v9uzZY6hDKaWam5vV
Bx98oJ544gmVmZlpus4dO3aoiooKVVFRoZYvX64tHz16tFqzZo2qrq42HMfj8aj3339fTZ8+PWzd
x48f1+qurKw01FNZWamt85Y5c+aEbN8//vGPiD6H2+1Wc+bMUYcPHzYcO1A9wc7D9OnT/c73+fPn
VXFxsfrFL37hV4/b7Vb33Xef2rVrl2pqatL2aWpqUocPH1aLFi1SaWlpEV83GRkZatasWWrTpk2q
pqbG799+VVWV2rp1q5o2bVrYutavXx/R9/KDH/wg6u8l2a/hWJVQn9vj8ai9e/eqmTNnxrzuaM+p
b7n22mvVa6+9psrKygz1t7a2qoMHDxr+LeTn5xu2mT17dkw+S0NDg9qzZ4+aPXt2VP+GIr2WIr3f
xOKae/TRRw3/9h555JGI2p+VlaVOnz6t7V9YWBjyXMfqnuIt+/fv1/YvKipq83m26zqkUCgUCoVC
oSRPOXr0qCopKVEnT55UZWVlqry8XFVUVKgzZ86os2fPqsrKSlVVVaWqq6tVTU2Nqq2tVXV1dVru
1dDQoDwej5aLNTU1aXmZPkPTZ2uBsrdoEQAmUFm5cqXhHP/0pz9tc52bNm0y1JmXlxd2nxkzZqhT
p06Zug4+//zzgOFUoKL/wfbOO+8oEVHz589X58+fD3ucd999V2VkZAStO9CPylB+97vfhWxfqB+U
vp8jPT1dbdy4MeBxAv3gDHQeXn311bBtXrFihXK73Urkqx/f//znP8Puc/DgQTV8+HDT18vYsWPV
iRMnwtbrVVhYqLKysoLWt3PnTtN1KaVUfn5+1N9Lsl/DsSh33323X2ARzIEDB9SkSZNM1x2vc6ov
ixcvVh6PJ2z927dvV+np6VEHL5Gcp5MnT6qbb7455t9VtPebWF1zvv+DKNL/4TR79mzDsRYuXBhw
u1jfU9py/szeP6y6DikUCoVCoVAoyVUIAAkAY1Y+++wz7fyWlZXFpE63263S0tK0Em77BQsWBL2g
Qi0P9uNPX3x/yD700EOmj6GUUuvWrQtat50B4PLly4Mex0wA+MQTT5g+B08//bRyu91q7969fuuC
7VdSUqK6desW9vt5/PHHDT0J9Zqbm4P+IP7oo49UampqwDrtCACT9Rpua3nsscdUS0tLRJ+7sbFR
TZw40dZz6r1PrVmzJuh5C3SMLVu2qNGjRxuWmQleHn300YjPU1NTk7r33ntj+n1Fe7+J5TW3fft2
bbvz58+rfv36mW7/rl27tH2bm5tVdna2JfeUtpy/cPcPK69DCoVCoVAoFEryFQJAAsCYlN69exu+
yLffftvyNsyaNcvve961a5f6xS9+oXJycpTb7VY5OTlqxowZhh+OXg8//HDI+vU/xD788EN19uxZ
pZRSJ06cUL/+9a/VyJEj1UUXXaSuv/569cADD6hjx475HSNYr8irrrpK5ebmqtzcXHXfffcZ9vmv
//ovbZ23dO3aNWT7zP6gPHTokNaLprKyUi1btkw99NBD6qabblJ33HGHuv3220Puv3fvXm1o7O7d
u1VBQYHq3bu36tOnj5o6dapf0NfQ0KDeeOMNbf4f//iHmjp1qsrOzlZdu3ZVY8eOVW+++aZf76A/
/OEPIb+bKVOm+IUiJ06cUL/97W/V0KFDVVpamnK73WrIkCHqiSeeUFVVVYZtn3766aDXdSTfS+fO
naP+XpL9Gm5Luffee/3+Q7Bnzx41a9Ys1a9fP5WamqqGDh2qZs2apQ4ePGjYrrKyUg0bNsy2cyry
VY8rvdbWVrV+/Xp11113qd69e6vU1FR19dVXqzlz5hj+R8nq1asN+4ULXmbMmOF3nnbs2KGmT5+u
evfurUREZWdnq5kzZ/qdp7q6OjVy5MiYfWfR3G9ifc09+OCDhu2eeOIJU23v27evoffge++9Z9k9
pS3nL9z9w6rrkEKhUCgUCoWSnIUAkAAwJmXq1KmG8/vYY49Zevzc3FzDM9paWlrCtmH27NmGoKmm
pkYNHjw46Pb6H2Jeb731VtAhahkZGX5Da3fu3Bn2s0yaNMmwj9nnr0Xzg9Lr3XffVX369In4OF7P
PfecNrzXt7z99tsB/w3OnTs36DEefvhhw7ZHjhwJum1aWpo6fvy4Yfu33347ZI/RIUOGqPr6em17
Mz1W4/29OOkajqRkZ2droZBSX92bFyxYEHR7t9ut/vSnPxnaFOy8WnFOR44caegl5vF41N133x10
+86dO6s333zT73tQKnTw0rdvX/Xll19q2zY0NKj58+eHPM6yZcsM/4E1O4Q0ltd1PK+59PR0wzME
P/roI1NtX7BggaF+32dKWnFPiXUAaNV1SKFQKBQKhUJJ3kIASAAYk+Ib2ETybK5YlL/85S+G4z/1
1FOm9lu4cKFhv5UrVwbd1veH7JEjRwL2+NKXPn36GHqGeDweddFFF4Xcx+oA8OOPP47oRQG++4d7
9lZWVpbfCzTMhEj6IXqtra3qiiuuCLhdZmamWrhwoTpw4IBSSoV8mL++LF261NCmMWPG2Pq9OOka
jqQsW7bM0KYlS5aY2s/3GZLf//73bTmn69evN2z7q1/9Kmz9brdbFRUVKV+hgpeXX37ZsO39999v
6rP4ti9W9+Zo7zexvub+9re/adu1traGDGu9Rd8zubKy0q9uK+4psQ4ArboOKRQKhUKhUCjJW5I9
AEwRJIRvfOMbhvkzZ85Yduxu3brJj3/8Y8Ox586da2rfuXPnSnl5uTZ/8803S69evUztO2/ePKmp
qQm5zeHDh2X16tXafMeOHWX48OGm6rfKQw89JPX19VHv/5vf/Cbk+tLSUjl48KBh2fLly8PW+8EH
H2jTLpdLvv3tbwfcrqKiQh555BHJycmR73//+3LvvfeaaLXIzp07DfN9+vQxtV88tNdrODMzU8aN
G6fNnz17VubNm2dq30WLFklTU5NWbrjhBsN6K85p3759ZcSIEdp8SUmJPP3002Hrb25ulmeeecZU
W0REMjIy5NZbb9XmCwsLZdGiRab2feSRRwz/vm+77TbTx42HWF9zK1eu1KZdLpfcddddIeseOHCg
DBw4UJvftGmTVFVVGbZJtnuKVdchAAAAYCcCwARx0UUXGeYrKiosO/bNN98sF154oTa/YsUKvx90
wdTX18vrr7+uzXfq1EluuummsPu1trbK2rVrTR3j008/Ncx37drV1H5WqK2tlQ0bNkS9f0NDg2zZ
siXsdsePHzfMFxcXh93HNzS85JJLwu6zbds2+fe//x12OxGRzz77zDDfrVs3U/vFQ3u9hm+55RbD
vePll182BG+hrF69Wjp27KgV3yDainN64403yte+9jVtftmyZdLc3GzqGH/5y1/kk08+MbXtLbfc
IhdffLE2//vf/97UfiIi//73v2XHjh3a/JAhQ0zvG2vxuOZWrVolJ0+e1ObHjBkTst7JkyeLy+XS
5vXfcyDJcE+x6joEAAAA7EQAmCAaGxsN8506dbLs2Nddd51h/rnnnoto/8WLF4tSSpu/9tprw+5z
6tQp+fLLL03V7/tDVv9D3m5Hjx5t0/7Hjh0z9UOztbXVMH/48OGw+9TW1hrm3W53ZI0Lwe12y09+
8hPDsrS0tJjVH6n2eg37fu7XXnstJvUGqjse5/Saa64xzL/44osRHWPr1q2mttN/lrq6Otm0aVNE
xzly5Ig2nZWVZVtv13hdc3//+9+16ezsbL/eoHpjx47Vpo8fPy5r1qwx1Z5w7LynWHUdAgAAAHbq
YHcD8JWzZ88a5i+99FLLjn3llVdq01VVVXLo0KGI9j9+/LicO3dOG8asry+YSHo41tXVGeZTUhIn
tzbbSySYhoaGqPbzDQTjJTU1VYYMGSL9+/eXrKwsycrKkp49e0rfvn3lsssus6QNZrTXazg7O1ub
rq+vlwMHDsSkXhFrzukVV1yhTZ87d05Onz4d0TFKS0tNbacf/l5RUSHTpk2L6Dj6npAiIpdffrmp
ED7W4nXNLVu2TO655x6tZ98dd9wh27Zt89vu+uuvN5xLfXBoViLeU6y6DgEAAAA7EQAmCN8A0Mrh
lPohhGaHD/o6ffq09kPfdzhzIFYFWIjcmDFjZPLkyfKd73xHevXqJR07drS7SWG112tY36urrKws
pnVbcU67dOmiTX/++ecR119SUmJqO/156tWrlyxZsiTiY+nZ9RiCeF1zRUVFUlxcLN/5zndERGT0
6NEBt7vzzju1aaWULFu2zFT9iX5Pseo6BAAAAOyUOF2p2jnf3iTeH2JW0Pdu+eKLL6KqQ7+f/scU
ksfdd98thw4dkvXr18ukSZMkOzs75A9132cM2qm9XsP6zx1tSGem7nidU/0xzA5t1dM/uy6Uzp07
R1x3KOnp6TGtLxG89dZb2nTPnj0NQ3299M8H9IaGoSTLPcWq6xAAAACwEz0AE8SWLVukurpa+5Gs
f8tivHk8Hm062uBD/wM72mGtsM/cuXPlscceMzzc3+uLL76Q0tJSKSsrk5KSEjl48KBs3bpVWltb
E+bh9+31GtZ/bt83icey7nidU/2yaJ6LaLandFNTkzZdXV3d5md3WvmWdqu8+uqrMmfOHO35sxMn
TpT169dr60ePHm14k7M+MAwkme4pVl2HAAAAgJ0IABNEc3Oz7Nu3T66//noR+SoAzMnJafMzve65
5x7Dw/efeuop+eijjwzbVFdXa9PRDm3T/wAy+6ZQJIbhw4fL7NmzDT/UDxw4IMuXL5e33nrL72UC
Xvrnz9mtvV7D+s8d6+enWXFO9cf45je/GXH9+kAqFP2xv/jiCxk0aFDEx3K6srIy2bZtm9bLLz8/
37D+jjvu0Kbr6+tDDv9NtnuKVdchAAAAYCeGACeQzZs3a9Nut1vuu+++NtXndrtlzpw5MmXKFJky
ZYrcdtttcvz4cb/tTp06pU1nZmZGPFzO7XYbAoJIH6AOe/385z+XDh3+//8FrF69WgYOHChPPvlk
0B/qIrF9q3BbtddrWP/cv4svvlguv/zymNVtxTnVP28tIyMj4qG1PXr0MLWd/ji9evUy9YzH9uiN
N97Qprt27Sq33367Nj9q1ChtesuWLSGHnCfbPcWq6xAAAACwEwFgAlmyZImhp8qdd94pV199ddT1
TZ06Vbp3767N7927N2AvnD179mjTKSkpMnXq1IiOM23aNMOPPX19SHz9+vXTpuvr6+Wuu+4y9Xbj
AQMGxLNZEWmv1/AHH3xgmP/xj38cs7qtOKd79+7Vpl0ul/zkJz+J6BjXXHONqe30x+7QoYN873vf
i+g47cVf//pXQ7A3YcIE7a++N+fKlStD1pNs9xSrrkMAAADATgSACaSiokJWrVqlzXfp0kVeeOGF
qHpFdOvWTR588EHDsmBDtjZs2CBKKW2+oKAgomNNnz5dm1ZKybvvvhvR/rCX/tlx+/fvl/r6elP7
DRkypE3H/drXvtam/fXa6zW8fv16w5th//M//9P0vgMHDpStW7dq5Wc/+5lhvRXnVN/rOdJjjBkz
xvQ1uHHjRsNnufvuu00fR0Rk0KBBjnzxh6/m5mbDc/9++MMfSlpamhYEinzVW+5//ud/QtZj1z0l
WlZdhwAAAICdCAATzPz58w1D77773e/K2rVrIxp+l5mZKWvXrjX0wjh48KC88sorAbf/8MMPpbCw
UJsfMGCATJo0ydSxxo8fb3hj8e7du2XXrl2m2wr76Z9/demll5rap0+fPjJ58uSIjnP+/HnDfCyH
zbXXa7i4uFi2b9+uzV955ZWmQ8AHHnhAbrjhBq3s37/fsN6Kc/ree+/Jv/71L8MxJk6caOoYM2fO
NLWd9/i7d+/W5seNGye33XabqX3T09Nl3bp1UlZWJjt27JDHH3/c9HGT0Z///GdtOj09Xe688075
4Q9/qC1bu3Zt2N58Vt1TYsWq6xAAAACwEwFggjlx4oTcf//90tLSoi0bNWqUbN++XXs4eyh33HGH
bN682fDju7GxMezzBBcvXmzoIfPss88aXh4SSF5enjz//PPavFJKnnvuubBtRGI5dOiQNn355ZeH
/eGbmZkpr7zyimRkZER0nBMnThjmhw8fHtH+4bTXa/i5554zfO558+bJD37wg5D7TJ061fBSh08+
+SRgQGfFOf3Tn/5kmH/mmWfCvqRjzpw5fi+pCEf/WVwul/z3f/+3jBw5MuQ+qamp8vLLL0u3bt2k
U6dOct1118m3vvWtiI6bbLZt22Z4+dSCBQsM/9Zfe+21sHVYdU+JJauuQwAAAMAuBIAJaNWqVTJ/
/nzD0L4BAwbI2rVrpbCwUB599FHJz8+X7OxsGTRokEyePFnmzZsne/fulRUrVkhubq62X2trq/zm
N7/xG+Lk680335Tly5dr85dccols2rRJ5s6da3j2k8hXD4d//PHHZfPmzYbeHW+88Yb89a9/bevH
h8VWrlxpCEZeeOEFefDBByU1NdWwndvtlmnTpklxcbEMHz7cEFKb8f777xt6t1577bXy5ptvyo9+
9CMZMmSIqYA7lPZ6Da9atUpef/11bT49PV3+/ve/y8KFCyUrK8uwbVZWlixevFj++Mc/akOwlVLy
7LPPBqzbinO6ePFi+ec//2moZ8uWLfLrX//ab9htbm6urFixQubPny8ul0t27twZtF5fK1asMDy7
rkePHrJu3TpZunSp9O3b12/7cePGydatW2X8+PHastraWlmwYIHpYyarNWvWaNP6F7ns27fP0OM0
GKvuKbFk1XUIAAAA2EZFqbW11a+0tLRo5fz581ppbm5Wzc3NqqmpSTU2NqrGxkbl8XhUQ0ODqq+v
V/X19aqurk7V1taqmpoaVV1draqqqlRlZaU6e/asOnPmjKqoqFDl5eWqrKxMnTx5UpWUlKijR48q
EXFsuf/++1VTU1O0X5FqbGxUDz74oOnjXXTRRaqwsNCvnvr6erV//361Y8cOtX//flVXV+e3za5d
u1RGRkbI+vfv369tX1RUZLpd+fn5hmP96le/Crn9pEmTDNtPnz7d1HHMti/az9GW/V9//XXDZwp3
rkVETZ482bDPtGnTgm770ksv+X2nFRUVas+ePWrjxo3qwIEDqr6+3rB+4cKFhvlFixaFbdOsWbNU
a2ur37GU+uqe0qtXrzadL6dcw5GW9PT0gJ/b4/Go/fv3q507d6rPPvtMeTwev22effZZW8+piKjs
7Gx17Ngxv/1ramrUvn371M6dO9Wnn36qWlpatHXHjh1T2dnZhu1nz54d9jzt2LHD7zhKKXXmzBlV
VFSkiouL1eeff+63vqGhwfS9JJb3ATuuud69ewf8b8+8efNM1xHve0o8zp9V1yGFQqFQKBQKJTnL
0aNHVUlJiTp58qQqKytT5eXlqqKiQp05c0adPXtWVVZWqqqqKlVdXa1qampUbW2tqqur03KvhoYG
5fF4tFysqalJy8v0GZo+WwuUvUWLHoAJbNGiRXLjjTf6venTjH379kl+fr489dRTpvepqqqS/Px8
+dvf/mYY9tepUyfJycmR6667TnJyciQtLU1bp5SSd955R0aNGiVffvllxO1EYrjvvvv8evZccskl
MmTIEBk5cqT069dPOnXqpK178cUX5dVXX434OM8884zhGWN6Lpcr7JDMcNrrNXzu3DkZO3asrF69
2vC5O3bsKDk5OTJ06FDp06ePdOzYUVvX3Nwsr7zySthnmFlxTj/99FMZO3asYeipiMiFF14oubm5
MnToUOnbt6+kpHz1n6zy8nKZMGGC1NbWhq1b79y5czJy5EhZtWqV4bOIiGRkZMjgwYNl4MCBhl5v
3nMwZcoUefHFFyM6XrI6cuSI7Nixw7CssbEx6IukArHqnhJLVl2HAAAAgB0IABPcpk2b5JprrpGC
ggLZsGGD1NTUBN22trZWtm7dKlOmTJGrr75atm3bFvHx6uvrZcKECXLrrbfKrl27gj7s/fz58/L+
++/LxIkT5ZZbbgnZLiQ+j8cjw4YNk1mzZsnJkyeDbnfgwAG599575ec//7lhiHokfvrTn0pBQYEc
PnzYb53+2ZXRaq/XcE1NjYwfP15uv/122b17t99LV7yUUrJp0yYZPny435t/g7HinB48eFAGDx4s
v/vd76S0tDRo/StXrpTvfe978uGHH5qu2/ez3H777fKjH/1Itm3bJh6PJ+i2p06dkj/84Q9y1VVX
Gd7Q3h74ft7CwkI5duyY6f2tvKfEklXXIQAAAGA1l/LtBmFSoN30ywJNK6X8pgPN60tra6u0trZq
0+fPn9eWtbS0OP6B7L46d+4sw4YNk6ysLPnmN78pKSkpcvbsWTl8+LBs2bIl5I/ZaFx++eUyZswY
ueyyy+Qb3/iGnDt3Tk6dOiUbNmyQ48ePx/RYSAxpaWkyfPhwycnJkT59+ohSSo4fPy4ff/yx/O//
/m9Mj5WdnS15eXmSmpoqJ06ckG3btoV9w2ik2us13KtXL8nPz9c+d21trZSWlsqGDRvkyJEjbarb
inM6evRorTdeS0uLlJWUYQS1AAARt0lEQVSVyYYNG+TgwYMxqd8rIyNDbrzxRunRo4dceumlUl1d
LSUlJXLo0CHZs2dPzO+p7ZGV95RYs+o6BAAAQOI7evSoXHDBBZKSkiIpKSnSoUMHSUlJEZfLpS1z
uVwBi4gEnfdOewWbDrXMDAJAAAAAAAAAIIRkDwAZAgwAAAAAAAA4GAEgAAAAAAAA4GAEgAAAAAAA
AICDEQACAAAAAAAADkYACAAAAAAAADgYASAAAAAAAADgYASAAAAAAAAAgIMRAAIAAAAAAAAORgAI
AAAAAAAAOBgBIAAAAAAAAOBgBIAAAAAAAACAgxEAAgAAAAAAAA5GAAgAAAAAAAA4GAEgAAAAAAAA
4GAEgAAAAAAAAICDEQACAAAAAAAADkYACAAAAAAAADgYASAAAAAAAADgYASAAAAAAAAAgIMRAAIA
AAAAAAAORgAIAAAAAAAAOBgBIAAAAAAAAOBgBIAAAAAAAACAgxEAAgAAAAAAAA5GAAgAAAAAAAA4
WNIHgC6Xy+4mAAAAAAAAwKGckD0lfQCYmppqdxMAAAAAAADgUE7InpI2APSmr126dLG5JQAAAAAA
AHAqb/aUzD0Bky4A9D3ZXbt2taklAAAAAAAAcDrf7CkZg8CkCwD1XC6X9OjRw+5mAAAAAAAAwKF6
9OiRlKGfXlIGgPqT3rdvXxtbAgAAAAAAACfTZ0/JGgQmRQAY6uT279/fwpYAAAAAAACgPQmVPSVL
IJgUAWAogwcPtrsJAAAAAAAAcCgnZE9JFQC6XC5DsupyuaRLly6Sl5dnY6sAAAAAAADgRHl5edKl
Sxe/PCpZev55JVUA6OV70keMGGFjawAAAAAAAOBEI0aM8MuhklFSBoAixrR1zJgxNrcGAAAAAAAA
TuPNnJKx159e0gSA3pMcaBhw9+7d6QUIAAAAAACAmBkxYoR079496PDfZAoEkyYA9OV78idOnGhj
awAAAAAAAOAkEydOdMTwX5EkCwADnWjvshtuuEH69etndZMAAAAAAADgMHl5eXLDDTeISOg8Klkk
VQDo5e1u6TsseNy4cTa3DAAAAAAAAMmuoKAgYPaUbMGfV1IGgL68J3/w4MGSlpZmc2sAAAAAAACQ
rMaMGROy918ySroAMFjy6v3bpUsXx3w5AAAAAAAAsE5qaqr88pe/DNn7Lxlzp6QLAIPxfhEdOnSQ
iy++2O7mAAAAAAAAIMnMnj1bsrKyknq4byBJGQCGS2C//vWvy9e//nXb2gcAAAAAAIDkMnHiRJkw
YYKIhM+ekk1SBoAixhMe6EGM6enp0r9/fzuaBgAAAAAAgCRy3XXXyeOPPx5w6K9XsoZ/IiIupZSK
ZsdAu+mXBZpWSvlNB5rXl9bW1qDzLS0t2t/W1la/UllZKQUFBbJ///5oPiIAAAAAAAAcrn///vLS
Sy/JxRdfLCkpKX7lggsuEJfLpf11uVySkpJi6JDmOx+o52CwcDFYyBgocIw2hEzaHoAigbtj6kuX
Ll1k8eLF9AQEAAAAAACAn/79+8vixYu1l8qGCvCSWVIHgCL+IaB+2uVySWZmprzwwgsydOhQO5sJ
AAAAAACABDJ06FB54YUXJDMz03QPvWSV9AGgXrAQsEuXLvL8889rD3IEAAAAAABA+zVhwgR5/vnn
/Xr+ifg/+88JOtjdgFhwuVyGZw565327bM6ZM0f69esnv//978Xj8djYYgAAAAAAAFgtNTVVHn74
YRk/frypob5OCQId0wPQ94sK9nzA8ePHy6pVq2TUqFG2tRUAAAAAAADWGjVqlKxatSps+Oekob9e
Sf0WYO90oDcD698OrN9eXwoLC+XPf/6zFBcXR3MKAAAAAAAAkOAGDRokU6ZMkWHDhvm94Vf/Fl/9
W34DvfHXd/tkeguw4wJAb7jnG/gFCgG9y7Zv3y6rV6+W9957L5pTAQAAAAAAgAQzfPhwGTdunFx/
/fWGoC5Q+KdfFmg9AWCQZXYGgIGCwFBBobecOnVKNm/eLIWFhfKvf/0rmtMCAAAAAAAAmwwcOFCG
DRsmI0aMkMsuu8wvpAsV7PmGgASAkvgBYKgQUES0dd5p/V+llNTU1Mi+ffvkk08+kWPHjklZWZlU
VFRITU2NNDY2Bvz8AAAAAAAAiB+XyyUdO3aUzp07S2ZmpnTv3l2uuOIK+fa3vy0DBgyQzp07ayFZ
SkqK31/9dLDwjwBQJ1kCwFDrg5VAn4/ADwAAAAAAILH4BmLBXgrrWyIJ+JwQAHaIaq8k4z05SinD
tH5doH30oZ/vfgAAAAAAALBHuHAsUAinX+477XTtIgD00od6wYLAUNvolwEAAAAAAMB+oXoB6peF
613nZO0qABQJHvwFWxZoHwAAAAAAANgrXIhnJghsLxwRAPoO1zW7j1eoMDDYPgAAAAAAAEgsoYYG
R5PrOCULckQAGIzZYJChvgAAAAAAAM4SSbbj9Bwoxe4GhBNsOG6gdeG2D7at/vXQwR4SCQAAAAAA
gMQU6C2/3uX6v8H2DTXvuyyS7ClR2N4DMNrhu777+L68I1hvvkBvAvatR78uGb5EAAAAAAAAhA/6
fN8A3NaOZ21tk1WiDgCjCe6i3S/UPsGCv2D7BAoHvaEgQ4ABAAAAAACcIVjvv2CZT7DwL5Leg5G0
y6r9RGweAhzpWGwzX0SgN7sES2x9LwSG/QIAAAAAACS3SDKfQNlRJJlTJG2yU0yHAJvpgRdoW/0y
r0C98kIdw3faW0eguvX1BzqW3V8KAAAAAAAA2iZQ+Bfq3Q/RBIHBjhXN8GGzvQ6jYfszAIMJNjRX
v847LRL42X7hTlagEBAAAAAAAADOECr8CxYGBtpHvy7QMYKtSxQJEwCGe86fV7BefsF68IWrM1Dw
F82zDQEAAAAAAGC/QIFduCG7ZoYCm33sXKD97WZJABiqN59+vdm6RAIHgaGCQgAAAAAAADhfuADQ
TO+/UD0AY/HsP6t7DdrSAzDUswKDffBgzwsM1usvkuG/ZpYDAAAAAAAgOQR6CYj3b7hhwOGGBfse
J1SgqD+277SV2hQAmnk+XyQvAjE7DFgkeA+/tgZ4kfRGBAAAAAAAQGIJ1gPQ+zfSEDBYD8FIhv+G
y6rMPmcwWknzDMBQbwwWYcgvAAAAAAAA2h4ARhL48QxAH77PAYxkGHCoXn3xCP4S6QsCAAAAAABA
dKINAMMFgWZ6C+qPG6wtVrG9B2Akw4CD7W/HcQEAAAAAAJC4gj3DL9IQMNLsKdLhv1ZocwAYzXMA
Qw3ptXooL8EfAAAAAACA8wTrcRdNABhtj8FgbQq2LB7P/xOxuAdgsF53ZnvjhfrAkbz8I1z9BIIA
AAAAAADJKVgPvEh7AYbbLtJjh9ou3mwfAuzLt/egnpk3Coc7gYF6JwYKIAEAAAAAAJDcgvX+00+H
Cv/C1R2s91+iiUkAGMkwYN/QzTe4M/tikGBChYCh2slQYAAAAAAAAOcIFOSZ6eEXbHm4XoDBhgAH
+xtqOtSyaCRkD0AR/2cBRhIGRtoTMFC9hIEAAAAAAADJJVSIZqYXYKBl4UK/YMFfIolrABhNL8BA
wV+gocChTqbZHomhev8l4pcFAAAAAAAA80L1wosmBAy3vZnj+m7jOx0PMQsAYzmENlRw6BXqbcGR
DAMONgQZAAAAAAAAySlU0BYsDAw3LDjQtqGOFcvP0FZxHwLc1l6AwZ4P6NWW4b6RvmkYAAAAAAAA
ySWSXoD66WDL9PWG6tmXKL3/RGIcAEbbCzBQCCgipocFmwkBwx3XWw8AAAAAAACSX7jAzUwAGGo+
XH2+x4227bFgyUtAwvUCDLdfoOAvmtAvVC9DM+0BAAAAAABA4jMT/vn+NRP4hZpuS3viLeYBoJkQ
LdSQ3EiHBEcbCDIEGAAAAAAAwPnMDtONNvAzM+TXd1sz7Y0lS3oAioQO3Mw8F1BEAi4ze9xAgaJ+
G2/9AAAAAAAASH6+2VG4oM5s6Gd2XbB2hFseD3EJACPtBWi2R6CIfwgYy16ADAEGAAAAAABIfsHC
P/10pEGg2XXhjhtJu2PFsh6AIqEDt3BDfgOFe9H0CDTTRgAAAAAAADhHtAGg799IevyFCv+szp/i
FgCaGfIbbF0kw4Lb2jZ6/QEAAAAAADhXsCCuLUFgoL/BloVqj5nlseBScU6/AlXvu0w/H2460r/h
loVqJwAAAAAAAJJXJEOBAy2LJvwLNR1oPtiyWLIlAAy0PBYhoNl1wdpFCAgAAAAAAOAMkTyTL5Je
fbEO/0Itj5W4B4Ai8QkB9dPRhH4EgAAAAAAAAM4VTQCon25r4Jco4Z+IRQGgiHUhYDTTZtoJAAAA
AACA5GAmbIsmDIxm2mx74sn2ADDQOjPP6jOzPJpn/hEAAgAAAAAAJDezgVskwZ+Z5eHWmW1nrFkW
AIpEHwL6zre1t18k7QAAAAAAAEByiSR0a0vvvnBhXyKEfyIWB4Ai8QkBQ62j5x8AAAAAAED7FKue
gJGuC3XscOviwfIAUCR2IaDvfKT7hmsLAAAAAAAAkl+4F4KEm4807Euk8E/EpgBQpG0hYLhtzAZ9
hH8AAAAAAADtg5kQ0HeZmWAv0cM/ERsDQJHIn8XX1mDQ7LEBAAAAAADgPNEMCW7LNmbXxZutAaBI
20PAti6LZhsAAAAAAAAkLjNhWzQ9AiNdFkl74sn2AFAkfOgWr9AvAT46AAAAAAAALBBpQBeL4M/M
eiskRAAoEl0IGGw5oR8AAAAAAACCiUUYGK4eM+utkjABoEjbhuhG+6y/BPr4AAAAAAAAiINog7po
gz+z21gloQJAAAAAAAAAALGVYncDAAAAAAAAAMQPASAAAAAAAADgYASAAAAAAAAAgIMRAAIAAAAA
AAAORgAIAAAAAAAAOBgBIAAAAAAAAOBgBIAAAAAAAACAgxEAAgAAAAAAAA5GAAgAAAAAAAA4GAEg
AAAAAAAA4GAEgAAAAAAAAICDEQACAAAAAAAADkYACAAAAAAAADgYASAAAAAAAADgYASAAAAAAAAA
gIMRAAIAAAAAAAAORgAIAAAAAAAAOBgBIAAAAAAAAOBgBIAAAAAAAACAgxEAAgAAAAAAAA5GAAgA
AAAAAAA4GAEgAAAAAAAA4GAEgAAAAAAAAICDEQACAAAAAAAADkYACAAAAAAAADgYASAAAAAAAADg
YASAAAAAAAAAgIMRAAIAAAAAAAAORgAIAAAAAAAAOFgHuxsAAEB7tXHjRikqKpLS0lJpaWmxuzkA
EBcXXHCBZGVlSV5enowaNcru5gAA0C65lFLK7kYAANCeVFRUyEsvvSQlJSV2NwUALNWzZ08pKCiQ
zMxMu5sCAEC7whBgAAAsRvgHoL0qKSmRl156ye5mAADQ7hAAAgBgoY0bNxL+AWjXSkpKZOPGjXY3
AwCAdoUAEAAACxUVFdndBACwHfdCAACsRQAIAICFSktL7W4CANiOeyEAANYiAAQAAAAAAAAcjAAQ
AAALZWVl2d0EALAd90IAAKxFAAgAgIXy8vLsbgIA2I57IQAA1iIABADAQqNGjZKePXva3QwAsE3P
nj1l1KhRdjcDAIB2hQAQAACLFRQUEAICaJd69uwpBQUFdjcDAIB2x6WUUnY3AgCA9mjjxo1SVFQk
paWl0tLSYndzACAuLrjgAsnKypK8vDx6/gEAYBMCQAAAAAAAAMDBGAIMAAAAAAAAOBgBIAAAAAAA
AOBgBIAAAAAAAACAgxEAAgAAAAAAAA5GAAgAAAAAAAA4GAEgAAAAAAAA4GAEgAAAAAAAAICDEQAC
AAAAAAAADkYACAAAAAAAADgYASAAAAAAAADgYASAAAAAAAAAgIMRAAIAAAAAAAAORgAIAAAAAAAA
OBgBIAAAAAAAAOBgBIAAAAAAAACAgxEAAgAAAAAAAA5GAAgAAAAAAAA4GAEgAAAAAAAA4GAEgAAA
AAAAAICDEQACAAAAAAAADkYACAAAAAAAADgYASAAAAAAAADgYASAAAAAAAAAgIMRAAIAAAAAAAAO
RgAIAAAAAAAAOBgBIAAAAAAAAOBgBIAAAAAAAACAgxEAAgAAAAAAAA5GAAgAAAAAAAA42P8BKHBV
eu8+5pIAAAAASUVORK5CYII=
" width="800px"&gt;</msg>
<doc>Takes a screenshot of the current page and embeds it into the log.</doc>
<status status="PASS" start="2025-02-24T15:03:02.134979" elapsed="0.375606"/>
</kw>
<kw name="Close Application" owner="AppiumLibrary">
<doc>Closes the current application and also close webdriver session.</doc>
<status status="PASS" start="2025-02-24T15:03:02.510905" elapsed="0.629071"/>
</kw>
<status status="PASS" start="2025-02-24T15:02:34.550754" elapsed="28.590173"/>
</test>
<status status="PASS" start="2025-02-24T15:02:34.283190" elapsed="28.859403"/>
</suite>
<statistics>
<total>
<stat pass="1" fail="0" skip="0">All Tests</stat>
</total>
<tag>
</tag>
<suite>
<stat name="Test001" id="s1" pass="1" fail="0" skip="0">Test001</stat>
</suite>
</statistics>
<errors>
</errors>
</robot>
